1.5814 	WARNING 	We strongly recommend you activate the PTB sound engine in PsychoPy prefs as the preferred audio engine. Its timing is vastly superior. Your prefs are currently set to use ['sounddevice', 'PTB', 'pyo', 'pygame'] (in that order).
10.3538 	WARNING 	User requested fullscreen with size [1024  768], but screen is actually [1920, 1200]. Using actual size
11.1211 	EXP 	Created window1 = Window(allowGUI=False, allowStencil=False, autoLog=True, backendConf=UNKNOWN, bitsMode=UNKNOWN, blendMode='avg', bpc=(8, 8, 8), color=array([0, 0, 0]), colorSpace='rgb', depthBits=8, fullscr=<method-wrapper '__getattribute__' of attributeSetter object at 0x7ff5299fd4f0>, gamma=None, gammaErrorPolicy='raise', lms=UNKNOWN, monitor=<psychopy.monitors.calibTools.Monitor object at 0x7ff52b7e3880>, multiSample=False, name='window1', numSamples=2, pos=[480.0, 300.0], screen=0, size=array([3840, 2400]), stencilBits=0, stereo=False, units='height', useFBO=True, useRetina=True, viewOri=0.0, viewPos=None, viewScale=None, waitBlanking=True, winType='pyglet')
11.1213 	EXP 	window1: mouseVisible = True
11.1213 	EXP 	window1: Attempting to measure frame rate of screen (0) ...
11.1213 	EXP 	window1: recordFrameIntervals = False
11.2874 	EXP 	window1: recordFrameIntervals = True
11.4708 	EXP 	Screen (0) actual frame rate measured at 60.04Hz
11.4708 	EXP 	window1: recordFrameIntervals = False
13.7097 	EXP 	Created text_2 = TextStim(__class__=<class 'psychopy.visual.text.TextStim'>, alignHoriz=method-wrapper(...), alignText='center', alignVert=method-wrapper(...), anchorHoriz='center', anchorVert='center', antialias=True, autoDraw=False, autoLog=True, bold=False, color=array([1., 1., 1.]), colorSpace='rgb', contrast=1.0, depth=0.0, flipHoriz=False, flipVert=False, font='Open Sans', fontFiles=[], height=0.05, italic=False, languageStyle='LTR', name='text_2', opacity=1.0, ori=0.0, pos=array([0., 0.]), rgb=UNKNOWN, text=str(...), units='height', win=Window(...), wrapWidth=1)
13.7153 	EXP 	Created text = TextStim(__class__=<class 'psychopy.visual.text.TextStim'>, alignHoriz=method-wrapper(...), alignText='center', alignVert=method-wrapper(...), anchorHoriz='center', anchorVert='center', antialias=True, autoDraw=False, autoLog=True, bold=False, color=array([1., 1., 1.]), colorSpace='rgb', contrast=1.0, depth=0.0, flipHoriz=False, flipVert=False, font='Open Sans', fontFiles=[], height=0.05, italic=False, languageStyle='LTR', name='text', opacity=1.0, ori=0.0, pos=array([0., 0.]), rgb=UNKNOWN, text=str(...), units='height', win=Window(...), wrapWidth=1)
13.7166 	EXP 	Created text_3 = TextStim(__class__=<class 'psychopy.visual.text.TextStim'>, alignHoriz=method-wrapper(...), alignText='center', alignVert=method-wrapper(...), anchorHoriz='center', anchorVert='center', antialias=True, autoDraw=False, autoLog=True, bold=False, color=array([1., 1., 1.]), colorSpace='rgb', contrast=1.0, depth=0.0, flipHoriz=False, flipVert=False, font='Open Sans', fontFiles=[], height=0.05, italic=False, languageStyle='LTR', name='text_3', opacity=1.0, ori=0.0, pos=array([0., 0.]), rgb=UNKNOWN, text='', units='height', win=Window(...), wrapWidth=1)
13.7226 	EXP 	Created text_6 = TextStim(__class__=<class 'psychopy.visual.text.TextStim'>, alignHoriz=method-wrapper(...), alignText='center', alignVert=method-wrapper(...), anchorHoriz='center', anchorVert='center', antialias=True, autoDraw=False, autoLog=True, bold=False, color=array([1., 1., 1.]), colorSpace='rgb', contrast=1.0, depth=-1.0, flipHoriz=False, flipVert=False, font='Open Sans', fontFiles=[], height=0.05, italic=False, languageStyle='LTR', name='text_6', opacity=1.0, ori=0.0, pos=array([ 0. , -0.3]), rgb=UNKNOWN, text=str(...), units='height', win=Window(...), wrapWidth=1)
13.7272 	EXP 	Created text_7 = TextStim(__class__=<class 'psychopy.visual.text.TextStim'>, alignHoriz=method-wrapper(...), alignText='center', alignVert=method-wrapper(...), anchorHoriz='center', anchorVert='center', antialias=True, autoDraw=False, autoLog=True, bold=False, color=array([1., 1., 1.]), colorSpace='rgb', contrast=1.0, depth=0.0, flipHoriz=False, flipVert=False, font='Open Sans', fontFiles=[], height=0.05, italic=False, languageStyle='LTR', name='text_7', opacity=1.0, ori=0.0, pos=array([0., 0.]), rgb=UNKNOWN, text=str(...), units='height', win=Window(...), wrapWidth=1)
13.7319 	EXP 	Created text_8 = TextStim(__class__=<class 'psychopy.visual.text.TextStim'>, alignHoriz=method-wrapper(...), alignText='center', alignVert=method-wrapper(...), anchorHoriz='center', anchorVert='center', antialias=True, autoDraw=False, autoLog=True, bold=False, color=array([1., 1., 1.]), colorSpace='rgb', contrast=1.0, depth=-1.0, flipHoriz=False, flipVert=False, font='Open Sans', fontFiles=[], height=0.05, italic=False, languageStyle='LTR', name='text_8', opacity=1.0, ori=0.0, pos=array([ 0. , -0.3]), rgb=UNKNOWN, text='You have 15 more seconds.', units='height', win=Window(...), wrapWidth=1)
13.7336 	EXP 	Created end_discuss = TextStim(__class__=<class 'psychopy.visual.text.TextStim'>, alignHoriz=method-wrapper(...), alignText='center', alignVert=method-wrapper(...), anchorHoriz='center', anchorVert='center', antialias=True, autoDraw=False, autoLog=True, bold=False, color=array([1., 1., 1.]), colorSpace='rgb', contrast=1.0, depth=-2.0, flipHoriz=False, flipVert=False, font='Open Sans', fontFiles=[], height=0.05, italic=False, languageStyle='LTR', name='end_discuss', opacity=1.0, ori=0.0, pos=array([0., 0.]), rgb=UNKNOWN, text='', units='height', win=Window(...), wrapWidth=1)
13.7404 	EXP 	Created rest_text = TextStim(__class__=<class 'psychopy.visual.text.TextStim'>, alignHoriz=method-wrapper(...), alignText='center', alignVert=method-wrapper(...), anchorHoriz='center', anchorVert='center', antialias=True, autoDraw=False, autoLog=True, bold=False, color=array([1., 1., 1.]), colorSpace='rgb', contrast=1.0, depth=0.0, flipHoriz=False, flipVert=False, font='Open Sans', fontFiles=[], height=0.05, italic=False, languageStyle='LTR', name='rest_text', opacity=1.0, ori=0.0, pos=array([0., 0.]), rgb=UNKNOWN, text=str(...), units='height', win=Window(...), wrapWidth=1)
13.7463 	EXP 	Created text_5 = TextStim(__class__=<class 'psychopy.visual.text.TextStim'>, alignHoriz=method-wrapper(...), alignText='center', alignVert=method-wrapper(...), anchorHoriz='center', anchorVert='center', antialias=True, autoDraw=False, autoLog=True, bold=False, color=array([1., 1., 1.]), colorSpace='rgb', contrast=1.0, depth=0.0, flipHoriz=False, flipVert=False, font='Open Sans', fontFiles=[], height=0.05, italic=False, languageStyle='LTR', name='text_5', opacity=1.0, ori=0.0, pos=array([0., 0.]), rgb=UNKNOWN, text=str(...), units='height', win=Window(...), wrapWidth=1)
13.7476 	EXP 	Created main_question = TextStim(__class__=<class 'psychopy.visual.text.TextStim'>, alignHoriz=method-wrapper(...), alignText='center', alignVert=method-wrapper(...), anchorHoriz='center', anchorVert='center', antialias=True, autoDraw=False, autoLog=True, bold=False, color=array([1., 1., 1.]), colorSpace='rgb', contrast=1.0, depth=0.0, flipHoriz=False, flipVert=False, font='Open Sans', fontFiles=[], height=0.05, italic=False, languageStyle='LTR', name='main_question', opacity=1.0, ori=0.0, pos=array([0., 0.]), rgb=UNKNOWN, text='', units='height', win=Window(...), wrapWidth=1)
13.7488 	EXP 	Created text_4 = TextStim(__class__=<class 'psychopy.visual.text.TextStim'>, alignHoriz=method-wrapper(...), alignText='center', alignVert=method-wrapper(...), anchorHoriz='center', anchorVert='center', antialias=True, autoDraw=False, autoLog=True, bold=False, color=array([1., 1., 1.]), colorSpace='rgb', contrast=1.0, depth=0.0, flipHoriz=False, flipVert=False, font='Open Sans', fontFiles=[], height=0.05, italic=False, languageStyle='LTR', name='text_4', opacity=1.0, ori=0.0, pos=array([0., 0.]), rgb=UNKNOWN, text='', units='height', win=Window(...), wrapWidth=1)
13.7537 	EXP 	Created text_10 = TextStim(__class__=<class 'psychopy.visual.text.TextStim'>, alignHoriz=method-wrapper(...), alignText='center', alignVert=method-wrapper(...), anchorHoriz='center', anchorVert='center', antialias=True, autoDraw=False, autoLog=True, bold=False, color=array([1., 1., 1.]), colorSpace='rgb', contrast=1.0, depth=-1.0, flipHoriz=False, flipVert=False, font='Open Sans', fontFiles=[], height=0.05, italic=False, languageStyle='LTR', name='text_10', opacity=1.0, ori=0.0, pos=array([ 0. , -0.3]), rgb=UNKNOWN, text=str(...), units='height', win=Window(...), wrapWidth=1)
13.7580 	EXP 	Created text_7 = TextStim(__class__=<class 'psychopy.visual.text.TextStim'>, alignHoriz=method-wrapper(...), alignText='center', alignVert=method-wrapper(...), anchorHoriz='center', anchorVert='center', antialias=True, autoDraw=False, autoLog=True, bold=False, color=array([1., 1., 1.]), colorSpace='rgb', contrast=1.0, depth=0.0, flipHoriz=False, flipVert=False, font='Open Sans', fontFiles=[], height=0.05, italic=False, languageStyle='LTR', name='text_7', opacity=1.0, ori=0.0, pos=array([0., 0.]), rgb=UNKNOWN, text=str(...), units='height', win=Window(...), wrapWidth=1)
13.7615 	EXP 	Created text_8 = TextStim(__class__=<class 'psychopy.visual.text.TextStim'>, alignHoriz=method-wrapper(...), alignText='center', alignVert=method-wrapper(...), anchorHoriz='center', anchorVert='center', antialias=True, autoDraw=False, autoLog=True, bold=False, color=array([1., 1., 1.]), colorSpace='rgb', contrast=1.0, depth=-1.0, flipHoriz=False, flipVert=False, font='Open Sans', fontFiles=[], height=0.05, italic=False, languageStyle='LTR', name='text_8', opacity=1.0, ori=0.0, pos=array([ 0. , -0.3]), rgb=UNKNOWN, text='You have 15 more seconds.', units='height', win=Window(...), wrapWidth=1)
13.7632 	EXP 	Created end_discuss = TextStim(__class__=<class 'psychopy.visual.text.TextStim'>, alignHoriz=method-wrapper(...), alignText='center', alignVert=method-wrapper(...), anchorHoriz='center', anchorVert='center', antialias=True, autoDraw=False, autoLog=True, bold=False, color=array([1., 1., 1.]), colorSpace='rgb', contrast=1.0, depth=-2.0, flipHoriz=False, flipVert=False, font='Open Sans', fontFiles=[], height=0.05, italic=False, languageStyle='LTR', name='end_discuss', opacity=1.0, ori=0.0, pos=array([0., 0.]), rgb=UNKNOWN, text='', units='height', win=Window(...), wrapWidth=1)
13.7678 	EXP 	Created rest_text = TextStim(__class__=<class 'psychopy.visual.text.TextStim'>, alignHoriz=method-wrapper(...), alignText='center', alignVert=method-wrapper(...), anchorHoriz='center', anchorVert='center', antialias=True, autoDraw=False, autoLog=True, bold=False, color=array([1., 1., 1.]), colorSpace='rgb', contrast=1.0, depth=0.0, flipHoriz=False, flipVert=False, font='Open Sans', fontFiles=[], height=0.05, italic=False, languageStyle='LTR', name='rest_text', opacity=1.0, ori=0.0, pos=array([0., 0.]), rgb=UNKNOWN, text=str(...), units='height', win=Window(...), wrapWidth=1)
13.7725 	EXP 	Created text_5 = TextStim(__class__=<class 'psychopy.visual.text.TextStim'>, alignHoriz=method-wrapper(...), alignText='center', alignVert=method-wrapper(...), anchorHoriz='center', anchorVert='center', antialias=True, autoDraw=False, autoLog=True, bold=False, color=array([1., 1., 1.]), colorSpace='rgb', contrast=1.0, depth=0.0, flipHoriz=False, flipVert=False, font='Open Sans', fontFiles=[], height=0.05, italic=False, languageStyle='LTR', name='text_5', opacity=1.0, ori=0.0, pos=array([0., 0.]), rgb=UNKNOWN, text=str(...), units='height', win=Window(...), wrapWidth=1)
13.7787 	EXP 	Created text_13 = TextStim(__class__=<class 'psychopy.visual.text.TextStim'>, alignHoriz=method-wrapper(...), alignText='center', alignVert=method-wrapper(...), anchorHoriz='center', anchorVert='center', antialias=True, autoDraw=False, autoLog=True, bold=False, color=array([1., 1., 1.]), colorSpace='rgb', contrast=1.0, depth=0.0, flipHoriz=False, flipVert=False, font='Open Sans', fontFiles=[], height=0.05, italic=False, languageStyle='LTR', name='text_13', opacity=1.0, ori=0.0, pos=array([0., 0.]), rgb=UNKNOWN, text=str(...), units='height', win=Window(...), wrapWidth=1)
13.7833 	EXP 	Created text_14 = TextStim(__class__=<class 'psychopy.visual.text.TextStim'>, alignHoriz=method-wrapper(...), alignText='center', alignVert=method-wrapper(...), anchorHoriz='center', anchorVert='center', antialias=True, autoDraw=False, autoLog=True, bold=False, color=array([1., 1., 1.]), colorSpace='rgb', contrast=1.0, depth=-1.0, flipHoriz=False, flipVert=False, font='Open Sans', fontFiles=[], height=0.05, italic=False, languageStyle='LTR', name='text_14', opacity=1.0, ori=0.0, pos=array([0., 0.]), rgb=UNKNOWN, text=str(...), units='height', win=Window(...), wrapWidth=1)
13.7846 	EXP 	Created text_11 = TextStim(__class__=<class 'psychopy.visual.text.TextStim'>, alignHoriz=method-wrapper(...), alignText='center', alignVert=method-wrapper(...), anchorHoriz='center', anchorVert='center', antialias=True, autoDraw=False, autoLog=True, bold=False, color=array([1., 1., 1.]), colorSpace='rgb', contrast=1.0, depth=0.0, flipHoriz=False, flipVert=False, font='Open Sans', fontFiles=[], height=0.05, italic=False, languageStyle='LTR', name='text_11', opacity=1.0, ori=0.0, pos=array([0., 0.]), rgb=UNKNOWN, text='', units='height', win=Window(...), wrapWidth=1)
13.7892 	EXP 	Created text_12 = TextStim(__class__=<class 'psychopy.visual.text.TextStim'>, alignHoriz=method-wrapper(...), alignText='center', alignVert=method-wrapper(...), anchorHoriz='center', anchorVert='center', antialias=True, autoDraw=False, autoLog=True, bold=False, color=array([1., 1., 1.]), colorSpace='rgb', contrast=1.0, depth=-1.0, flipHoriz=False, flipVert=False, font='Open Sans', fontFiles=[], height=0.05, italic=False, languageStyle='LTR', name='text_12', opacity=1.0, ori=0.0, pos=array([0., 0.]), rgb=UNKNOWN, text=str(...), units='height', win=Window(...), wrapWidth=1)
13.7937 	EXP 	Created text_7 = TextStim(__class__=<class 'psychopy.visual.text.TextStim'>, alignHoriz=method-wrapper(...), alignText='center', alignVert=method-wrapper(...), anchorHoriz='center', anchorVert='center', antialias=True, autoDraw=False, autoLog=True, bold=False, color=array([1., 1., 1.]), colorSpace='rgb', contrast=1.0, depth=0.0, flipHoriz=False, flipVert=False, font='Open Sans', fontFiles=[], height=0.05, italic=False, languageStyle='LTR', name='text_7', opacity=1.0, ori=0.0, pos=array([0., 0.]), rgb=UNKNOWN, text=str(...), units='height', win=Window(...), wrapWidth=1)
13.7973 	EXP 	Created text_8 = TextStim(__class__=<class 'psychopy.visual.text.TextStim'>, alignHoriz=method-wrapper(...), alignText='center', alignVert=method-wrapper(...), anchorHoriz='center', anchorVert='center', antialias=True, autoDraw=False, autoLog=True, bold=False, color=array([1., 1., 1.]), colorSpace='rgb', contrast=1.0, depth=-1.0, flipHoriz=False, flipVert=False, font='Open Sans', fontFiles=[], height=0.05, italic=False, languageStyle='LTR', name='text_8', opacity=1.0, ori=0.0, pos=array([ 0. , -0.3]), rgb=UNKNOWN, text='You have 15 more seconds.', units='height', win=Window(...), wrapWidth=1)
13.7991 	EXP 	Created end_discuss = TextStim(__class__=<class 'psychopy.visual.text.TextStim'>, alignHoriz=method-wrapper(...), alignText='center', alignVert=method-wrapper(...), anchorHoriz='center', anchorVert='center', antialias=True, autoDraw=False, autoLog=True, bold=False, color=array([1., 1., 1.]), colorSpace='rgb', contrast=1.0, depth=-2.0, flipHoriz=False, flipVert=False, font='Open Sans', fontFiles=[], height=0.05, italic=False, languageStyle='LTR', name='end_discuss', opacity=1.0, ori=0.0, pos=array([0., 0.]), rgb=UNKNOWN, text='', units='height', win=Window(...), wrapWidth=1)
13.8040 	EXP 	Created rest_text = TextStim(__class__=<class 'psychopy.visual.text.TextStim'>, alignHoriz=method-wrapper(...), alignText='center', alignVert=method-wrapper(...), anchorHoriz='center', anchorVert='center', antialias=True, autoDraw=False, autoLog=True, bold=False, color=array([1., 1., 1.]), colorSpace='rgb', contrast=1.0, depth=0.0, flipHoriz=False, flipVert=False, font='Open Sans', fontFiles=[], height=0.05, italic=False, languageStyle='LTR', name='rest_text', opacity=1.0, ori=0.0, pos=array([0., 0.]), rgb=UNKNOWN, text=str(...), units='height', win=Window(...), wrapWidth=1)
13.8088 	EXP 	Created text_5 = TextStim(__class__=<class 'psychopy.visual.text.TextStim'>, alignHoriz=method-wrapper(...), alignText='center', alignVert=method-wrapper(...), anchorHoriz='center', anchorVert='center', antialias=True, autoDraw=False, autoLog=True, bold=False, color=array([1., 1., 1.]), colorSpace='rgb', contrast=1.0, depth=0.0, flipHoriz=False, flipVert=False, font='Open Sans', fontFiles=[], height=0.05, italic=False, languageStyle='LTR', name='text_5', opacity=1.0, ori=0.0, pos=array([0., 0.]), rgb=UNKNOWN, text=str(...), units='height', win=Window(...), wrapWidth=1)
13.8137 	EXP 	Created text_9 = TextStim(__class__=<class 'psychopy.visual.text.TextStim'>, alignHoriz=method-wrapper(...), alignText='center', alignVert=method-wrapper(...), anchorHoriz='center', anchorVert='center', antialias=True, autoDraw=False, autoLog=True, bold=False, color=array([1., 1., 1.]), colorSpace='rgb', contrast=1.0, depth=0.0, flipHoriz=False, flipVert=False, font='Open Sans', fontFiles=[], height=0.05, italic=False, languageStyle='LTR', name='text_9', opacity=1.0, ori=0.0, pos=array([0., 0.]), rgb=UNKNOWN, text="You're all done. Thank you for your time!", units='height', win=Window(...), wrapWidth=1)
13.8447 	EXP 	text_2: autoDraw = True
17.7736 	DATA 	Keypress: space
17.7819 	EXP 	text_2: autoDraw = False
17.7819 	EXP 	text: autoDraw = True
20.2450 	EXP 	Imported main_stims.xlsx as conditions, 3 conditions, 6 params
20.2457 	EXP 	Created sequence: random, trialTypes=3, nReps=1, seed=None
20.2464 	EXP 	New trial (rep=0, index=0): {'main_questions': 'What do you hope never changes?', 'main_responses': 'I love my friend group here and hope that I always keep in touch with them I guess. Do you have anything?', 'inflam_questions': 'Should there be such a large wealth disparity in our country?', 'inflam_responses': 'I believe that the people who made their fortunes in an honest way deserve to do what they want with it. How do you feel about it?', 'practice_questions': 'Would you say you are an introvert or an extrovert?', 'practice_response': 'Somewhere in the middle I guess. I like spending time with people but after awhile it stresses me out. How about you?'}
20.2566 	DATA 	Keypress: space
20.2648 	EXP 	text: autoDraw = False
20.2648 	EXP 	text_3: height = 0.05
20.2648 	EXP 	text_3: height = 0.05
20.2648 	EXP 	text_3: height = 0.05
20.2648 	EXP 	text_3: text = 'Would you say you are an introvert or an extrovert?'
20.2648 	EXP 	text_3: autoDraw = True
25.2535 	EXP 	text_6: autoDraw = True
74.4781 	DATA 	Mouse: Left button down, pos=(1021,369)
74.5114 	DATA 	Mouse:  Left button up, pos=(1021,369)
178.7742 	DATA 	Mouse: Left button down, pos=(1430,919)
178.8897 	DATA 	Mouse:  Left button up, pos=(1430,919)
206.9800 	DATA 	Keypress: space
207.0041 	EXP 	text_3: autoDraw = False
207.0041 	EXP 	text_6: autoDraw = False
207.0041 	EXP 	text_7: autoDraw = True
256.9703 	EXP 	text_8: autoDraw = True
271.9926 	EXP 	text_8: autoDraw = False
271.9926 	EXP 	end_discuss: autoDraw = True
272.0283 	EXP 	text_7: autoDraw = False
272.5249 	EXP 	end_discuss: autoDraw = False
274.6821 	DATA 	Mouse: Left button down, pos=(1355,649)
274.7979 	DATA 	Mouse:  Left button up, pos=(1355,649)
275.5614 	DATA 	Keypress: space
276.8796 	DATA 	Keypress: q
276.8881 	EXP 	text_7: autoDraw = False
276.8881 	EXP 	text_8: autoDraw = False
276.8881 	EXP 	end_discuss: autoDraw = False
276.8881 	EXP 	rest_text: autoDraw = True
306.8975 	EXP 	rest_text: autoDraw = False
310.4374 	DATA 	Keypress: space
311.7795 	DATA 	Keypress: q
311.8052 	EXP 	rest_text: autoDraw = False
311.8052 	EXP 	text_5: autoDraw = True
332.0238 	EXP 	New trial (rep=0, index=1): {'main_questions': 'What was the best vacation you’ve ever taken?', 'main_responses': "Oh man…that's hard. I guess this one time my family and I went to Yellowstone and rented a cabin. That was pretty awesome. Wbu?", 'inflam_questions': 'Who do you think should have won the 2020 elections?', 'inflam_responses': "I honestly don't know. None of the canidates seemed that good tbh. What do you think?", 'practice_questions': 'What causes are you passionate about?', 'practice_response': "I really care about the planet…I know that sounds very basic but I really do think it deserves more attention. Do you have a cause you're passionate about?"}
332.1684 	DATA 	Keypress: space
332.1998 	EXP 	text_5: autoDraw = False
332.1998 	EXP 	text_3: height = 0.05
332.1998 	EXP 	text_3: height = 0.05
332.1998 	EXP 	text_3: height = 0.05
332.1998 	EXP 	text_3: text = 'What causes are you passionate about?'
332.1998 	EXP 	text_3: autoDraw = True
337.1598 	EXP 	text_6: autoDraw = True
422.5010 	DATA 	Keypress: space
422.5090 	EXP 	text_3: autoDraw = False
422.5090 	EXP 	text_6: autoDraw = False
422.5090 	EXP 	text_7: autoDraw = True
472.4881 	EXP 	text_8: autoDraw = True
487.4972 	EXP 	text_8: autoDraw = False
487.4972 	EXP 	end_discuss: autoDraw = True
487.5165 	EXP 	text_7: autoDraw = False
488.0096 	EXP 	end_discuss: autoDraw = False
522.0095 	DATA 	Keypress: q
522.0362 	EXP 	text_7: autoDraw = False
522.0362 	EXP 	text_8: autoDraw = False
522.0362 	EXP 	end_discuss: autoDraw = False
522.0362 	EXP 	rest_text: autoDraw = True
527.3687 	DATA 	Keypress: space
529.0328 	DATA 	Keypress: q
529.0414 	EXP 	rest_text: autoDraw = False
529.0414 	EXP 	text_5: autoDraw = True
530.3452 	EXP 	New trial (rep=0, index=2): {'main_questions': 'What quirks do you have?', 'main_responses': "Haha, I guess I never walk under a ladder. I don't know why I just don't. Do you have any weird things you?", 'inflam_questions': 'Do you think religion should or should not be integrated into education?', 'inflam_responses': 'I think it should. I think a lot of people could benefit from having a role model in their life and something to lean on. Do you have an opinion on that?', 'practice_questions': 'Do you have any pet peeves?', 'practice_response': 'Yes! Dishes in the sink are SO triggering! Do you have anything that annoys you like that?'}
530.4099 	DATA 	Keypress: space
530.4370 	EXP 	text_5: autoDraw = False
530.4370 	EXP 	text_3: height = 0.05
530.4370 	EXP 	text_3: height = 0.05
530.4370 	EXP 	text_3: height = 0.05
530.4370 	EXP 	text_3: text = 'Do you have any pet peeves?'
530.4370 	EXP 	text_3: autoDraw = True
533.2481 	DATA 	Keypress: space
533.2565 	EXP 	text_3: autoDraw = False
533.2565 	EXP 	text_6: autoDraw = False
533.2565 	EXP 	text_7: autoDraw = True
534.2124 	DATA 	Keypress: space
534.8812 	DATA 	Keypress: q
534.8907 	EXP 	text_7: autoDraw = False
534.8907 	EXP 	text_8: autoDraw = False
534.8907 	EXP 	end_discuss: autoDraw = False
534.8907 	EXP 	rest_text: autoDraw = True
535.3787 	DATA 	Keypress: space
535.7976 	DATA 	Keypress: q
535.8060 	EXP 	rest_text: autoDraw = False
535.8060 	EXP 	text_5: autoDraw = True
536.5293 	DATA 	Keypress: q
537.0006 	DATA 	Keypress: space
537.0304 	EXP 	text_5: autoDraw = False
537.0304 	EXP 	main_question: height = 0.05
537.0304 	EXP 	main_question: height = 0.05
537.0304 	EXP 	main_question: height = 0.05
537.0304 	EXP 	main_question: text = 'Nice Work!\n\nNow that you\'ve had a chance to practice do you have any questions? If not press the "spacebar" and we will get started on the main task.\n'
537.0304 	EXP 	main_question: autoDraw = True
538.5939 	EXP 	Imported main_stims.xlsx as conditions, 3 conditions, 6 params
538.5999 	EXP 	Created sequence: random, trialTypes=3, nReps=1, seed=None
538.6008 	EXP 	New trial (rep=0, index=0): {'main_questions': 'What is something you’ve had to unlearn?', 'main_responses': 'Uh, I guess study habits. High school did a bad job getting me ready for college…do you have any habits you’re trying to break?', 'inflam_questions': None, 'inflam_responses': None, 'practice_questions': None, 'practice_response': None}
538.6252 	DATA 	Keypress: space
538.6560 	EXP 	main_question: autoDraw = False
538.6560 	EXP 	text_4: height = 0.05
538.6560 	EXP 	text_4: height = 0.05
538.6560 	EXP 	text_4: height = 0.05
538.6560 	EXP 	text_4: text = 'What is something you’ve had to unlearn?'
538.6560 	EXP 	text_4: autoDraw = True
539.5320 	DATA 	Keypress: space
539.5405 	EXP 	text_4: autoDraw = False
539.5405 	EXP 	text_10: autoDraw = False
539.5405 	EXP 	text_7: autoDraw = True
540.6463 	DATA 	Keypress: space
541.0799 	DATA 	Keypress: q
541.1099 	EXP 	text_7: autoDraw = False
541.1099 	EXP 	text_8: autoDraw = False
541.1099 	EXP 	end_discuss: autoDraw = False
541.1099 	EXP 	rest_text: autoDraw = True
544.6954 	DATA 	Keypress: space
545.3612 	DATA 	Keypress: q
545.3699 	EXP 	rest_text: autoDraw = False
545.3699 	EXP 	text_5: autoDraw = True
545.9269 	EXP 	New trial (rep=0, index=1): {'main_questions': 'What is something you’ve had to unlearn?', 'main_responses': 'Uh, I guess study habits. High school did a bad job getting me ready for college…do you have any habits you’re trying to break?', 'inflam_questions': None, 'inflam_responses': None, 'practice_questions': None, 'practice_response': None}
545.9540 	DATA 	Keypress: space
545.9795 	EXP 	text_5: autoDraw = False
545.9795 	EXP 	text_4: text = 'What is something you’ve had to unlearn?'
545.9795 	EXP 	text_4: autoDraw = True
546.9279 	DATA 	Keypress: q
547.3158 	DATA 	Keypress: space
547.3402 	EXP 	text_4: autoDraw = False
547.3402 	EXP 	text_10: autoDraw = False
547.3402 	EXP 	text_7: autoDraw = True
547.7948 	DATA 	Keypress: space
548.1667 	DATA 	Keypress: q
548.1752 	EXP 	text_7: autoDraw = False
548.1752 	EXP 	text_8: autoDraw = False
548.1752 	EXP 	end_discuss: autoDraw = False
548.1752 	EXP 	rest_text: autoDraw = True
548.5897 	DATA 	Keypress: space
549.6981 	DATA 	Keypress: q
549.7066 	EXP 	rest_text: autoDraw = False
549.7066 	EXP 	text_5: autoDraw = True
550.4386 	EXP 	New trial (rep=0, index=2): {'main_questions': 'What would you rate 10/10', 'main_responses': 'This ones easy. Skiing in Winter Park after a big snow storm. Wbu?', 'inflam_questions': 'Should AI be allowed to make judicial decisions?', 'inflam_responses': "I really don't know… on one hand I think it would be more consistent on the other it seems a little dystopic. How do you feel about that?", 'practice_questions': None, 'practice_response': None}
550.4609 	DATA 	Keypress: space
550.4699 	EXP 	text_5: autoDraw = False
550.4699 	EXP 	text_4: height = 0.05
550.4699 	EXP 	text_4: height = 0.05
550.4699 	EXP 	text_4: height = 0.05
550.4699 	EXP 	text_4: text = 'What would you rate 10/10'
550.4699 	EXP 	text_4: autoDraw = True
551.6280 	DATA 	Keypress: q
551.9802 	DATA 	Keypress: space
551.9890 	EXP 	text_4: autoDraw = False
551.9890 	EXP 	text_10: autoDraw = False
551.9890 	EXP 	text_7: autoDraw = True
552.6361 	DATA 	Keypress: q
552.6741 	EXP 	text_7: autoDraw = False
552.6741 	EXP 	text_8: autoDraw = False
552.6741 	EXP 	end_discuss: autoDraw = False
552.6741 	EXP 	rest_text: autoDraw = True
553.1446 	DATA 	Keypress: space
553.5978 	DATA 	Keypress: q
553.6063 	EXP 	rest_text: autoDraw = False
553.6063 	EXP 	text_5: autoDraw = True
554.3996 	DATA 	Keypress: space
554.4081 	EXP 	text_5: autoDraw = False
554.4081 	EXP 	text_13: autoDraw = True
558.0279 	DATA 	Keypress: space
561.8712 	EXP 	Imported main_stims.xlsx as conditions, 3 conditions, 6 params
563.5065 	EXP 	window1: mouseVisible = True
