3.5192 	WARNING 	We strongly recommend you activate the PTB sound engine in PsychoPy prefs as the preferred audio engine. Its timing is vastly superior. Your prefs are currently set to use ['sounddevice', 'PTB', 'pyo', 'pygame'] (in that order).
21.3222 	EXP 	Created window1 = Window(allowGUI=True, allowStencil=False, autoLog=True, backendConf=UNKNOWN, bitsMode=UNKNOWN, blendMode='avg', bpc=(8, 8, 8), color=array([0, 0, 0]), colorSpace='rgb', depthBits=8, fullscr=<method-wrapper '__getattribute__' of attributeSetter object at 0x7fa51ddb7970>, gamma=None, gammaErrorPolicy='raise', lms=UNKNOWN, monitor=<psychopy.monitors.calibTools.Monitor object at 0x7fa51d54b8e0>, multiSample=False, name='window1', numSamples=2, pos=(530, 350), screen=0, size=array([3440, 2000]), stencilBits=0, stereo=False, units='height', useFBO=True, useRetina=True, viewOri=0.0, viewPos=None, viewScale=None, waitBlanking=True, winType='pyglet')
21.3224 	EXP 	window1: mouseVisible = True
21.3224 	EXP 	window1: Attempting to measure frame rate of screen (0) ...
21.3224 	EXP 	window1: recordFrameIntervals = False
21.4862 	EXP 	window1: recordFrameIntervals = True
21.6739 	WARNING 	t of last frame was 21.14ms (=1/47)
21.8531 	EXP 	Screen (0) actual frame rate measured at 60.37Hz
21.8531 	EXP 	window1: recordFrameIntervals = False
21.8948 	WARNING 	launchHubServer: If using the iohub mouse or eyetracker devices, fullScr should be True.
24.8218 	EXP 	Created text_2 = TextStim(__class__=<class 'psychopy.visual.text.TextStim'>, alignHoriz=method-wrapper(...), alignText='center', alignVert=method-wrapper(...), anchorHoriz='center', anchorVert='center', antialias=True, autoDraw=False, autoLog=True, bold=False, color=array([1., 1., 1.]), colorSpace='rgb', contrast=1.0, depth=0.0, flipHoriz=False, flipVert=False, font='Open Sans', fontFiles=[], height=0.05, italic=False, languageStyle='LTR', name='text_2', opacity=1.0, ori=0.0, pos=array([0., 0.]), rgb=UNKNOWN, text=str(...), units='height', win=Window(...), wrapWidth=1)
24.8368 	EXP 	Created text = TextStim(__class__=<class 'psychopy.visual.text.TextStim'>, alignHoriz=method-wrapper(...), alignText='center', alignVert=method-wrapper(...), anchorHoriz='center', anchorVert='center', antialias=True, autoDraw=False, autoLog=True, bold=False, color=array([1., 1., 1.]), colorSpace='rgb', contrast=1.0, depth=0.0, flipHoriz=False, flipVert=False, font='Open Sans', fontFiles=[], height=0.05, italic=False, languageStyle='LTR', name='text', opacity=1.0, ori=0.0, pos=array([0., 0.]), rgb=UNKNOWN, text=str(...), units='height', win=Window(...), wrapWidth=1)
24.8726 	EXP 	Created image = ImageStim(__class__=<class 'psychopy.visual.image.ImageStim'>, anchor=('center', 'center'), autoLog=True, color=array([1., 1., 1.]), colorSpace='rgb', contrast=1.0, depth=-2.0, flipHoriz=False, flipVert=False, image='surveyQRcode.png', interpolate=True, mask=None, maskParams=None, name='image', opacity=1.0, ori=0.0, pos=array([ 0. , -0.3]), size=array([0.25, 0.25]), texRes=128.0, units='height', win=Window(...))
24.8910 	EXP 	Created text_20 = TextStim(__class__=<class 'psychopy.visual.text.TextStim'>, alignHoriz=method-wrapper(...), alignText='center', alignVert=method-wrapper(...), anchorHoriz='center', anchorVert='center', antialias=True, autoDraw=False, autoLog=True, bold=False, color=array([1., 1., 1.]), colorSpace='rgb', contrast=1.0, depth=0.0, flipHoriz=False, flipVert=False, font='Open Sans', fontFiles=[], height=0.05, italic=False, languageStyle='LTR', name='text_20', opacity=1.0, ori=0.0, pos=array([0., 0.]), rgb=UNKNOWN, text=str(...), units='height', win=Window(...), wrapWidth=1)
24.8928 	EXP 	Created text_14 = TextStim(__class__=<class 'psychopy.visual.text.TextStim'>, alignHoriz=method-wrapper(...), alignText='center', alignVert=method-wrapper(...), anchorHoriz='center', anchorVert='center', antialias=True, autoDraw=False, autoLog=True, bold=False, color=array([1., 1., 1.]), colorSpace='rgb', contrast=1.0, depth=0.0, flipHoriz=False, flipVert=False, font='Open Sans', fontFiles=[], height=0.05, italic=False, languageStyle='LTR', name='text_14', opacity=1.0, ori=0.0, pos=array([0., 0.]), rgb=UNKNOWN, text='', units='height', win=Window(...), wrapWidth=1)
24.9481 	EXP 	Sound sound_6 set volume 1.000
24.9484 	EXP 	Sound sound_9 set volume 1.000
24.9485 	EXP 	Sound finish_sound_control_prompt set volume 1.000
24.9562 	EXP 	Created text_23 = TextStim(__class__=<class 'psychopy.visual.text.TextStim'>, alignHoriz=method-wrapper(...), alignText='center', alignVert=method-wrapper(...), anchorHoriz='center', anchorVert='center', antialias=True, autoDraw=False, autoLog=True, bold=False, color=array([1., 1., 1.]), colorSpace='rgb', contrast=1.0, depth=-5.0, flipHoriz=False, flipVert=False, font='Open Sans', fontFiles=[], height=0.05, italic=False, languageStyle='LTR', name='text_23', opacity=1.0, ori=0.0, pos=array([ 0. , -0.3]), rgb=UNKNOWN, text=str(...), units='height', win=Window(...), wrapWidth=1)
24.9654 	EXP 	Created text_21 = TextStim(__class__=<class 'psychopy.visual.text.TextStim'>, alignHoriz=method-wrapper(...), alignText='center', alignVert=method-wrapper(...), anchorHoriz='center', anchorVert='center', antialias=True, autoDraw=False, autoLog=True, bold=False, color=array([1., 1., 1.]), colorSpace='rgb', contrast=1.0, depth=-2.0, flipHoriz=False, flipVert=False, font='Open Sans', fontFiles=[], height=0.05, italic=False, languageStyle='LTR', name='text_21', opacity=1.0, ori=0.0, pos=array([0., 0.]), rgb=UNKNOWN, text=str(...), units='height', win=Window(...), wrapWidth=1)
24.9656 	EXP 	Sound sound_2 set volume 1.000
24.9657 	EXP 	Sound sound_3 set volume 1.000
24.9659 	EXP 	Sound finish_sound_control_resp set volume 1.000
24.9757 	EXP 	Created rest_text = TextStim(__class__=<class 'psychopy.visual.text.TextStim'>, alignHoriz=method-wrapper(...), alignText='center', alignVert=method-wrapper(...), anchorHoriz='center', anchorVert='center', antialias=True, autoDraw=False, autoLog=True, bold=False, color=array([1., 1., 1.]), colorSpace='rgb', contrast=1.0, depth=0.0, flipHoriz=False, flipVert=False, font='Open Sans', fontFiles=[], height=0.05, italic=False, languageStyle='LTR', name='rest_text', opacity=1.0, ori=0.0, pos=array([0., 0.]), rgb=UNKNOWN, text=str(...), units='height', win=Window(...), wrapWidth=1)
24.9758 	EXP 	Sound sound_11 set volume 1.000
24.9759 	EXP 	Sound sound_12 set volume 1.000
24.9760 	EXP 	Sound sound_13 set volume 1.000
24.9939 	EXP 	Created text_19 = TextStim(__class__=<class 'psychopy.visual.text.TextStim'>, alignHoriz=method-wrapper(...), alignText='center', alignVert=method-wrapper(...), anchorHoriz='center', anchorVert='center', antialias=True, autoDraw=False, autoLog=True, bold=False, color=array([1., 1., 1.]), colorSpace='rgb', contrast=1.0, depth=0.0, flipHoriz=False, flipVert=False, font='Open Sans', fontFiles=[], height=0.05, italic=False, languageStyle='LTR', name='text_19', opacity=1.0, ori=0.0, pos=array([0., 0.]), rgb=UNKNOWN, text=str(...), units='height', win=Window(...), wrapWidth=1)
24.9958 	EXP 	Created text_3 = TextStim(__class__=<class 'psychopy.visual.text.TextStim'>, alignHoriz=method-wrapper(...), alignText='center', alignVert=method-wrapper(...), anchorHoriz='center', anchorVert='center', antialias=True, autoDraw=False, autoLog=True, bold=False, color=array([1., 1., 1.]), colorSpace='rgb', contrast=1.0, depth=0.0, flipHoriz=False, flipVert=False, font='Open Sans', fontFiles=[], height=0.05, italic=False, languageStyle='LTR', name='text_3', opacity=1.0, ori=0.0, pos=array([0., 0.]), rgb=UNKNOWN, text='', units='height', win=Window(...), wrapWidth=1)
25.0041 	EXP 	Created text_6 = TextStim(__class__=<class 'psychopy.visual.text.TextStim'>, alignHoriz=method-wrapper(...), alignText='center', alignVert=method-wrapper(...), anchorHoriz='center', anchorVert='center', antialias=True, autoDraw=False, autoLog=True, bold=False, color=array([1., 1., 1.]), colorSpace='rgb', contrast=1.0, depth=-1.0, flipHoriz=False, flipVert=False, font='Open Sans', fontFiles=[], height=0.05, italic=False, languageStyle='LTR', name='text_6', opacity=1.0, ori=0.0, pos=array([ 0. , -0.3]), rgb=UNKNOWN, text=str(...), units='height', win=Window(...), wrapWidth=1)
25.0042 	EXP 	Sound sound_15 set volume 1.000
25.0043 	EXP 	Sound sound_16 set volume 1.000
25.0045 	EXP 	Sound finish_sound_practice_prompt set volume 1.000
25.0116 	EXP 	Created text_7 = TextStim(__class__=<class 'psychopy.visual.text.TextStim'>, alignHoriz=method-wrapper(...), alignText='center', alignVert=method-wrapper(...), anchorHoriz='center', anchorVert='center', antialias=True, autoDraw=False, autoLog=True, bold=False, color=array([1., 1., 1.]), colorSpace='rgb', contrast=1.0, depth=0.0, flipHoriz=False, flipVert=False, font='Open Sans', fontFiles=[], height=0.05, italic=False, languageStyle='LTR', name='text_7', opacity=1.0, ori=0.0, pos=array([0., 0.]), rgb=UNKNOWN, text=str(...), units='height', win=Window(...), wrapWidth=1)
25.0193 	EXP 	Created text_8 = TextStim(__class__=<class 'psychopy.visual.text.TextStim'>, alignHoriz=method-wrapper(...), alignText='center', alignVert=method-wrapper(...), anchorHoriz='center', anchorVert='center', antialias=True, autoDraw=False, autoLog=True, bold=False, color=array([1., 1., 1.]), colorSpace='rgb', contrast=1.0, depth=-1.0, flipHoriz=False, flipVert=False, font='Open Sans', fontFiles=[], height=0.05, italic=False, languageStyle='LTR', name='text_8', opacity=1.0, ori=0.0, pos=array([ 0. , -0.3]), rgb=UNKNOWN, text=str(...), units='height', win=Window(...), wrapWidth=1)
25.0195 	EXP 	Sound sound_4 set volume 1.000
25.0196 	EXP 	Sound sound_5 set volume 1.000
25.0196 	EXP 	Sound finish_sound_practice_resp set volume 1.000
25.0266 	EXP 	Created rest_text = TextStim(__class__=<class 'psychopy.visual.text.TextStim'>, alignHoriz=method-wrapper(...), alignText='center', alignVert=method-wrapper(...), anchorHoriz='center', anchorVert='center', antialias=True, autoDraw=False, autoLog=True, bold=False, color=array([1., 1., 1.]), colorSpace='rgb', contrast=1.0, depth=0.0, flipHoriz=False, flipVert=False, font='Open Sans', fontFiles=[], height=0.05, italic=False, languageStyle='LTR', name='rest_text', opacity=1.0, ori=0.0, pos=array([0., 0.]), rgb=UNKNOWN, text=str(...), units='height', win=Window(...), wrapWidth=1)
25.0269 	EXP 	Sound sound_11 set volume 1.000
25.0271 	EXP 	Sound sound_12 set volume 1.000
25.0272 	EXP 	Sound sound_13 set volume 1.000
25.0295 	EXP 	Created main_question = TextStim(__class__=<class 'psychopy.visual.text.TextStim'>, alignHoriz=method-wrapper(...), alignText='center', alignVert=method-wrapper(...), anchorHoriz='center', anchorVert='center', antialias=True, autoDraw=False, autoLog=True, bold=False, color=array([1., 1., 1.]), colorSpace='rgb', contrast=1.0, depth=0.0, flipHoriz=False, flipVert=False, font='Open Sans', fontFiles=[], height=0.05, italic=False, languageStyle='LTR', name='main_question', opacity=1.0, ori=0.0, pos=array([0., 0.]), rgb=UNKNOWN, text='', units='height', win=Window(...), wrapWidth=1)
25.0364 	EXP 	Created text_24 = TextStim(__class__=<class 'psychopy.visual.text.TextStim'>, alignHoriz=method-wrapper(...), alignText='center', alignVert=method-wrapper(...), anchorHoriz='center', anchorVert='center', antialias=True, autoDraw=False, autoLog=True, bold=False, color=array([1., 1., 1.]), colorSpace='rgb', contrast=1.0, depth=-2.0, flipHoriz=False, flipVert=False, font='Open Sans', fontFiles=[], height=0.05, italic=False, languageStyle='LTR', name='text_24', opacity=1.0, ori=0.0, pos=array([0., 0.]), rgb=UNKNOWN, text=str(...), units='height', win=Window(...), wrapWidth=1)
25.0382 	EXP 	Created text_4 = TextStim(__class__=<class 'psychopy.visual.text.TextStim'>, alignHoriz=method-wrapper(...), alignText='center', alignVert=method-wrapper(...), anchorHoriz='center', anchorVert='center', antialias=True, autoDraw=False, autoLog=True, bold=False, color=array([1., 1., 1.]), colorSpace='rgb', contrast=1.0, depth=0.0, flipHoriz=False, flipVert=False, font='Open Sans', fontFiles=[], height=0.05, italic=False, languageStyle='LTR', name='text_4', opacity=1.0, ori=0.0, pos=array([0., 0.]), rgb=UNKNOWN, text='', units='height', win=Window(...), wrapWidth=1)
25.0449 	EXP 	Created text_10 = TextStim(__class__=<class 'psychopy.visual.text.TextStim'>, alignHoriz=method-wrapper(...), alignText='center', alignVert=method-wrapper(...), anchorHoriz='center', anchorVert='center', antialias=True, autoDraw=False, autoLog=True, bold=False, color=array([1., 1., 1.]), colorSpace='rgb', contrast=1.0, depth=-1.0, flipHoriz=False, flipVert=False, font='Open Sans', fontFiles=[], height=0.05, italic=False, languageStyle='LTR', name='text_10', opacity=1.0, ori=0.0, pos=array([ 0. , -0.3]), rgb=UNKNOWN, text=str(...), units='height', win=Window(...), wrapWidth=1)
25.0451 	EXP 	Sound sound_19 set volume 1.000
25.0452 	EXP 	Sound sound_20 set volume 1.000
25.0452 	EXP 	Sound finish_sound_main_prompt set volume 1.000
25.0514 	EXP 	Created text_15 = TextStim(__class__=<class 'psychopy.visual.text.TextStim'>, alignHoriz=method-wrapper(...), alignText='center', alignVert=method-wrapper(...), anchorHoriz='center', anchorVert='center', antialias=True, autoDraw=False, autoLog=True, bold=False, color=array([1., 1., 1.]), colorSpace='rgb', contrast=1.0, depth=0.0, flipHoriz=False, flipVert=False, font='Open Sans', fontFiles=[], height=0.05, italic=False, languageStyle='LTR', name='text_15', opacity=1.0, ori=0.0, pos=array([0., 0.]), rgb=UNKNOWN, text=str(...), units='height', win=Window(...), wrapWidth=1)
25.0582 	EXP 	Created text_16 = TextStim(__class__=<class 'psychopy.visual.text.TextStim'>, alignHoriz=method-wrapper(...), alignText='center', alignVert=method-wrapper(...), anchorHoriz='center', anchorVert='center', antialias=True, autoDraw=False, autoLog=True, bold=False, color=array([1., 1., 1.]), colorSpace='rgb', contrast=1.0, depth=-1.0, flipHoriz=False, flipVert=False, font='Open Sans', fontFiles=[], height=0.05, italic=False, languageStyle='LTR', name='text_16', opacity=1.0, ori=0.0, pos=array([ 0. , -0.3]), rgb=UNKNOWN, text=str(...), units='height', win=Window(...), wrapWidth=1)
25.0583 	EXP 	Sound sound_7 set volume 1.000
25.0584 	EXP 	Sound sound_8 set volume 1.000
25.0585 	EXP 	Sound finish_sound_main_resp set volume 1.000
25.0652 	EXP 	Created rest_text = TextStim(__class__=<class 'psychopy.visual.text.TextStim'>, alignHoriz=method-wrapper(...), alignText='center', alignVert=method-wrapper(...), anchorHoriz='center', anchorVert='center', antialias=True, autoDraw=False, autoLog=True, bold=False, color=array([1., 1., 1.]), colorSpace='rgb', contrast=1.0, depth=0.0, flipHoriz=False, flipVert=False, font='Open Sans', fontFiles=[], height=0.05, italic=False, languageStyle='LTR', name='rest_text', opacity=1.0, ori=0.0, pos=array([0., 0.]), rgb=UNKNOWN, text=str(...), units='height', win=Window(...), wrapWidth=1)
25.0656 	EXP 	Sound sound_11 set volume 1.000
25.0657 	EXP 	Sound sound_12 set volume 1.000
25.0657 	EXP 	Sound sound_13 set volume 1.000
25.0738 	EXP 	Created text_13 = TextStim(__class__=<class 'psychopy.visual.text.TextStim'>, alignHoriz=method-wrapper(...), alignText='center', alignVert=method-wrapper(...), anchorHoriz='center', anchorVert='center', antialias=True, autoDraw=False, autoLog=True, bold=False, color=array([1., 1., 1.]), colorSpace='rgb', contrast=1.0, depth=0.0, flipHoriz=False, flipVert=False, font='Open Sans', fontFiles=[], height=0.05, italic=False, languageStyle='LTR', name='text_13', opacity=1.0, ori=0.0, pos=array([0., 0.]), rgb=UNKNOWN, text=str(...), units='height', win=Window(...), wrapWidth=1)
25.0783 	EXP 	Created text_22 = TextStim(__class__=<class 'psychopy.visual.text.TextStim'>, alignHoriz=method-wrapper(...), alignText='center', alignVert=method-wrapper(...), anchorHoriz='center', anchorVert='center', antialias=True, autoDraw=False, autoLog=True, bold=False, color=array([1., 1., 1.]), colorSpace='rgb', contrast=1.0, depth=-2.0, flipHoriz=False, flipVert=False, font='Open Sans', fontFiles=[], height=0.05, italic=False, languageStyle='LTR', name='text_22', opacity=1.0, ori=0.0, pos=array([0., 0.]), rgb=UNKNOWN, text='Press the Spacebar to continue', units='height', win=Window(...), wrapWidth=1)
25.0798 	EXP 	Created text_11 = TextStim(__class__=<class 'psychopy.visual.text.TextStim'>, alignHoriz=method-wrapper(...), alignText='center', alignVert=method-wrapper(...), anchorHoriz='center', anchorVert='center', antialias=True, autoDraw=False, autoLog=True, bold=False, color=array([1., 1., 1.]), colorSpace='rgb', contrast=1.0, depth=0.0, flipHoriz=False, flipVert=False, font='Open Sans', fontFiles=[], height=0.05, italic=False, languageStyle='LTR', name='text_11', opacity=1.0, ori=0.0, pos=array([0., 0.]), rgb=UNKNOWN, text='', units='height', win=Window(...), wrapWidth=1)
25.0853 	EXP 	Created text_12 = TextStim(__class__=<class 'psychopy.visual.text.TextStim'>, alignHoriz=method-wrapper(...), alignText='center', alignVert=method-wrapper(...), anchorHoriz='center', anchorVert='center', antialias=True, autoDraw=False, autoLog=True, bold=False, color=array([1., 1., 1.]), colorSpace='rgb', contrast=1.0, depth=-1.0, flipHoriz=False, flipVert=False, font='Open Sans', fontFiles=[], height=0.05, italic=False, languageStyle='LTR', name='text_12', opacity=1.0, ori=0.0, pos=array([ 0. , -0.3]), rgb=UNKNOWN, text=str(...), units='height', win=Window(...), wrapWidth=1)
25.0855 	EXP 	Sound sound_17 set volume 1.000
25.0855 	EXP 	Sound sound_18 set volume 1.000
25.0856 	EXP 	Sound finish_sound_inflam_prompt set volume 1.000
25.0911 	EXP 	Created text_17 = TextStim(__class__=<class 'psychopy.visual.text.TextStim'>, alignHoriz=method-wrapper(...), alignText='center', alignVert=method-wrapper(...), anchorHoriz='center', anchorVert='center', antialias=True, autoDraw=False, autoLog=True, bold=False, color=array([1., 1., 1.]), colorSpace='rgb', contrast=1.0, depth=0.0, flipHoriz=False, flipVert=False, font='Open Sans', fontFiles=[], height=0.05, italic=False, languageStyle='LTR', name='text_17', opacity=1.0, ori=0.0, pos=array([0., 0.]), rgb=UNKNOWN, text=str(...), units='height', win=Window(...), wrapWidth=1)
25.0973 	EXP 	Created text_18 = TextStim(__class__=<class 'psychopy.visual.text.TextStim'>, alignHoriz=method-wrapper(...), alignText='center', alignVert=method-wrapper(...), anchorHoriz='center', anchorVert='center', antialias=True, autoDraw=False, autoLog=True, bold=False, color=array([1., 1., 1.]), colorSpace='rgb', contrast=1.0, depth=-1.0, flipHoriz=False, flipVert=False, font='Open Sans', fontFiles=[], height=0.05, italic=False, languageStyle='LTR', name='text_18', opacity=1.0, ori=0.0, pos=array([ 0. , -0.3]), rgb=UNKNOWN, text=str(...), units='height', win=Window(...), wrapWidth=1)
25.0974 	EXP 	Sound sound_14 set volume 1.000
25.0975 	EXP 	Sound sound_21 set volume 1.000
25.0976 	EXP 	Sound finish_sound_inflam_resp set volume 1.000
25.1036 	EXP 	Created rest_text = TextStim(__class__=<class 'psychopy.visual.text.TextStim'>, alignHoriz=method-wrapper(...), alignText='center', alignVert=method-wrapper(...), anchorHoriz='center', anchorVert='center', antialias=True, autoDraw=False, autoLog=True, bold=False, color=array([1., 1., 1.]), colorSpace='rgb', contrast=1.0, depth=0.0, flipHoriz=False, flipVert=False, font='Open Sans', fontFiles=[], height=0.05, italic=False, languageStyle='LTR', name='rest_text', opacity=1.0, ori=0.0, pos=array([0., 0.]), rgb=UNKNOWN, text=str(...), units='height', win=Window(...), wrapWidth=1)
25.1038 	EXP 	Sound sound_11 set volume 1.000
25.1038 	EXP 	Sound sound_12 set volume 1.000
25.1040 	EXP 	Sound sound_13 set volume 1.000
25.1090 	EXP 	Created text_9 = TextStim(__class__=<class 'psychopy.visual.text.TextStim'>, alignHoriz=method-wrapper(...), alignText='center', alignVert=method-wrapper(...), anchorHoriz='center', anchorVert='center', antialias=True, autoDraw=False, autoLog=True, bold=False, color=array([1., 1., 1.]), colorSpace='rgb', contrast=1.0, depth=0.0, flipHoriz=False, flipVert=False, font='Open Sans', fontFiles=[], height=0.05, italic=False, languageStyle='LTR', name='text_9', opacity=1.0, ori=0.0, pos=array([0., 0.]), rgb=UNKNOWN, text="You're all done. Thank you for your time!", units='height', win=Window(...), wrapWidth=1)
25.1509 	EXP 	text_2: autoDraw = True
175.9589 	DATA 	Keypress: space
176.0274 	DATA 	Keypress: space
176.0550 	EXP 	text_2: autoDraw = False
176.0550 	EXP 	text: autoDraw = True
176.0550 	EXP 	image: autoDraw = True
177.6665 	DATA 	Keypress: space
177.6796 	EXP 	text: autoDraw = False
177.6796 	EXP 	image: autoDraw = False
177.6796 	EXP 	text_20: autoDraw = True
187.1717 	EXP 	Imported control_questions.xlsx as conditions, 3 conditions, 1 params
187.1844 	EXP 	Created sequence: random, trialTypes=3, nReps=1, seed=None
187.1863 	EXP 	New trial (rep=0, index=0): {'prompt': 'Please describe a pen.'}
187.2343 	DATA 	Keypress: space
187.2676 	EXP 	text_20: autoDraw = False
187.2676 	EXP 	text_14: height = 0.05
187.2676 	EXP 	text_14: height = 0.05
187.2676 	EXP 	text_14: height = 0.05
187.2676 	EXP 	text_14: text = 'Please describe a pen.'
187.2676 	EXP 	text_14: autoDraw = True
187.2676 	EXP 	text_23: autoDraw = True
199.8592 	DATA 	Keypress: space
199.9238 	EXP 	text_14: autoDraw = False
199.9238 	EXP 	text_23: autoDraw = False
199.9238 	EXP 	text_21: autoDraw = True
229.2025 	DATA 	Keypress: space
229.2091 	EXP 	text_21: autoDraw = False
229.2091 	EXP 	rest_text: autoDraw = True
249.1175 	DATA 	Keypress: space
249.8887 	DATA 	Keypress: space
259.2036 	EXP 	New trial (rep=0, index=1): {'prompt': 'Please describe a goal.'}
259.2223 	EXP 	rest_text: autoDraw = False
259.2223 	EXP 	rest_text: autoDraw = False
259.2223 	EXP 	text_14: height = 0.05
259.2223 	EXP 	text_14: height = 0.05
259.2223 	EXP 	text_14: height = 0.05
259.2223 	EXP 	text_14: text = 'Please describe a goal.'
259.2223 	EXP 	text_14: autoDraw = True
259.2223 	EXP 	text_23: autoDraw = True
279.2303 	EXP 	text_14: autoDraw = False
279.2303 	EXP 	text_23: autoDraw = False
279.2303 	EXP 	text_14: autoDraw = False
279.2303 	EXP 	text_23: autoDraw = False
279.2303 	EXP 	text_21: autoDraw = True
312.9882 	DATA 	Keypress: space
312.9948 	EXP 	text_21: autoDraw = False
312.9948 	EXP 	rest_text: autoDraw = True
342.9815 	EXP 	New trial (rep=0, index=2): {'prompt': 'Please describe school.'}
343.0410 	EXP 	rest_text: autoDraw = False
343.0410 	EXP 	rest_text: autoDraw = False
343.0410 	EXP 	text_14: height = 0.05
343.0410 	EXP 	text_14: height = 0.05
343.0410 	EXP 	text_14: height = 0.05
343.0410 	EXP 	text_14: text = 'Please describe school.'
343.0410 	EXP 	text_14: autoDraw = True
343.0410 	EXP 	text_23: autoDraw = True
354.0052 	DATA 	Keypress: space
354.0117 	EXP 	text_14: autoDraw = False
354.0117 	EXP 	text_23: autoDraw = False
354.0117 	EXP 	text_21: autoDraw = True
387.9773 	DATA 	Keypress: space
388.0128 	EXP 	text_21: autoDraw = False
388.0128 	EXP 	rest_text: autoDraw = True
418.0482 	EXP 	rest_text: autoDraw = False
418.0482 	EXP 	rest_text: autoDraw = False
418.0482 	EXP 	text_19: autoDraw = True
443.0969 	EXP 	Imported main_stims.xlsx as conditions, 3 conditions, 6 params
443.0981 	EXP 	Created sequence: random, trialTypes=3, nReps=1, seed=None
443.1038 	EXP 	New trial (rep=0, index=0): {'main_questions': 'What’s the best way a person can spend their time?', 'main_responses': 'Either learning or spending time with friends and family I guess. That seems like a cliché answer though. How do you prefer to spend your time?', 'inflam_questions': 'How tightly should we regulate immigration?', 'inflam_responses': "There needs to be a certain amount of control over it. I don't think we can have just anyone crossing the border unfortunately. What are your thoughts on that?", 'practice_questions': 'Would you say you are an introvert or an extrovert?', 'practice_response': 'Somewhere in the middle I guess. I like spending time with people but after awhile it stresses me out. How about you?'}
443.1568 	DATA 	Keypress: space
443.1913 	EXP 	text_19: autoDraw = False
443.1913 	EXP 	text_3: height = 0.05
443.1913 	EXP 	text_3: height = 0.05
443.1913 	EXP 	text_3: height = 0.05
443.1913 	EXP 	text_3: text = 'Would you say you are an introvert or an extrovert?'
443.1913 	EXP 	text_3: autoDraw = True
443.1913 	EXP 	text_6: autoDraw = True
449.1715 	DATA 	Keypress: space
449.2067 	EXP 	text_3: autoDraw = False
449.2067 	EXP 	text_6: autoDraw = False
449.2067 	EXP 	text_7: autoDraw = True
449.2067 	EXP 	text_8: autoDraw = True
509.2182 	EXP 	text_7: autoDraw = False
509.2182 	EXP 	text_8: autoDraw = False
509.2182 	EXP 	text_7: autoDraw = False
509.2182 	EXP 	text_8: autoDraw = False
509.2182 	EXP 	rest_text: autoDraw = True
530.0825 	DATA 	Mouse: Left button down, pos=(305,869)
530.2060 	DATA 	Mouse:  Left button up, pos=(305,869)
530.6400 	DATA 	Keypress: escape
531.7188 	EXP 	window1: mouseVisible = True
