2.2828 	WARNING 	We strongly recommend you activate the PTB sound engine in PsychoPy prefs as the preferred audio engine. Its timing is vastly superior. Your prefs are currently set to use ['sounddevice', 'PTB', 'pyo', 'pygame'] (in that order).
12.9247 	EXP 	Created window1 = Window(allowGUI=True, allowStencil=False, autoLog=True, backendConf=UNKNOWN, bitsMode=UNKNOWN, blendMode='avg', bpc=(8, 8, 8), color=array([0, 0, 0]), colorSpace='rgb', depthBits=8, fullscr=<method-wrapper '__getattribute__' of attributeSetter object at 0x7fcaf0dee730>, gamma=None, gammaErrorPolicy='raise', lms=UNKNOWN, monitor=<psychopy.monitors.calibTools.Monitor object at 0x7fcaf0f63460>, multiSample=False, name='window1', numSamples=2, pos=(530, 350), screen=0, size=array([3440, 2000]), stencilBits=0, stereo=False, units='height', useFBO=True, useRetina=True, viewOri=0.0, viewPos=None, viewScale=None, waitBlanking=True, winType='pyglet')
12.9249 	EXP 	window1: mouseVisible = True
12.9249 	EXP 	window1: Attempting to measure frame rate of screen (0) ...
12.9250 	EXP 	window1: recordFrameIntervals = False
13.0911 	EXP 	window1: recordFrameIntervals = True
13.2744 	EXP 	Screen (0) actual frame rate measured at 59.98Hz
13.2744 	EXP 	window1: recordFrameIntervals = False
13.3214 	WARNING 	launchHubServer: If using the iohub mouse or eyetracker devices, fullScr should be True.
16.5006 	EXP 	Created text_2 = TextStim(__class__=<class 'psychopy.visual.text.TextStim'>, alignHoriz=method-wrapper(...), alignText='center', alignVert=method-wrapper(...), anchorHoriz='center', anchorVert='center', antialias=True, autoDraw=False, autoLog=True, bold=False, color=array([1., 1., 1.]), colorSpace='rgb', contrast=1.0, depth=0.0, flipHoriz=False, flipVert=False, font='Open Sans', fontFiles=[], height=0.05, italic=False, languageStyle='LTR', name='text_2', opacity=1.0, ori=0.0, pos=array([0., 0.]), rgb=UNKNOWN, text=str(...), units='height', win=Window(...), wrapWidth=1)
16.5164 	EXP 	Created text = TextStim(__class__=<class 'psychopy.visual.text.TextStim'>, alignHoriz=method-wrapper(...), alignText='center', alignVert=method-wrapper(...), anchorHoriz='center', anchorVert='center', antialias=True, autoDraw=False, autoLog=True, bold=False, color=array([1., 1., 1.]), colorSpace='rgb', contrast=1.0, depth=0.0, flipHoriz=False, flipVert=False, font='Open Sans', fontFiles=[], height=0.05, italic=False, languageStyle='LTR', name='text', opacity=1.0, ori=0.0, pos=array([0., 0.]), rgb=UNKNOWN, text=str(...), units='height', win=Window(...), wrapWidth=1)
16.5501 	EXP 	Created image = ImageStim(__class__=<class 'psychopy.visual.image.ImageStim'>, anchor=('center', 'center'), autoLog=True, color=array([1., 1., 1.]), colorSpace='rgb', contrast=1.0, depth=-2.0, flipHoriz=False, flipVert=False, image='surveyQRcode.png', interpolate=True, mask=None, maskParams=None, name='image', opacity=1.0, ori=0.0, pos=array([ 0. , -0.3]), size=array([0.25, 0.25]), texRes=128.0, units='height', win=Window(...))
16.5674 	EXP 	Created text_20 = TextStim(__class__=<class 'psychopy.visual.text.TextStim'>, alignHoriz=method-wrapper(...), alignText='center', alignVert=method-wrapper(...), anchorHoriz='center', anchorVert='center', antialias=True, autoDraw=False, autoLog=True, bold=False, color=array([1., 1., 1.]), colorSpace='rgb', contrast=1.0, depth=0.0, flipHoriz=False, flipVert=False, font='Open Sans', fontFiles=[], height=0.05, italic=False, languageStyle='LTR', name='text_20', opacity=1.0, ori=0.0, pos=array([0., 0.]), rgb=UNKNOWN, text=str(...), units='height', win=Window(...), wrapWidth=1)
16.5691 	EXP 	Created text_14 = TextStim(__class__=<class 'psychopy.visual.text.TextStim'>, alignHoriz=method-wrapper(...), alignText='center', alignVert=method-wrapper(...), anchorHoriz='center', anchorVert='center', antialias=True, autoDraw=False, autoLog=True, bold=False, color=array([1., 1., 1.]), colorSpace='rgb', contrast=1.0, depth=0.0, flipHoriz=False, flipVert=False, font='Open Sans', fontFiles=[], height=0.05, italic=False, languageStyle='LTR', name='text_14', opacity=1.0, ori=0.0, pos=array([0., 0.]), rgb=UNKNOWN, text='', units='height', win=Window(...), wrapWidth=1)
16.6336 	EXP 	Sound sound_6 set volume 1.000
16.6338 	EXP 	Sound sound_9 set volume 1.000
16.6340 	EXP 	Sound finish_sound_control_prompt set volume 1.000
16.6414 	EXP 	Created text_23 = TextStim(__class__=<class 'psychopy.visual.text.TextStim'>, alignHoriz=method-wrapper(...), alignText='center', alignVert=method-wrapper(...), anchorHoriz='center', anchorVert='center', antialias=True, autoDraw=False, autoLog=True, bold=False, color=array([1., 1., 1.]), colorSpace='rgb', contrast=1.0, depth=-5.0, flipHoriz=False, flipVert=False, font='Open Sans', fontFiles=[], height=0.05, italic=False, languageStyle='LTR', name='text_23', opacity=1.0, ori=0.0, pos=array([ 0. , -0.3]), rgb=UNKNOWN, text=str(...), units='height', win=Window(...), wrapWidth=1)
16.6513 	EXP 	Created text_21 = TextStim(__class__=<class 'psychopy.visual.text.TextStim'>, alignHoriz=method-wrapper(...), alignText='center', alignVert=method-wrapper(...), anchorHoriz='center', anchorVert='center', antialias=True, autoDraw=False, autoLog=True, bold=False, color=array([1., 1., 1.]), colorSpace='rgb', contrast=1.0, depth=-2.0, flipHoriz=False, flipVert=False, font='Open Sans', fontFiles=[], height=0.05, italic=False, languageStyle='LTR', name='text_21', opacity=1.0, ori=0.0, pos=array([0., 0.]), rgb=UNKNOWN, text=str(...), units='height', win=Window(...), wrapWidth=1)
16.6515 	EXP 	Sound sound_2 set volume 1.000
16.6515 	EXP 	Sound sound_3 set volume 1.000
16.6516 	EXP 	Sound finish_sound_control_resp set volume 1.000
16.6627 	EXP 	Created rest_text = TextStim(__class__=<class 'psychopy.visual.text.TextStim'>, alignHoriz=method-wrapper(...), alignText='center', alignVert=method-wrapper(...), anchorHoriz='center', anchorVert='center', antialias=True, autoDraw=False, autoLog=True, bold=False, color=array([1., 1., 1.]), colorSpace='rgb', contrast=1.0, depth=0.0, flipHoriz=False, flipVert=False, font='Open Sans', fontFiles=[], height=0.05, italic=False, languageStyle='LTR', name='rest_text', opacity=1.0, ori=0.0, pos=array([0., 0.]), rgb=UNKNOWN, text=str(...), units='height', win=Window(...), wrapWidth=1)
16.6632 	EXP 	Sound sound_11 set volume 1.000
16.6633 	EXP 	Sound sound_12 set volume 1.000
16.6635 	EXP 	Sound sound_13 set volume 1.000
16.6851 	EXP 	Created text_19 = TextStim(__class__=<class 'psychopy.visual.text.TextStim'>, alignHoriz=method-wrapper(...), alignText='center', alignVert=method-wrapper(...), anchorHoriz='center', anchorVert='center', antialias=True, autoDraw=False, autoLog=True, bold=False, color=array([1., 1., 1.]), colorSpace='rgb', contrast=1.0, depth=0.0, flipHoriz=False, flipVert=False, font='Open Sans', fontFiles=[], height=0.05, italic=False, languageStyle='LTR', name='text_19', opacity=1.0, ori=0.0, pos=array([0., 0.]), rgb=UNKNOWN, text=str(...), units='height', win=Window(...), wrapWidth=1)
16.6872 	EXP 	Created text_3 = TextStim(__class__=<class 'psychopy.visual.text.TextStim'>, alignHoriz=method-wrapper(...), alignText='center', alignVert=method-wrapper(...), anchorHoriz='center', anchorVert='center', antialias=True, autoDraw=False, autoLog=True, bold=False, color=array([1., 1., 1.]), colorSpace='rgb', contrast=1.0, depth=0.0, flipHoriz=False, flipVert=False, font='Open Sans', fontFiles=[], height=0.05, italic=False, languageStyle='LTR', name='text_3', opacity=1.0, ori=0.0, pos=array([0., 0.]), rgb=UNKNOWN, text='', units='height', win=Window(...), wrapWidth=1)
16.6942 	EXP 	Created text_6 = TextStim(__class__=<class 'psychopy.visual.text.TextStim'>, alignHoriz=method-wrapper(...), alignText='center', alignVert=method-wrapper(...), anchorHoriz='center', anchorVert='center', antialias=True, autoDraw=False, autoLog=True, bold=False, color=array([1., 1., 1.]), colorSpace='rgb', contrast=1.0, depth=-1.0, flipHoriz=False, flipVert=False, font='Open Sans', fontFiles=[], height=0.05, italic=False, languageStyle='LTR', name='text_6', opacity=1.0, ori=0.0, pos=array([ 0. , -0.3]), rgb=UNKNOWN, text=str(...), units='height', win=Window(...), wrapWidth=1)
16.6943 	EXP 	Sound sound_15 set volume 1.000
16.6944 	EXP 	Sound sound_16 set volume 1.000
16.6945 	EXP 	Sound finish_sound_practice_prompt set volume 1.000
16.7013 	EXP 	Created text_7 = TextStim(__class__=<class 'psychopy.visual.text.TextStim'>, alignHoriz=method-wrapper(...), alignText='center', alignVert=method-wrapper(...), anchorHoriz='center', anchorVert='center', antialias=True, autoDraw=False, autoLog=True, bold=False, color=array([1., 1., 1.]), colorSpace='rgb', contrast=1.0, depth=0.0, flipHoriz=False, flipVert=False, font='Open Sans', fontFiles=[], height=0.05, italic=False, languageStyle='LTR', name='text_7', opacity=1.0, ori=0.0, pos=array([0., 0.]), rgb=UNKNOWN, text=str(...), units='height', win=Window(...), wrapWidth=1)
16.7100 	EXP 	Created text_8 = TextStim(__class__=<class 'psychopy.visual.text.TextStim'>, alignHoriz=method-wrapper(...), alignText='center', alignVert=method-wrapper(...), anchorHoriz='center', anchorVert='center', antialias=True, autoDraw=False, autoLog=True, bold=False, color=array([1., 1., 1.]), colorSpace='rgb', contrast=1.0, depth=-1.0, flipHoriz=False, flipVert=False, font='Open Sans', fontFiles=[], height=0.05, italic=False, languageStyle='LTR', name='text_8', opacity=1.0, ori=0.0, pos=array([ 0. , -0.3]), rgb=UNKNOWN, text=str(...), units='height', win=Window(...), wrapWidth=1)
16.7102 	EXP 	Sound sound_4 set volume 1.000
16.7102 	EXP 	Sound sound_5 set volume 1.000
16.7103 	EXP 	Sound finish_sound_practice_resp set volume 1.000
16.7180 	EXP 	Created rest_text = TextStim(__class__=<class 'psychopy.visual.text.TextStim'>, alignHoriz=method-wrapper(...), alignText='center', alignVert=method-wrapper(...), anchorHoriz='center', anchorVert='center', antialias=True, autoDraw=False, autoLog=True, bold=False, color=array([1., 1., 1.]), colorSpace='rgb', contrast=1.0, depth=0.0, flipHoriz=False, flipVert=False, font='Open Sans', fontFiles=[], height=0.05, italic=False, languageStyle='LTR', name='rest_text', opacity=1.0, ori=0.0, pos=array([0., 0.]), rgb=UNKNOWN, text=str(...), units='height', win=Window(...), wrapWidth=1)
16.7183 	EXP 	Sound sound_11 set volume 1.000
16.7184 	EXP 	Sound sound_12 set volume 1.000
16.7185 	EXP 	Sound sound_13 set volume 1.000
16.7203 	EXP 	Created main_question = TextStim(__class__=<class 'psychopy.visual.text.TextStim'>, alignHoriz=method-wrapper(...), alignText='center', alignVert=method-wrapper(...), anchorHoriz='center', anchorVert='center', antialias=True, autoDraw=False, autoLog=True, bold=False, color=array([1., 1., 1.]), colorSpace='rgb', contrast=1.0, depth=0.0, flipHoriz=False, flipVert=False, font='Open Sans', fontFiles=[], height=0.05, italic=False, languageStyle='LTR', name='main_question', opacity=1.0, ori=0.0, pos=array([0., 0.]), rgb=UNKNOWN, text='', units='height', win=Window(...), wrapWidth=1)
16.7282 	EXP 	Created text_24 = TextStim(__class__=<class 'psychopy.visual.text.TextStim'>, alignHoriz=method-wrapper(...), alignText='center', alignVert=method-wrapper(...), anchorHoriz='center', anchorVert='center', antialias=True, autoDraw=False, autoLog=True, bold=False, color=array([1., 1., 1.]), colorSpace='rgb', contrast=1.0, depth=-2.0, flipHoriz=False, flipVert=False, font='Open Sans', fontFiles=[], height=0.05, italic=False, languageStyle='LTR', name='text_24', opacity=1.0, ori=0.0, pos=array([0., 0.]), rgb=UNKNOWN, text=str(...), units='height', win=Window(...), wrapWidth=1)
16.7302 	EXP 	Created text_4 = TextStim(__class__=<class 'psychopy.visual.text.TextStim'>, alignHoriz=method-wrapper(...), alignText='center', alignVert=method-wrapper(...), anchorHoriz='center', anchorVert='center', antialias=True, autoDraw=False, autoLog=True, bold=False, color=array([1., 1., 1.]), colorSpace='rgb', contrast=1.0, depth=0.0, flipHoriz=False, flipVert=False, font='Open Sans', fontFiles=[], height=0.05, italic=False, languageStyle='LTR', name='text_4', opacity=1.0, ori=0.0, pos=array([0., 0.]), rgb=UNKNOWN, text='', units='height', win=Window(...), wrapWidth=1)
16.7372 	EXP 	Created text_10 = TextStim(__class__=<class 'psychopy.visual.text.TextStim'>, alignHoriz=method-wrapper(...), alignText='center', alignVert=method-wrapper(...), anchorHoriz='center', anchorVert='center', antialias=True, autoDraw=False, autoLog=True, bold=False, color=array([1., 1., 1.]), colorSpace='rgb', contrast=1.0, depth=-1.0, flipHoriz=False, flipVert=False, font='Open Sans', fontFiles=[], height=0.05, italic=False, languageStyle='LTR', name='text_10', opacity=1.0, ori=0.0, pos=array([ 0. , -0.3]), rgb=UNKNOWN, text=str(...), units='height', win=Window(...), wrapWidth=1)
16.7374 	EXP 	Sound sound_19 set volume 1.000
16.7375 	EXP 	Sound sound_20 set volume 1.000
16.7376 	EXP 	Sound finish_sound_main_prompt set volume 1.000
16.7444 	EXP 	Created text_15 = TextStim(__class__=<class 'psychopy.visual.text.TextStim'>, alignHoriz=method-wrapper(...), alignText='center', alignVert=method-wrapper(...), anchorHoriz='center', anchorVert='center', antialias=True, autoDraw=False, autoLog=True, bold=False, color=array([1., 1., 1.]), colorSpace='rgb', contrast=1.0, depth=0.0, flipHoriz=False, flipVert=False, font='Open Sans', fontFiles=[], height=0.05, italic=False, languageStyle='LTR', name='text_15', opacity=1.0, ori=0.0, pos=array([0., 0.]), rgb=UNKNOWN, text=str(...), units='height', win=Window(...), wrapWidth=1)
16.7517 	EXP 	Created text_16 = TextStim(__class__=<class 'psychopy.visual.text.TextStim'>, alignHoriz=method-wrapper(...), alignText='center', alignVert=method-wrapper(...), anchorHoriz='center', anchorVert='center', antialias=True, autoDraw=False, autoLog=True, bold=False, color=array([1., 1., 1.]), colorSpace='rgb', contrast=1.0, depth=-1.0, flipHoriz=False, flipVert=False, font='Open Sans', fontFiles=[], height=0.05, italic=False, languageStyle='LTR', name='text_16', opacity=1.0, ori=0.0, pos=array([ 0. , -0.3]), rgb=UNKNOWN, text=str(...), units='height', win=Window(...), wrapWidth=1)
16.7518 	EXP 	Sound sound_7 set volume 1.000
16.7519 	EXP 	Sound sound_8 set volume 1.000
16.7519 	EXP 	Sound finish_sound_main_resp set volume 1.000
16.7590 	EXP 	Created rest_text = TextStim(__class__=<class 'psychopy.visual.text.TextStim'>, alignHoriz=method-wrapper(...), alignText='center', alignVert=method-wrapper(...), anchorHoriz='center', anchorVert='center', antialias=True, autoDraw=False, autoLog=True, bold=False, color=array([1., 1., 1.]), colorSpace='rgb', contrast=1.0, depth=0.0, flipHoriz=False, flipVert=False, font='Open Sans', fontFiles=[], height=0.05, italic=False, languageStyle='LTR', name='rest_text', opacity=1.0, ori=0.0, pos=array([0., 0.]), rgb=UNKNOWN, text=str(...), units='height', win=Window(...), wrapWidth=1)
16.7594 	EXP 	Sound sound_11 set volume 1.000
16.7595 	EXP 	Sound sound_12 set volume 1.000
16.7596 	EXP 	Sound sound_13 set volume 1.000
16.7698 	EXP 	Created text_13 = TextStim(__class__=<class 'psychopy.visual.text.TextStim'>, alignHoriz=method-wrapper(...), alignText='center', alignVert=method-wrapper(...), anchorHoriz='center', anchorVert='center', antialias=True, autoDraw=False, autoLog=True, bold=False, color=array([1., 1., 1.]), colorSpace='rgb', contrast=1.0, depth=0.0, flipHoriz=False, flipVert=False, font='Open Sans', fontFiles=[], height=0.05, italic=False, languageStyle='LTR', name='text_13', opacity=1.0, ori=0.0, pos=array([0., 0.]), rgb=UNKNOWN, text=str(...), units='height', win=Window(...), wrapWidth=1)
16.7759 	EXP 	Created text_22 = TextStim(__class__=<class 'psychopy.visual.text.TextStim'>, alignHoriz=method-wrapper(...), alignText='center', alignVert=method-wrapper(...), anchorHoriz='center', anchorVert='center', antialias=True, autoDraw=False, autoLog=True, bold=False, color=array([1., 1., 1.]), colorSpace='rgb', contrast=1.0, depth=-2.0, flipHoriz=False, flipVert=False, font='Open Sans', fontFiles=[], height=0.05, italic=False, languageStyle='LTR', name='text_22', opacity=1.0, ori=0.0, pos=array([0., 0.]), rgb=UNKNOWN, text='Press the Spacebar to continue', units='height', win=Window(...), wrapWidth=1)
16.7783 	EXP 	Created text_11 = TextStim(__class__=<class 'psychopy.visual.text.TextStim'>, alignHoriz=method-wrapper(...), alignText='center', alignVert=method-wrapper(...), anchorHoriz='center', anchorVert='center', antialias=True, autoDraw=False, autoLog=True, bold=False, color=array([1., 1., 1.]), colorSpace='rgb', contrast=1.0, depth=0.0, flipHoriz=False, flipVert=False, font='Open Sans', fontFiles=[], height=0.05, italic=False, languageStyle='LTR', name='text_11', opacity=1.0, ori=0.0, pos=array([0., 0.]), rgb=UNKNOWN, text='', units='height', win=Window(...), wrapWidth=1)
16.7865 	EXP 	Created text_12 = TextStim(__class__=<class 'psychopy.visual.text.TextStim'>, alignHoriz=method-wrapper(...), alignText='center', alignVert=method-wrapper(...), anchorHoriz='center', anchorVert='center', antialias=True, autoDraw=False, autoLog=True, bold=False, color=array([1., 1., 1.]), colorSpace='rgb', contrast=1.0, depth=-1.0, flipHoriz=False, flipVert=False, font='Open Sans', fontFiles=[], height=0.05, italic=False, languageStyle='LTR', name='text_12', opacity=1.0, ori=0.0, pos=array([ 0. , -0.3]), rgb=UNKNOWN, text=str(...), units='height', win=Window(...), wrapWidth=1)
16.7867 	EXP 	Sound sound_17 set volume 1.000
16.7868 	EXP 	Sound sound_18 set volume 1.000
16.7868 	EXP 	Sound finish_sound_inflam_prompt set volume 1.000
16.7932 	EXP 	Created text_17 = TextStim(__class__=<class 'psychopy.visual.text.TextStim'>, alignHoriz=method-wrapper(...), alignText='center', alignVert=method-wrapper(...), anchorHoriz='center', anchorVert='center', antialias=True, autoDraw=False, autoLog=True, bold=False, color=array([1., 1., 1.]), colorSpace='rgb', contrast=1.0, depth=0.0, flipHoriz=False, flipVert=False, font='Open Sans', fontFiles=[], height=0.05, italic=False, languageStyle='LTR', name='text_17', opacity=1.0, ori=0.0, pos=array([0., 0.]), rgb=UNKNOWN, text=str(...), units='height', win=Window(...), wrapWidth=1)
16.8003 	EXP 	Created text_18 = TextStim(__class__=<class 'psychopy.visual.text.TextStim'>, alignHoriz=method-wrapper(...), alignText='center', alignVert=method-wrapper(...), anchorHoriz='center', anchorVert='center', antialias=True, autoDraw=False, autoLog=True, bold=False, color=array([1., 1., 1.]), colorSpace='rgb', contrast=1.0, depth=-1.0, flipHoriz=False, flipVert=False, font='Open Sans', fontFiles=[], height=0.05, italic=False, languageStyle='LTR', name='text_18', opacity=1.0, ori=0.0, pos=array([ 0. , -0.3]), rgb=UNKNOWN, text=str(...), units='height', win=Window(...), wrapWidth=1)
16.8005 	EXP 	Sound sound_14 set volume 1.000
16.8005 	EXP 	Sound sound_21 set volume 1.000
16.8007 	EXP 	Sound finish_sound_inflam_resp set volume 1.000
16.8079 	EXP 	Created rest_text = TextStim(__class__=<class 'psychopy.visual.text.TextStim'>, alignHoriz=method-wrapper(...), alignText='center', alignVert=method-wrapper(...), anchorHoriz='center', anchorVert='center', antialias=True, autoDraw=False, autoLog=True, bold=False, color=array([1., 1., 1.]), colorSpace='rgb', contrast=1.0, depth=0.0, flipHoriz=False, flipVert=False, font='Open Sans', fontFiles=[], height=0.05, italic=False, languageStyle='LTR', name='rest_text', opacity=1.0, ori=0.0, pos=array([0., 0.]), rgb=UNKNOWN, text=str(...), units='height', win=Window(...), wrapWidth=1)
16.8082 	EXP 	Sound sound_11 set volume 1.000
16.8083 	EXP 	Sound sound_12 set volume 1.000
16.8084 	EXP 	Sound sound_13 set volume 1.000
16.8139 	EXP 	Created text_9 = TextStim(__class__=<class 'psychopy.visual.text.TextStim'>, alignHoriz=method-wrapper(...), alignText='center', alignVert=method-wrapper(...), anchorHoriz='center', anchorVert='center', antialias=True, autoDraw=False, autoLog=True, bold=False, color=array([1., 1., 1.]), colorSpace='rgb', contrast=1.0, depth=0.0, flipHoriz=False, flipVert=False, font='Open Sans', fontFiles=[], height=0.05, italic=False, languageStyle='LTR', name='text_9', opacity=1.0, ori=0.0, pos=array([0., 0.]), rgb=UNKNOWN, text="You're all done. Thank you for your time!", units='height', win=Window(...), wrapWidth=1)
16.8553 	EXP 	text_2: autoDraw = True
77.5528 	EXP 	text_2: autoDraw = False
77.5528 	EXP 	text: autoDraw = True
77.5528 	EXP 	image: autoDraw = True
79.0416 	EXP 	text: autoDraw = False
79.0416 	EXP 	image: autoDraw = False
79.0416 	EXP 	text_20: autoDraw = True
83.7958 	EXP 	Imported control_questions.xlsx as conditions, 3 conditions, 1 params
83.7986 	EXP 	Created sequence: random, trialTypes=3, nReps=0, seed=None
83.8667 	EXP 	text_20: autoDraw = False
83.8667 	EXP 	text_19: autoDraw = True
87.8170 	EXP 	Imported main_stims.xlsx as conditions, 3 conditions, 6 params
87.8191 	EXP 	Created sequence: random, trialTypes=3, nReps=1, seed=None
87.8206 	EXP 	New trial (rep=0, index=0): {'main_questions': 'What skill would you like to master?', 'main_responses': "I would love to learn how to juggle. I know that’s kind of weird but it's super fun. Do you have a skill you're trying to learn?", 'inflam_questions': 'Do you think religion should or should not be integrated into education?', 'inflam_responses': 'I think it should. I think a lot of people could benefit from having a role model in their life and something to lean on. Do you have an opinion on that?', 'practice_questions': 'What causes are you passionate about?', 'practice_response': "I really care about the planet…I know that sounds very basic but I really do think it deserves more attention. Do you have a cause you're passionate about?"}
87.8671 	EXP 	text_19: autoDraw = False
87.8671 	EXP 	text_3: height = 0.05
87.8671 	EXP 	text_3: height = 0.05
87.8671 	EXP 	text_3: height = 0.05
87.8671 	EXP 	text_3: text = 'What causes are you passionate about?'
87.8671 	EXP 	text_3: autoDraw = True
87.8671 	EXP 	text_6: autoDraw = True
107.8523 	EXP 	text_3: autoDraw = False
107.8523 	EXP 	text_6: autoDraw = False
107.8523 	EXP 	text_7: autoDraw = True
107.8523 	EXP 	text_8: autoDraw = True
121.1808 	DATA 	Mouse: Left button down, pos=(1330,924)
121.2283 	DATA 	Mouse:  Left button up, pos=(1330,924)
167.8265 	EXP 	text_7: autoDraw = False
167.8265 	EXP 	text_8: autoDraw = False
167.8265 	EXP 	rest_text: autoDraw = True
197.8376 	EXP 	New trial (rep=0, index=1): {'main_questions': 'What is the best way to start the day?', 'main_responses': "I'd have to say a cup of coffee and yoga outside. You just feel so relaxed and awake after! Do you have a special morning routine?", 'inflam_questions': 'Should AI be allowed to make judicial decisions?', 'inflam_responses': "I really don't know… on one hand I think it would be more consistent on the other it seems a little dystopic. How do you feel about that?", 'practice_questions': 'Do you have any pet peeves?', 'practice_response': 'Yes! Dishes in the sink are SO triggering! Do you have anything that annoys you like that?'}
197.9224 	EXP 	rest_text: autoDraw = False
197.9224 	EXP 	text_3: height = 0.05
197.9224 	EXP 	text_3: height = 0.05
197.9224 	EXP 	text_3: height = 0.05
197.9224 	EXP 	text_3: text = 'Do you have any pet peeves?'
197.9224 	EXP 	text_3: autoDraw = True
197.9224 	EXP 	text_6: autoDraw = True
213.4229 	DATA 	Keypress: space
213.4323 	EXP 	text_3: autoDraw = False
213.4323 	EXP 	text_6: autoDraw = False
213.4323 	EXP 	text_7: autoDraw = True
213.4323 	EXP 	text_8: autoDraw = True
273.4540 	EXP 	text_7: autoDraw = False
273.4540 	EXP 	text_8: autoDraw = False
273.4540 	EXP 	text_7: autoDraw = False
273.4540 	EXP 	text_8: autoDraw = False
273.4540 	EXP 	rest_text: autoDraw = True
303.4451 	EXP 	rest_text: autoDraw = False
303.5065 	EXP 	New trial (rep=0, index=2): {'main_questions': 'What’s the best way a person can spend their time?', 'main_responses': 'Either learning or spending time with friends and family I guess. That seems like a cliché answer though. How do you prefer to spend your time?', 'inflam_questions': 'How tightly should we regulate immigration?', 'inflam_responses': "There needs to be a certain amount of control over it. I don't think we can have just anyone crossing the border unfortunately. What are your thoughts on that?", 'practice_questions': 'Would you say you are an introvert or an extrovert?', 'practice_response': 'Somewhere in the middle I guess. I like spending time with people but after awhile it stresses me out. How about you?'}
303.5761 	EXP 	rest_text: autoDraw = False
303.5761 	EXP 	text_3: height = 0.05
303.5761 	EXP 	text_3: height = 0.05
303.5761 	EXP 	text_3: height = 0.05
303.5761 	EXP 	text_3: text = 'Would you say you are an introvert or an extrovert?'
303.5761 	EXP 	text_3: autoDraw = True
303.5761 	EXP 	text_6: autoDraw = True
323.5774 	EXP 	text_3: autoDraw = False
323.5774 	EXP 	text_6: autoDraw = False
323.5774 	EXP 	text_3: autoDraw = False
323.5774 	EXP 	text_6: autoDraw = False
323.5774 	EXP 	text_7: autoDraw = True
323.5774 	EXP 	text_8: autoDraw = True
383.5782 	EXP 	text_7: autoDraw = False
383.5782 	EXP 	text_8: autoDraw = False
383.6371 	EXP 	text_7: autoDraw = False
383.6371 	EXP 	text_8: autoDraw = False
383.6371 	EXP 	rest_text: autoDraw = True
413.7346 	EXP 	rest_text: autoDraw = False
413.7346 	EXP 	rest_text: autoDraw = False
413.7346 	EXP 	main_question: height = 0.05
413.7346 	EXP 	main_question: height = 0.05
413.7346 	EXP 	main_question: height = 0.05
413.7346 	EXP 	main_question: text = "Nice work on the practice!\n\nNow that you've had a chance to practice do you have any questions? You have one minute to rest and ask questions.\n"
413.7346 	EXP 	main_question: autoDraw = True
473.7173 	EXP 	text_24: autoDraw = True
483.8816 	EXP 	Imported main_stims.xlsx as conditions, 3 conditions, 6 params
483.8933 	EXP 	Created sequence: random, trialTypes=3, nReps=1, seed=None
483.8945 	EXP 	New trial (rep=0, index=0): {'main_questions': 'What’s the best way a person can spend their time?', 'main_responses': 'Either learning or spending time with friends and family I guess. That seems like a cliché answer though. How do you prefer to spend your time?', 'inflam_questions': 'How tightly should we regulate immigration?', 'inflam_responses': "There needs to be a certain amount of control over it. I don't think we can have just anyone crossing the border unfortunately. What are your thoughts on that?", 'practice_questions': 'Would you say you are an introvert or an extrovert?', 'practice_response': 'Somewhere in the middle I guess. I like spending time with people but after awhile it stresses me out. How about you?'}
483.9978 	DATA 	Keypress: space
484.0514 	EXP 	main_question: autoDraw = False
484.0514 	EXP 	text_24: autoDraw = False
484.0514 	EXP 	text_4: height = 0.05
484.0514 	EXP 	text_4: height = 0.05
484.0514 	EXP 	text_4: height = 0.05
484.0514 	EXP 	text_4: text = 'What’s the best way a person can spend their time?'
484.0514 	EXP 	text_4: autoDraw = True
484.0514 	EXP 	text_10: autoDraw = True
499.3021 	DATA 	Keypress: space
499.3092 	EXP 	text_4: autoDraw = False
499.3092 	EXP 	text_10: autoDraw = False
499.3092 	EXP 	text_15: autoDraw = True
499.3092 	EXP 	text_16: autoDraw = True
555.3794 	DATA 	Keypress: space
555.4090 	EXP 	text_15: autoDraw = False
555.4090 	EXP 	text_16: autoDraw = False
555.4090 	EXP 	rest_text: autoDraw = True
585.4097 	EXP 	New trial (rep=0, index=1): {'main_questions': 'What is the best way to start the day?', 'main_responses': "I'd have to say a cup of coffee and yoga outside. You just feel so relaxed and awake after! Do you have a special morning routine?", 'inflam_questions': 'Should AI be allowed to make judicial decisions?', 'inflam_responses': "I really don't know… on one hand I think it would be more consistent on the other it seems a little dystopic. How do you feel about that?", 'practice_questions': 'Do you have any pet peeves?', 'practice_response': 'Yes! Dishes in the sink are SO triggering! Do you have anything that annoys you like that?'}
585.4330 	EXP 	rest_text: autoDraw = False
585.4330 	EXP 	rest_text: autoDraw = False
585.4330 	EXP 	text_4: height = 0.05
585.4330 	EXP 	text_4: height = 0.05
585.4330 	EXP 	text_4: height = 0.05
585.4330 	EXP 	text_4: text = 'What is the best way to start the day?'
585.4330 	EXP 	text_4: autoDraw = True
585.4330 	EXP 	text_10: autoDraw = True
598.5032 	DATA 	Keypress: space
598.5415 	EXP 	text_4: autoDraw = False
598.5415 	EXP 	text_10: autoDraw = False
598.5415 	EXP 	text_15: autoDraw = True
598.5415 	EXP 	text_16: autoDraw = True
658.5457 	EXP 	text_15: autoDraw = False
658.5457 	EXP 	text_16: autoDraw = False
658.5457 	EXP 	text_15: autoDraw = False
658.5457 	EXP 	text_16: autoDraw = False
658.5457 	EXP 	rest_text: autoDraw = True
688.5723 	EXP 	New trial (rep=0, index=2): {'main_questions': 'What skill would you like to master?', 'main_responses': "I would love to learn how to juggle. I know that’s kind of weird but it's super fun. Do you have a skill you're trying to learn?", 'inflam_questions': 'Do you think religion should or should not be integrated into education?', 'inflam_responses': 'I think it should. I think a lot of people could benefit from having a role model in their life and something to lean on. Do you have an opinion on that?', 'practice_questions': 'What causes are you passionate about?', 'practice_response': "I really care about the planet…I know that sounds very basic but I really do think it deserves more attention. Do you have a cause you're passionate about?"}
688.5966 	EXP 	rest_text: autoDraw = False
688.5966 	EXP 	rest_text: autoDraw = False
688.5966 	EXP 	text_4: height = 0.05
688.5966 	EXP 	text_4: height = 0.05
688.5966 	EXP 	text_4: height = 0.05
688.5966 	EXP 	text_4: text = 'What skill would you like to master?'
688.5966 	EXP 	text_4: autoDraw = True
688.5966 	EXP 	text_10: autoDraw = True
700.5355 	DATA 	Keypress: space
700.5886 	EXP 	text_4: autoDraw = False
700.5886 	EXP 	text_10: autoDraw = False
700.5886 	EXP 	text_15: autoDraw = True
700.5886 	EXP 	text_16: autoDraw = True
760.6145 	EXP 	text_15: autoDraw = False
760.6145 	EXP 	text_16: autoDraw = False
760.6145 	EXP 	text_15: autoDraw = False
760.6145 	EXP 	text_16: autoDraw = False
760.6145 	EXP 	rest_text: autoDraw = True
788.8653 	DATA 	Mouse: Left button down, pos=(1508,741)
788.9392 	DATA 	Mouse:  Left button up, pos=(1507,741)
789.5450 	DATA 	Keypress: escape
791.0836 	EXP 	window1: mouseVisible = True
