1.0381 	WARNING 	We strongly recommend you activate the PTB sound engine in PsychoPy prefs as the preferred audio engine. Its timing is vastly superior. Your prefs are currently set to use ['sounddevice', 'PTB', 'pyo', 'pygame'] (in that order).
6.7995 	WARNING 	User requested fullscreen with size [1024  768], but screen is actually [1680, 1050]. Using actual size
7.5719 	EXP 	Created window1 = Window(allowGUI=False, allowStencil=False, autoLog=True, backendConf=UNKNOWN, bitsMode=UNKNOWN, blendMode='avg', bpc=(8, 8, 8), color=array([0, 0, 0]), colorSpace='rgb', depthBits=8, fullscr=<method-wrapper '__getattribute__' of attributeSetter object at 0x7f9f223b24f0>, gamma=None, gammaErrorPolicy='raise', lms=UNKNOWN, monitor=<psychopy.monitors.calibTools.Monitor object at 0x7f9f2313d970>, multiSample=False, name='window1', numSamples=2, pos=[420.0, 262.5], screen=0, size=array([3360, 2100]), stencilBits=0, stereo=False, units='height', useFBO=True, useRetina=True, viewOri=0.0, viewPos=None, viewScale=None, waitBlanking=True, winType='pyglet')
7.5721 	EXP 	window1: mouseVisible = True
7.5722 	EXP 	window1: Attempting to measure frame rate of screen (0) ...
7.5722 	EXP 	window1: recordFrameIntervals = False
7.7382 	EXP 	window1: recordFrameIntervals = True
7.8586 	WARNING 	t of last frame was 20.49ms (=1/48)
8.0213 	EXP 	Screen (0) actual frame rate measured at 61.56Hz
8.0214 	EXP 	window1: recordFrameIntervals = False
10.2557 	EXP 	Created text_2 = TextStim(__class__=<class 'psychopy.visual.text.TextStim'>, alignHoriz=method-wrapper(...), alignText='center', alignVert=method-wrapper(...), anchorHoriz='center', anchorVert='center', antialias=True, autoDraw=False, autoLog=True, bold=False, color=array([1., 1., 1.]), colorSpace='rgb', contrast=1.0, depth=0.0, flipHoriz=False, flipVert=False, font='Open Sans', fontFiles=[], height=0.05, italic=False, languageStyle='LTR', name='text_2', opacity=1.0, ori=0.0, pos=array([0., 0.]), rgb=UNKNOWN, text=str(...), units='height', win=Window(...), wrapWidth=1)
10.2605 	EXP 	Created text = TextStim(__class__=<class 'psychopy.visual.text.TextStim'>, alignHoriz=method-wrapper(...), alignText='center', alignVert=method-wrapper(...), anchorHoriz='center', anchorVert='center', antialias=True, autoDraw=False, autoLog=True, bold=False, color=array([1., 1., 1.]), colorSpace='rgb', contrast=1.0, depth=0.0, flipHoriz=False, flipVert=False, font='Open Sans', fontFiles=[], height=0.05, italic=False, languageStyle='LTR', name='text', opacity=1.0, ori=0.0, pos=array([0., 0.]), rgb=UNKNOWN, text=str(...), units='height', win=Window(...), wrapWidth=1)
10.2687 	EXP 	Imported testsurvey.csv as conditions, 5 conditions, 6 params
10.2687 	WARNING 	Form background included field no longer used questionText. Replacing with new name 'itemText'
10.2687 	WARNING 	questionWidth is a deprecated heading for Forms. Use itemWidth instead
10.2688 	WARNING 	questionWidth is a deprecated heading for Forms. Use itemWidth instead
10.2688 	WARNING 	questionWidth is a deprecated heading for Forms. Use itemWidth instead
10.2688 	WARNING 	questionWidth is a deprecated heading for Forms. Use itemWidth instead
10.2688 	WARNING 	questionWidth is a deprecated heading for Forms. Use itemWidth instead
10.2697 	EXP 	Question text: Are you alone?
10.3070 	EXP 	window1: mouseVisible = True
10.3581 	EXP 	Question text: What is your gender?
10.3723 	EXP 	window1: mouseVisible = True
10.4088 	EXP 	Question text: How old are you?
10.4199 	EXP 	Question text: What year of school are you in?
10.9884 	EXP 	window1: mouseVisible = True
