1.6421 	WARNING 	We strongly recommend you activate the PTB sound engine in PsychoPy prefs as the preferred audio engine. Its timing is vastly superior. Your prefs are currently set to use ['sounddevice', 'PTB', 'pyo', 'pygame'] (in that order).
7.0409 	WARNING 	User requested fullscreen with size [1024  768], but screen is actually [1680, 1050]. Using actual size
7.7825 	EXP 	Created window1 = Window(allowGUI=False, allowStencil=False, autoLog=True, backendConf=UNKNOWN, bitsMode=UNKNOWN, blendMode='avg', bpc=(8, 8, 8), color=array([0, 0, 0]), colorSpace='rgb', depthBits=8, fullscr=<method-wrapper '__getattribute__' of attributeSetter object at 0x7fa4f5374520>, gamma=None, gammaErrorPolicy='raise', lms=UNKNOWN, monitor=<psychopy.monitors.calibTools.Monitor object at 0x7fa4f5e0a700>, multiSample=False, name='window1', numSamples=2, pos=[420.0, 262.5], screen=0, size=array([3360, 2100]), stencilBits=0, stereo=False, units='height', useFBO=True, useRetina=True, viewOri=0.0, viewPos=None, viewScale=None, waitBlanking=True, winType='pyglet')
7.7827 	EXP 	window1: mouseVisible = True
7.7827 	EXP 	window1: Attempting to measure frame rate of screen (0) ...
7.7828 	EXP 	window1: recordFrameIntervals = False
7.9482 	EXP 	window1: recordFrameIntervals = True
8.1323 	EXP 	Screen (0) actual frame rate measured at 59.89Hz
8.1323 	EXP 	window1: recordFrameIntervals = False
9.9526 	EXP 	Created text_2 = TextStim(__class__=<class 'psychopy.visual.text.TextStim'>, alignHoriz=method-wrapper(...), alignText='center', alignVert=method-wrapper(...), anchorHoriz='center', anchorVert='center', antialias=True, autoDraw=False, autoLog=True, bold=False, color=array([1., 1., 1.]), colorSpace='rgb', contrast=1.0, depth=0.0, flipHoriz=False, flipVert=False, font='Open Sans', fontFiles=[], height=0.05, italic=False, languageStyle='LTR', name='text_2', opacity=1.0, ori=0.0, pos=array([0., 0.]), rgb=UNKNOWN, text=str(...), units='height', win=Window(...), wrapWidth=1)
9.9574 	EXP 	Created text = TextStim(__class__=<class 'psychopy.visual.text.TextStim'>, alignHoriz=method-wrapper(...), alignText='center', alignVert=method-wrapper(...), anchorHoriz='center', anchorVert='center', antialias=True, autoDraw=False, autoLog=True, bold=False, color=array([1., 1., 1.]), colorSpace='rgb', contrast=1.0, depth=0.0, flipHoriz=False, flipVert=False, font='Open Sans', fontFiles=[], height=0.05, italic=False, languageStyle='LTR', name='text', opacity=1.0, ori=0.0, pos=array([0., 0.]), rgb=UNKNOWN, text=str(...), units='height', win=Window(...), wrapWidth=1)
9.9662 	EXP 	Imported testsurvey.csv as conditions, 4 conditions, 6 params
9.9662 	WARNING 	Form background included field no longer used questionText. Replacing with new name 'itemText'
9.9662 	WARNING 	questionWidth is a deprecated heading for Forms. Use itemWidth instead
9.9663 	WARNING 	questionWidth is a deprecated heading for Forms. Use itemWidth instead
9.9663 	WARNING 	questionWidth is a deprecated heading for Forms. Use itemWidth instead
9.9663 	WARNING 	questionWidth is a deprecated heading for Forms. Use itemWidth instead
9.9672 	EXP 	Question text: Are you lucky?
10.0035 	EXP 	window1: mouseVisible = True
10.0535 	EXP 	Question text: Are you sad?
10.0628 	EXP 	window1: mouseVisible = True
10.1000 	EXP 	Question text: Are you alone?
10.1071 	EXP 	window1: mouseVisible = True
10.1437 	EXP 	Question text: Are you happy?
10.1514 	EXP 	window1: mouseVisible = True
10.1873 	EXP 	window1: mouseVisible = True
10.2222 	EXP 	Created background = <psychopy.visual.form.Form object at 0x7fa4f57b6fa0>
10.2235 	EXP 	Created text_3 = TextStim(__class__=<class 'psychopy.visual.text.TextStim'>, alignHoriz=method-wrapper(...), alignText='center', alignVert=method-wrapper(...), anchorHoriz='center', anchorVert='center', antialias=True, autoDraw=False, autoLog=True, bold=False, color=array([1., 1., 1.]), colorSpace='rgb', contrast=1.0, depth=0.0, flipHoriz=False, flipVert=False, font='Open Sans', fontFiles=[], height=0.05, italic=False, languageStyle='LTR', name='text_3', opacity=1.0, ori=0.0, pos=array([0., 0.]), rgb=UNKNOWN, text='', units='height', win=Window(...), wrapWidth=1)
10.2296 	EXP 	Created text_6 = TextStim(__class__=<class 'psychopy.visual.text.TextStim'>, alignHoriz=method-wrapper(...), alignText='center', alignVert=method-wrapper(...), anchorHoriz='center', anchorVert='center', antialias=True, autoDraw=False, autoLog=True, bold=False, color=array([1., 1., 1.]), colorSpace='rgb', contrast=1.0, depth=-1.0, flipHoriz=False, flipVert=False, font='Open Sans', fontFiles=[], height=0.05, italic=False, languageStyle='LTR', name='text_6', opacity=1.0, ori=0.0, pos=array([ 0. , -0.3]), rgb=UNKNOWN, text=str(...), units='height', win=Window(...), wrapWidth=1)
10.2338 	EXP 	Created text_7 = TextStim(__class__=<class 'psychopy.visual.text.TextStim'>, alignHoriz=method-wrapper(...), alignText='center', alignVert=method-wrapper(...), anchorHoriz='center', anchorVert='center', antialias=True, autoDraw=False, autoLog=True, bold=False, color=array([1., 1., 1.]), colorSpace='rgb', contrast=1.0, depth=0.0, flipHoriz=False, flipVert=False, font='Open Sans', fontFiles=[], height=0.05, italic=False, languageStyle='LTR', name='text_7', opacity=1.0, ori=0.0, pos=array([0., 0.]), rgb=UNKNOWN, text=str(...), units='height', win=Window(...), wrapWidth=1)
10.2380 	EXP 	Created text_8 = TextStim(__class__=<class 'psychopy.visual.text.TextStim'>, alignHoriz=method-wrapper(...), alignText='center', alignVert=method-wrapper(...), anchorHoriz='center', anchorVert='center', antialias=True, autoDraw=False, autoLog=True, bold=False, color=array([1., 1., 1.]), colorSpace='rgb', contrast=1.0, depth=-1.0, flipHoriz=False, flipVert=False, font='Open Sans', fontFiles=[], height=0.05, italic=False, languageStyle='LTR', name='text_8', opacity=1.0, ori=0.0, pos=array([ 0. , -0.3]), rgb=UNKNOWN, text='You have 15 more seconds.', units='height', win=Window(...), wrapWidth=1)
10.2394 	EXP 	Created end_discuss = TextStim(__class__=<class 'psychopy.visual.text.TextStim'>, alignHoriz=method-wrapper(...), alignText='center', alignVert=method-wrapper(...), anchorHoriz='center', anchorVert='center', antialias=True, autoDraw=False, autoLog=True, bold=False, color=array([1., 1., 1.]), colorSpace='rgb', contrast=1.0, depth=-2.0, flipHoriz=False, flipVert=False, font='Open Sans', fontFiles=[], height=0.05, italic=False, languageStyle='LTR', name='end_discuss', opacity=1.0, ori=0.0, pos=array([0., 0.]), rgb=UNKNOWN, text='', units='height', win=Window(...), wrapWidth=1)
10.2452 	EXP 	Created rest_text = TextStim(__class__=<class 'psychopy.visual.text.TextStim'>, alignHoriz=method-wrapper(...), alignText='center', alignVert=method-wrapper(...), anchorHoriz='center', anchorVert='center', antialias=True, autoDraw=False, autoLog=True, bold=False, color=array([1., 1., 1.]), colorSpace='rgb', contrast=1.0, depth=0.0, flipHoriz=False, flipVert=False, font='Open Sans', fontFiles=[], height=0.05, italic=False, languageStyle='LTR', name='rest_text', opacity=1.0, ori=0.0, pos=array([0., 0.]), rgb=UNKNOWN, text=str(...), units='height', win=Window(...), wrapWidth=1)
10.2494 	EXP 	Created text_5 = TextStim(__class__=<class 'psychopy.visual.text.TextStim'>, alignHoriz=method-wrapper(...), alignText='center', alignVert=method-wrapper(...), anchorHoriz='center', anchorVert='center', antialias=True, autoDraw=False, autoLog=True, bold=False, color=array([1., 1., 1.]), colorSpace='rgb', contrast=1.0, depth=0.0, flipHoriz=False, flipVert=False, font='Open Sans', fontFiles=[], height=0.05, italic=False, languageStyle='LTR', name='text_5', opacity=1.0, ori=0.0, pos=array([0., 0.]), rgb=UNKNOWN, text=str(...), units='height', win=Window(...), wrapWidth=1)
10.2505 	EXP 	Created main_question = TextStim(__class__=<class 'psychopy.visual.text.TextStim'>, alignHoriz=method-wrapper(...), alignText='center', alignVert=method-wrapper(...), anchorHoriz='center', anchorVert='center', antialias=True, autoDraw=False, autoLog=True, bold=False, color=array([1., 1., 1.]), colorSpace='rgb', contrast=1.0, depth=0.0, flipHoriz=False, flipVert=False, font='Open Sans', fontFiles=[], height=0.05, italic=False, languageStyle='LTR', name='main_question', opacity=1.0, ori=0.0, pos=array([0., 0.]), rgb=UNKNOWN, text='', units='height', win=Window(...), wrapWidth=1)
10.2516 	EXP 	Created text_4 = TextStim(__class__=<class 'psychopy.visual.text.TextStim'>, alignHoriz=method-wrapper(...), alignText='center', alignVert=method-wrapper(...), anchorHoriz='center', anchorVert='center', antialias=True, autoDraw=False, autoLog=True, bold=False, color=array([1., 1., 1.]), colorSpace='rgb', contrast=1.0, depth=0.0, flipHoriz=False, flipVert=False, font='Open Sans', fontFiles=[], height=0.05, italic=False, languageStyle='LTR', name='text_4', opacity=1.0, ori=0.0, pos=array([0., 0.]), rgb=UNKNOWN, text='', units='height', win=Window(...), wrapWidth=1)
10.2556 	EXP 	Created text_10 = TextStim(__class__=<class 'psychopy.visual.text.TextStim'>, alignHoriz=method-wrapper(...), alignText='center', alignVert=method-wrapper(...), anchorHoriz='center', anchorVert='center', antialias=True, autoDraw=False, autoLog=True, bold=False, color=array([1., 1., 1.]), colorSpace='rgb', contrast=1.0, depth=-1.0, flipHoriz=False, flipVert=False, font='Open Sans', fontFiles=[], height=0.05, italic=False, languageStyle='LTR', name='text_10', opacity=1.0, ori=0.0, pos=array([0., 0.]), rgb=UNKNOWN, text=str(...), units='height', win=Window(...), wrapWidth=1)
10.2594 	EXP 	Created text_7 = TextStim(__class__=<class 'psychopy.visual.text.TextStim'>, alignHoriz=method-wrapper(...), alignText='center', alignVert=method-wrapper(...), anchorHoriz='center', anchorVert='center', antialias=True, autoDraw=False, autoLog=True, bold=False, color=array([1., 1., 1.]), colorSpace='rgb', contrast=1.0, depth=0.0, flipHoriz=False, flipVert=False, font='Open Sans', fontFiles=[], height=0.05, italic=False, languageStyle='LTR', name='text_7', opacity=1.0, ori=0.0, pos=array([0., 0.]), rgb=UNKNOWN, text=str(...), units='height', win=Window(...), wrapWidth=1)
10.2624 	EXP 	Created text_8 = TextStim(__class__=<class 'psychopy.visual.text.TextStim'>, alignHoriz=method-wrapper(...), alignText='center', alignVert=method-wrapper(...), anchorHoriz='center', anchorVert='center', antialias=True, autoDraw=False, autoLog=True, bold=False, color=array([1., 1., 1.]), colorSpace='rgb', contrast=1.0, depth=-1.0, flipHoriz=False, flipVert=False, font='Open Sans', fontFiles=[], height=0.05, italic=False, languageStyle='LTR', name='text_8', opacity=1.0, ori=0.0, pos=array([ 0. , -0.3]), rgb=UNKNOWN, text='You have 15 more seconds.', units='height', win=Window(...), wrapWidth=1)
10.2639 	EXP 	Created end_discuss = TextStim(__class__=<class 'psychopy.visual.text.TextStim'>, alignHoriz=method-wrapper(...), alignText='center', alignVert=method-wrapper(...), anchorHoriz='center', anchorVert='center', antialias=True, autoDraw=False, autoLog=True, bold=False, color=array([1., 1., 1.]), colorSpace='rgb', contrast=1.0, depth=-2.0, flipHoriz=False, flipVert=False, font='Open Sans', fontFiles=[], height=0.05, italic=False, languageStyle='LTR', name='end_discuss', opacity=1.0, ori=0.0, pos=array([0., 0.]), rgb=UNKNOWN, text='', units='height', win=Window(...), wrapWidth=1)
10.2679 	EXP 	Created rest_text = TextStim(__class__=<class 'psychopy.visual.text.TextStim'>, alignHoriz=method-wrapper(...), alignText='center', alignVert=method-wrapper(...), anchorHoriz='center', anchorVert='center', antialias=True, autoDraw=False, autoLog=True, bold=False, color=array([1., 1., 1.]), colorSpace='rgb', contrast=1.0, depth=0.0, flipHoriz=False, flipVert=False, font='Open Sans', fontFiles=[], height=0.05, italic=False, languageStyle='LTR', name='rest_text', opacity=1.0, ori=0.0, pos=array([0., 0.]), rgb=UNKNOWN, text=str(...), units='height', win=Window(...), wrapWidth=1)
10.2719 	EXP 	Created text_5 = TextStim(__class__=<class 'psychopy.visual.text.TextStim'>, alignHoriz=method-wrapper(...), alignText='center', alignVert=method-wrapper(...), anchorHoriz='center', anchorVert='center', antialias=True, autoDraw=False, autoLog=True, bold=False, color=array([1., 1., 1.]), colorSpace='rgb', contrast=1.0, depth=0.0, flipHoriz=False, flipVert=False, font='Open Sans', fontFiles=[], height=0.05, italic=False, languageStyle='LTR', name='text_5', opacity=1.0, ori=0.0, pos=array([0., 0.]), rgb=UNKNOWN, text=str(...), units='height', win=Window(...), wrapWidth=1)
10.2761 	EXP 	Created text_9 = TextStim(__class__=<class 'psychopy.visual.text.TextStim'>, alignHoriz=method-wrapper(...), alignText='center', alignVert=method-wrapper(...), anchorHoriz='center', anchorVert='center', antialias=True, autoDraw=False, autoLog=True, bold=False, color=array([1., 1., 1.]), colorSpace='rgb', contrast=1.0, depth=0.0, flipHoriz=False, flipVert=False, font='Open Sans', fontFiles=[], height=0.05, italic=False, languageStyle='LTR', name='text_9', opacity=1.0, ori=0.0, pos=array([0., 0.]), rgb=UNKNOWN, text="You're all done. Thank you for your time!", units='height', win=Window(...), wrapWidth=1)
10.3007 	EXP 	unnamed Form: autoLog = True
10.3007 	EXP 	background: name = 'background'
10.3007 	EXP 	background: depth = 0
10.3007 	EXP 	text_2: autoDraw = True
12.4677 	DATA 	Keypress: space
12.6419 	EXP 	text_2: autoDraw = False
12.6419 	EXP 	text: autoDraw = True
12.6419 	EXP 	background: autoDraw = True
14.3645 	DATA 	Mouse: wheel shift=(0,0), pos=(941,164)
14.4678 	DATA 	Mouse: wheel shift=(0,0), pos=(943,162)
14.5478 	DATA 	Mouse: wheel shift=(0,0), pos=(944,160)
14.6196 	DATA 	Mouse: wheel shift=(0,0), pos=(945,158)
14.7239 	DATA 	Mouse: wheel shift=(0,0), pos=(946,157)
14.8497 	DATA 	Mouse: wheel shift=(0,0), pos=(946,156)
14.9028 	DATA 	Mouse: wheel shift=(0,-1), pos=(947,155)
14.9571 	DATA 	Mouse: wheel shift=(0,-1), pos=(948,153)
15.2393 	DATA 	Mouse: wheel shift=(0,0), pos=(950,152)
15.2617 	DATA 	Mouse: wheel shift=(0,0), pos=(950,152)
15.2900 	DATA 	Mouse: wheel shift=(0,-1), pos=(950,152)
15.2904 	DATA 	Mouse: wheel shift=(0,-1), pos=(950,152)
15.3181 	DATA 	Mouse: wheel shift=(0,-2), pos=(950,152)
15.3455 	DATA 	Mouse: wheel shift=(0,-2), pos=(950,152)
15.3711 	DATA 	Mouse: wheel shift=(0,-2), pos=(951,151)
15.9199 	DATA 	Mouse: wheel shift=(0,0), pos=(951,150)
15.9477 	DATA 	Mouse: wheel shift=(0,0), pos=(951,150)
15.9746 	DATA 	Mouse: wheel shift=(0,-1), pos=(951,150)
15.9983 	DATA 	Mouse: wheel shift=(0,-1), pos=(951,150)
16.0323 	DATA 	Mouse: wheel shift=(0,-1), pos=(951,150)
16.0547 	DATA 	Mouse: wheel shift=(0,-2), pos=(951,150)
16.1067 	DATA 	Mouse: wheel shift=(0,-2), pos=(951,150)
16.5082 	DATA 	Mouse: wheel shift=(0,0), pos=(951,150)
16.5406 	DATA 	Mouse: wheel shift=(0,0), pos=(951,150)
16.5862 	DATA 	Mouse: wheel shift=(0,-1), pos=(951,150)
16.6124 	DATA 	Mouse: wheel shift=(0,-3), pos=(951,150)
16.6354 	DATA 	Mouse: wheel shift=(0,-2), pos=(951,150)
16.6586 	DATA 	Mouse: wheel shift=(0,-2), pos=(951,150)
17.3518 	DATA 	Mouse: wheel shift=(0,0), pos=(1468,241)
17.3858 	DATA 	Mouse: wheel shift=(0,0), pos=(1468,241)
17.5204 	DATA 	Mouse: wheel shift=(0,0), pos=(1468,241)
17.7775 	DATA 	Mouse: wheel shift=(0,0), pos=(1468,241)
17.7997 	DATA 	Mouse: wheel shift=(0,-1), pos=(1468,241)
17.8277 	DATA 	Mouse: wheel shift=(0,-4), pos=(1468,241)
17.8539 	DATA 	Mouse: wheel shift=(0,-2), pos=(1468,241)
17.8543 	DATA 	Mouse: wheel shift=(0,-2), pos=(1474,232)
18.1797 	DATA 	Mouse: wheel shift=(0,0), pos=(1494,205)
18.1991 	DATA 	Mouse: wheel shift=(0,0), pos=(1494,205)
18.2279 	DATA 	Mouse: wheel shift=(0,-5), pos=(1494,205)
18.2552 	DATA 	Mouse: wheel shift=(0,-2), pos=(1494,204)
18.2556 	DATA 	Mouse: wheel shift=(0,-2), pos=(1494,204)
18.2805 	DATA 	Mouse: wheel shift=(0,-3), pos=(1494,203)
18.2896 	DATA 	Mouse: wheel shift=(0,-3), pos=(1493,195)
18.5770 	DATA 	Mouse: wheel shift=(0,0), pos=(1489,190)
18.5995 	DATA 	Mouse: wheel shift=(0,0), pos=(1489,190)
18.5998 	DATA 	Mouse: wheel shift=(0,-1), pos=(1489,190)
18.6279 	DATA 	Mouse: wheel shift=(0,-1), pos=(1489,190)
18.6525 	DATA 	Mouse: wheel shift=(0,-2), pos=(1489,190)
18.6780 	DATA 	Mouse: wheel shift=(0,-2), pos=(1489,190)
18.6785 	DATA 	Mouse: wheel shift=(0,-2), pos=(1487,189)
18.7125 	DATA 	Mouse: wheel shift=(0,-3), pos=(1454,181)
19.2290 	DATA 	Mouse: wheel shift=(0,0), pos=(954,199)
19.4668 	DATA 	Mouse: wheel shift=(0,0), pos=(953,199)
19.4903 	DATA 	Mouse: wheel shift=(0,0), pos=(953,199)
19.5250 	DATA 	Mouse: wheel shift=(0,1), pos=(954,199)
19.7026 	DATA 	Mouse: wheel shift=(0,0), pos=(954,199)
20.0597 	DATA 	Mouse: wheel shift=(0,0), pos=(954,199)
20.0879 	DATA 	Mouse: wheel shift=(0,0), pos=(954,199)
20.1392 	DATA 	Mouse: wheel shift=(0,-1), pos=(954,198)
20.1736 	DATA 	Mouse: wheel shift=(0,-1), pos=(954,198)
20.2350 	DATA 	Mouse: wheel shift=(0,-1), pos=(954,197)
20.6343 	DATA 	Mouse: wheel shift=(0,0), pos=(957,198)
20.6617 	DATA 	Mouse: wheel shift=(0,0), pos=(957,198)
20.6857 	DATA 	Mouse: wheel shift=(0,-2), pos=(957,198)
20.7189 	DATA 	Mouse: wheel shift=(0,-2), pos=(957,198)
20.7412 	DATA 	Mouse: wheel shift=(0,-2), pos=(957,198)
20.7930 	DATA 	Mouse: wheel shift=(0,-2), pos=(957,198)
21.1354 	DATA 	Mouse: wheel shift=(0,0), pos=(957,197)
21.1642 	DATA 	Mouse: wheel shift=(0,0), pos=(957,197)
21.1905 	DATA 	Mouse: wheel shift=(0,-1), pos=(957,197)
21.2152 	DATA 	Mouse: wheel shift=(0,-1), pos=(957,197)
21.2239 	DATA 	Mouse: wheel shift=(0,-1), pos=(957,197)
21.2716 	DATA 	Mouse: wheel shift=(0,-2), pos=(957,197)
21.9650 	DATA 	Mouse: wheel shift=(0,0), pos=(957,197)
22.2077 	DATA 	Mouse: wheel shift=(0,0), pos=(957,197)
22.5595 	DATA 	Mouse: wheel shift=(0,0), pos=(959,198)
22.5821 	DATA 	Mouse: wheel shift=(0,0), pos=(959,198)
22.6098 	DATA 	Mouse: wheel shift=(0,-2), pos=(959,198)
22.6335 	DATA 	Mouse: wheel shift=(0,-2), pos=(959,198)
22.6922 	DATA 	Mouse: wheel shift=(0,-2), pos=(959,198)
23.1275 	DATA 	Mouse: wheel shift=(0,0), pos=(959,198)
23.1518 	DATA 	Mouse: wheel shift=(0,0), pos=(959,198)
23.1751 	DATA 	Mouse: wheel shift=(0,-1), pos=(959,198)
23.1840 	DATA 	Mouse: wheel shift=(0,-1), pos=(959,198)
23.2094 	DATA 	Mouse: wheel shift=(0,-2), pos=(959,198)
23.6195 	DATA 	Mouse: wheel shift=(0,0), pos=(959,198)
23.6474 	DATA 	Mouse: wheel shift=(0,0), pos=(959,198)
23.6715 	DATA 	Mouse: wheel shift=(0,-3), pos=(959,198)
23.6944 	DATA 	Mouse: wheel shift=(0,-2), pos=(959,198)
23.7027 	DATA 	Mouse: wheel shift=(0,-2), pos=(959,198)
23.7277 	DATA 	Mouse: wheel shift=(0,-2), pos=(959,198)
23.9271 	DATA 	Mouse: wheel shift=(0,0), pos=(959,198)
23.9503 	DATA 	Mouse: wheel shift=(0,0), pos=(959,198)
23.9828 	DATA 	Mouse: wheel shift=(0,3), pos=(959,198)
24.0053 	DATA 	Mouse: wheel shift=(0,4), pos=(959,198)
24.0335 	DATA 	Mouse: wheel shift=(0,2), pos=(959,198)
24.0576 	DATA 	Mouse: wheel shift=(0,3), pos=(959,198)
24.3593 	DATA 	Mouse: wheel shift=(0,2), pos=(959,197)
24.3818 	DATA 	Mouse: wheel shift=(0,1), pos=(959,197)
24.3823 	DATA 	Mouse: wheel shift=(0,5), pos=(959,197)
24.4121 	DATA 	Mouse: wheel shift=(0,6), pos=(959,197)
24.4609 	DATA 	Mouse: wheel shift=(0,3), pos=(959,197)
24.7043 	DATA 	Mouse: wheel shift=(0,0), pos=(959,197)
24.7301 	DATA 	Mouse: wheel shift=(0,1), pos=(959,197)
24.7521 	DATA 	Mouse: wheel shift=(0,1), pos=(959,197)
24.7799 	DATA 	Mouse: wheel shift=(0,4), pos=(959,197)
24.8037 	DATA 	Mouse: wheel shift=(0,2), pos=(959,197)
24.8723 	DATA 	Mouse: wheel shift=(0,2), pos=(959,197)
25.2086 	DATA 	Mouse: wheel shift=(0,0), pos=(961,196)
25.2308 	DATA 	Mouse: wheel shift=(0,1), pos=(961,196)
25.2592 	DATA 	Mouse: wheel shift=(0,4), pos=(961,196)
25.2843 	DATA 	Mouse: wheel shift=(0,2), pos=(961,196)
25.3321 	DATA 	Mouse: wheel shift=(0,2), pos=(961,196)
25.3823 	DATA 	Mouse: wheel shift=(0,2), pos=(961,196)
25.5498 	DATA 	Mouse: wheel shift=(0,0), pos=(961,196)
26.1547 	DATA 	Mouse: wheel shift=(0,0), pos=(963,195)
26.1793 	DATA 	Mouse: wheel shift=(0,0), pos=(963,195)
26.2012 	DATA 	Mouse: wheel shift=(0,-1), pos=(963,195)
26.2298 	DATA 	Mouse: wheel shift=(0,-1), pos=(963,195)
26.2760 	DATA 	Mouse: wheel shift=(0,-1), pos=(963,195)
26.3018 	DATA 	Mouse: wheel shift=(0,-2), pos=(963,195)
26.3530 	DATA 	Mouse: wheel shift=(0,-2), pos=(963,195)
26.3812 	DATA 	Mouse: wheel shift=(0,-2), pos=(962,195)
26.4091 	DATA 	Mouse: wheel shift=(0,-3), pos=(962,193)
26.4347 	DATA 	Mouse: wheel shift=(0,-3), pos=(960,191)
26.4587 	DATA 	Mouse: wheel shift=(0,-3), pos=(957,186)
26.7901 	DATA 	Mouse: wheel shift=(0,0), pos=(916,57)
26.8136 	DATA 	Mouse: wheel shift=(0,-1), pos=(916,57)
26.8470 	DATA 	Mouse: wheel shift=(0,-1), pos=(916,57)
26.8476 	DATA 	Mouse: wheel shift=(0,-2), pos=(916,57)
26.8704 	DATA 	Mouse: wheel shift=(0,-2), pos=(916,57)
26.9000 	DATA 	Mouse: wheel shift=(0,-9), pos=(915,57)
27.2957 	DATA 	Mouse: wheel shift=(0,0), pos=(915,58)
27.3203 	DATA 	Mouse: wheel shift=(0,0), pos=(915,58)
27.3428 	DATA 	Mouse: wheel shift=(0,-1), pos=(915,58)
27.3765 	DATA 	Mouse: wheel shift=(0,-1), pos=(915,58)
27.3983 	DATA 	Mouse: wheel shift=(0,-1), pos=(915,58)
27.4259 	DATA 	Mouse: wheel shift=(0,-2), pos=(915,58)
27.9715 	DATA 	Keypress: escape
29.2123 	EXP 	window1: mouseVisible = True
