1.5697 	WARNING 	We strongly recommend you activate the PTB sound engine in PsychoPy prefs as the preferred audio engine. Its timing is vastly superior. Your prefs are currently set to use ['sounddevice', 'PTB', 'pyo', 'pygame'] (in that order).
6.8666 	WARNING 	User requested fullscreen with size [1024  768], but screen is actually [1680, 1050]. Using actual size
7.7880 	EXP 	Created window1 = Window(allowGUI=False, allowStencil=False, autoLog=True, backendConf=UNKNOWN, bitsMode=UNKNOWN, blendMode='avg', bpc=(8, 8, 8), color=array([0, 0, 0]), colorSpace='rgb', depthBits=8, fullscr=<method-wrapper '__getattribute__' of attributeSetter object at 0x7f873ab526d0>, gamma=None, gammaErrorPolicy='raise', lms=UNKNOWN, monitor=<psychopy.monitors.calibTools.Monitor object at 0x7f873b5eb820>, multiSample=False, name='window1', numSamples=2, pos=[420.0, 262.5], screen=0, size=array([3360, 2100]), stencilBits=0, stereo=False, units='height', useFBO=True, useRetina=True, viewOri=0.0, viewPos=None, viewScale=None, waitBlanking=True, winType='pyglet')
7.7882 	EXP 	window1: mouseVisible = True
7.7883 	EXP 	window1: Attempting to measure frame rate of screen (0) ...
7.7883 	EXP 	window1: recordFrameIntervals = False
7.9537 	EXP 	window1: recordFrameIntervals = True
8.1370 	EXP 	Screen (0) actual frame rate measured at 60.06Hz
8.1370 	EXP 	window1: recordFrameIntervals = False
10.1512 	EXP 	Created text_2 = TextStim(__class__=<class 'psychopy.visual.text.TextStim'>, alignHoriz=method-wrapper(...), alignText='center', alignVert=method-wrapper(...), anchorHoriz='center', anchorVert='center', antialias=True, autoDraw=False, autoLog=True, bold=False, color=array([1., 1., 1.]), colorSpace='rgb', contrast=1.0, depth=0.0, flipHoriz=False, flipVert=False, font='Open Sans', fontFiles=[], height=0.05, italic=False, languageStyle='LTR', name='text_2', opacity=1.0, ori=0.0, pos=array([0., 0.]), rgb=UNKNOWN, text=str(...), units='height', win=Window(...), wrapWidth=1)
10.1558 	EXP 	Created text = TextStim(__class__=<class 'psychopy.visual.text.TextStim'>, alignHoriz=method-wrapper(...), alignText='center', alignVert=method-wrapper(...), anchorHoriz='center', anchorVert='center', antialias=True, autoDraw=False, autoLog=True, bold=False, color=array([1., 1., 1.]), colorSpace='rgb', contrast=1.0, depth=0.0, flipHoriz=False, flipVert=False, font='Open Sans', fontFiles=[], height=0.05, italic=False, languageStyle='LTR', name='text', opacity=1.0, ori=0.0, pos=array([0., 0.]), rgb=UNKNOWN, text=str(...), units='height', win=Window(...), wrapWidth=1)
10.1643 	EXP 	Imported testsurvey.csv as conditions, 5 conditions, 6 params
10.1643 	WARNING 	Form background included field no longer used questionText. Replacing with new name 'itemText'
10.1643 	WARNING 	questionWidth is a deprecated heading for Forms. Use itemWidth instead
10.1644 	WARNING 	questionWidth is a deprecated heading for Forms. Use itemWidth instead
10.1644 	WARNING 	questionWidth is a deprecated heading for Forms. Use itemWidth instead
10.1644 	WARNING 	questionWidth is a deprecated heading for Forms. Use itemWidth instead
10.1644 	WARNING 	questionWidth is a deprecated heading for Forms. Use itemWidth instead
10.1653 	EXP 	Question text: Are you lucky?
10.2033 	EXP 	window1: mouseVisible = True
10.2528 	EXP 	Question text: Are you sad?
10.2613 	EXP 	window1: mouseVisible = True
10.2957 	EXP 	Question text: Are you alone?
10.3022 	EXP 	window1: mouseVisible = True
10.3375 	EXP 	Question text: Are you happy?
10.3454 	EXP 	window1: mouseVisible = True
10.3804 	EXP 	Question text: What is your gender?
10.3903 	EXP 	window1: mouseVisible = True
10.4236 	EXP 	window1: mouseVisible = True
10.4579 	EXP 	Created background = <psychopy.visual.form.Form object at 0x7f873aff0820>
10.4591 	EXP 	Created text_3 = TextStim(__class__=<class 'psychopy.visual.text.TextStim'>, alignHoriz=method-wrapper(...), alignText='center', alignVert=method-wrapper(...), anchorHoriz='center', anchorVert='center', antialias=True, autoDraw=False, autoLog=True, bold=False, color=array([1., 1., 1.]), colorSpace='rgb', contrast=1.0, depth=0.0, flipHoriz=False, flipVert=False, font='Open Sans', fontFiles=[], height=0.05, italic=False, languageStyle='LTR', name='text_3', opacity=1.0, ori=0.0, pos=array([0., 0.]), rgb=UNKNOWN, text='', units='height', win=Window(...), wrapWidth=1)
10.4648 	EXP 	Created text_6 = TextStim(__class__=<class 'psychopy.visual.text.TextStim'>, alignHoriz=method-wrapper(...), alignText='center', alignVert=method-wrapper(...), anchorHoriz='center', anchorVert='center', antialias=True, autoDraw=False, autoLog=True, bold=False, color=array([1., 1., 1.]), colorSpace='rgb', contrast=1.0, depth=-1.0, flipHoriz=False, flipVert=False, font='Open Sans', fontFiles=[], height=0.05, italic=False, languageStyle='LTR', name='text_6', opacity=1.0, ori=0.0, pos=array([ 0. , -0.3]), rgb=UNKNOWN, text=str(...), units='height', win=Window(...), wrapWidth=1)
10.4690 	EXP 	Created text_7 = TextStim(__class__=<class 'psychopy.visual.text.TextStim'>, alignHoriz=method-wrapper(...), alignText='center', alignVert=method-wrapper(...), anchorHoriz='center', anchorVert='center', antialias=True, autoDraw=False, autoLog=True, bold=False, color=array([1., 1., 1.]), colorSpace='rgb', contrast=1.0, depth=0.0, flipHoriz=False, flipVert=False, font='Open Sans', fontFiles=[], height=0.05, italic=False, languageStyle='LTR', name='text_7', opacity=1.0, ori=0.0, pos=array([0., 0.]), rgb=UNKNOWN, text=str(...), units='height', win=Window(...), wrapWidth=1)
10.4733 	EXP 	Created text_8 = TextStim(__class__=<class 'psychopy.visual.text.TextStim'>, alignHoriz=method-wrapper(...), alignText='center', alignVert=method-wrapper(...), anchorHoriz='center', anchorVert='center', antialias=True, autoDraw=False, autoLog=True, bold=False, color=array([1., 1., 1.]), colorSpace='rgb', contrast=1.0, depth=-1.0, flipHoriz=False, flipVert=False, font='Open Sans', fontFiles=[], height=0.05, italic=False, languageStyle='LTR', name='text_8', opacity=1.0, ori=0.0, pos=array([ 0. , -0.3]), rgb=UNKNOWN, text='You have 15 more seconds.', units='height', win=Window(...), wrapWidth=1)
10.4748 	EXP 	Created end_discuss = TextStim(__class__=<class 'psychopy.visual.text.TextStim'>, alignHoriz=method-wrapper(...), alignText='center', alignVert=method-wrapper(...), anchorHoriz='center', anchorVert='center', antialias=True, autoDraw=False, autoLog=True, bold=False, color=array([1., 1., 1.]), colorSpace='rgb', contrast=1.0, depth=-2.0, flipHoriz=False, flipVert=False, font='Open Sans', fontFiles=[], height=0.05, italic=False, languageStyle='LTR', name='end_discuss', opacity=1.0, ori=0.0, pos=array([0., 0.]), rgb=UNKNOWN, text='', units='height', win=Window(...), wrapWidth=1)
10.4807 	EXP 	Created rest_text = TextStim(__class__=<class 'psychopy.visual.text.TextStim'>, alignHoriz=method-wrapper(...), alignText='center', alignVert=method-wrapper(...), anchorHoriz='center', anchorVert='center', antialias=True, autoDraw=False, autoLog=True, bold=False, color=array([1., 1., 1.]), colorSpace='rgb', contrast=1.0, depth=0.0, flipHoriz=False, flipVert=False, font='Open Sans', fontFiles=[], height=0.05, italic=False, languageStyle='LTR', name='rest_text', opacity=1.0, ori=0.0, pos=array([0., 0.]), rgb=UNKNOWN, text=str(...), units='height', win=Window(...), wrapWidth=1)
10.4849 	EXP 	Created text_5 = TextStim(__class__=<class 'psychopy.visual.text.TextStim'>, alignHoriz=method-wrapper(...), alignText='center', alignVert=method-wrapper(...), anchorHoriz='center', anchorVert='center', antialias=True, autoDraw=False, autoLog=True, bold=False, color=array([1., 1., 1.]), colorSpace='rgb', contrast=1.0, depth=0.0, flipHoriz=False, flipVert=False, font='Open Sans', fontFiles=[], height=0.05, italic=False, languageStyle='LTR', name='text_5', opacity=1.0, ori=0.0, pos=array([0., 0.]), rgb=UNKNOWN, text=str(...), units='height', win=Window(...), wrapWidth=1)
10.4860 	EXP 	Created main_question = TextStim(__class__=<class 'psychopy.visual.text.TextStim'>, alignHoriz=method-wrapper(...), alignText='center', alignVert=method-wrapper(...), anchorHoriz='center', anchorVert='center', antialias=True, autoDraw=False, autoLog=True, bold=False, color=array([1., 1., 1.]), colorSpace='rgb', contrast=1.0, depth=0.0, flipHoriz=False, flipVert=False, font='Open Sans', fontFiles=[], height=0.05, italic=False, languageStyle='LTR', name='main_question', opacity=1.0, ori=0.0, pos=array([0., 0.]), rgb=UNKNOWN, text='', units='height', win=Window(...), wrapWidth=1)
10.4871 	EXP 	Created text_4 = TextStim(__class__=<class 'psychopy.visual.text.TextStim'>, alignHoriz=method-wrapper(...), alignText='center', alignVert=method-wrapper(...), anchorHoriz='center', anchorVert='center', antialias=True, autoDraw=False, autoLog=True, bold=False, color=array([1., 1., 1.]), colorSpace='rgb', contrast=1.0, depth=0.0, flipHoriz=False, flipVert=False, font='Open Sans', fontFiles=[], height=0.05, italic=False, languageStyle='LTR', name='text_4', opacity=1.0, ori=0.0, pos=array([0., 0.]), rgb=UNKNOWN, text='', units='height', win=Window(...), wrapWidth=1)
10.4914 	EXP 	Created text_10 = TextStim(__class__=<class 'psychopy.visual.text.TextStim'>, alignHoriz=method-wrapper(...), alignText='center', alignVert=method-wrapper(...), anchorHoriz='center', anchorVert='center', antialias=True, autoDraw=False, autoLog=True, bold=False, color=array([1., 1., 1.]), colorSpace='rgb', contrast=1.0, depth=-1.0, flipHoriz=False, flipVert=False, font='Open Sans', fontFiles=[], height=0.05, italic=False, languageStyle='LTR', name='text_10', opacity=1.0, ori=0.0, pos=array([0., 0.]), rgb=UNKNOWN, text=str(...), units='height', win=Window(...), wrapWidth=1)
10.4951 	EXP 	Created text_7 = TextStim(__class__=<class 'psychopy.visual.text.TextStim'>, alignHoriz=method-wrapper(...), alignText='center', alignVert=method-wrapper(...), anchorHoriz='center', anchorVert='center', antialias=True, autoDraw=False, autoLog=True, bold=False, color=array([1., 1., 1.]), colorSpace='rgb', contrast=1.0, depth=0.0, flipHoriz=False, flipVert=False, font='Open Sans', fontFiles=[], height=0.05, italic=False, languageStyle='LTR', name='text_7', opacity=1.0, ori=0.0, pos=array([0., 0.]), rgb=UNKNOWN, text=str(...), units='height', win=Window(...), wrapWidth=1)
10.4983 	EXP 	Created text_8 = TextStim(__class__=<class 'psychopy.visual.text.TextStim'>, alignHoriz=method-wrapper(...), alignText='center', alignVert=method-wrapper(...), anchorHoriz='center', anchorVert='center', antialias=True, autoDraw=False, autoLog=True, bold=False, color=array([1., 1., 1.]), colorSpace='rgb', contrast=1.0, depth=-1.0, flipHoriz=False, flipVert=False, font='Open Sans', fontFiles=[], height=0.05, italic=False, languageStyle='LTR', name='text_8', opacity=1.0, ori=0.0, pos=array([ 0. , -0.3]), rgb=UNKNOWN, text='You have 15 more seconds.', units='height', win=Window(...), wrapWidth=1)
10.4998 	EXP 	Created end_discuss = TextStim(__class__=<class 'psychopy.visual.text.TextStim'>, alignHoriz=method-wrapper(...), alignText='center', alignVert=method-wrapper(...), anchorHoriz='center', anchorVert='center', antialias=True, autoDraw=False, autoLog=True, bold=False, color=array([1., 1., 1.]), colorSpace='rgb', contrast=1.0, depth=-2.0, flipHoriz=False, flipVert=False, font='Open Sans', fontFiles=[], height=0.05, italic=False, languageStyle='LTR', name='end_discuss', opacity=1.0, ori=0.0, pos=array([0., 0.]), rgb=UNKNOWN, text='', units='height', win=Window(...), wrapWidth=1)
10.5038 	EXP 	Created rest_text = TextStim(__class__=<class 'psychopy.visual.text.TextStim'>, alignHoriz=method-wrapper(...), alignText='center', alignVert=method-wrapper(...), anchorHoriz='center', anchorVert='center', antialias=True, autoDraw=False, autoLog=True, bold=False, color=array([1., 1., 1.]), colorSpace='rgb', contrast=1.0, depth=0.0, flipHoriz=False, flipVert=False, font='Open Sans', fontFiles=[], height=0.05, italic=False, languageStyle='LTR', name='rest_text', opacity=1.0, ori=0.0, pos=array([0., 0.]), rgb=UNKNOWN, text=str(...), units='height', win=Window(...), wrapWidth=1)
10.5079 	EXP 	Created text_5 = TextStim(__class__=<class 'psychopy.visual.text.TextStim'>, alignHoriz=method-wrapper(...), alignText='center', alignVert=method-wrapper(...), anchorHoriz='center', anchorVert='center', antialias=True, autoDraw=False, autoLog=True, bold=False, color=array([1., 1., 1.]), colorSpace='rgb', contrast=1.0, depth=0.0, flipHoriz=False, flipVert=False, font='Open Sans', fontFiles=[], height=0.05, italic=False, languageStyle='LTR', name='text_5', opacity=1.0, ori=0.0, pos=array([0., 0.]), rgb=UNKNOWN, text=str(...), units='height', win=Window(...), wrapWidth=1)
10.5121 	EXP 	Created text_9 = TextStim(__class__=<class 'psychopy.visual.text.TextStim'>, alignHoriz=method-wrapper(...), alignText='center', alignVert=method-wrapper(...), anchorHoriz='center', anchorVert='center', antialias=True, autoDraw=False, autoLog=True, bold=False, color=array([1., 1., 1.]), colorSpace='rgb', contrast=1.0, depth=0.0, flipHoriz=False, flipVert=False, font='Open Sans', fontFiles=[], height=0.05, italic=False, languageStyle='LTR', name='text_9', opacity=1.0, ori=0.0, pos=array([0., 0.]), rgb=UNKNOWN, text="You're all done. Thank you for your time!", units='height', win=Window(...), wrapWidth=1)
10.5382 	EXP 	unnamed Form: autoLog = True
10.5382 	EXP 	background: name = 'background'
10.5382 	EXP 	background: depth = 0
10.5382 	EXP 	text_2: autoDraw = True
11.9567 	DATA 	Mouse: Left button down, pos=(1554,279)
12.0564 	DATA 	Mouse:  Left button up, pos=(1554,279)
12.2132 	DATA 	Keypress: space
12.4009 	EXP 	text_2: autoDraw = False
12.4009 	EXP 	text: autoDraw = True
12.4009 	EXP 	background: autoDraw = True
13.2825 	DATA 	Mouse: wheel shift=(0,0), pos=(966,306)
13.3087 	DATA 	Mouse: wheel shift=(0,0), pos=(966,306)
13.3416 	DATA 	Mouse: wheel shift=(0,1), pos=(966,306)
13.3668 	DATA 	Mouse: wheel shift=(0,1), pos=(966,306)
13.3674 	DATA 	Mouse: wheel shift=(0,2), pos=(969,303)
13.3897 	DATA 	Mouse: wheel shift=(0,2), pos=(973,296)
13.4189 	DATA 	Mouse: wheel shift=(0,2), pos=(978,289)
13.4470 	DATA 	Mouse: wheel shift=(0,2), pos=(981,285)
13.4836 	DATA 	Mouse: wheel shift=(0,3), pos=(982,284)
13.6953 	DATA 	Mouse: wheel shift=(0,0), pos=(982,284)
13.7196 	DATA 	Mouse: wheel shift=(0,0), pos=(982,284)
13.7513 	DATA 	Mouse: wheel shift=(0,-1), pos=(982,284)
13.7774 	DATA 	Mouse: wheel shift=(0,-3), pos=(982,284)
13.7992 	DATA 	Mouse: wheel shift=(0,-2), pos=(982,284)
13.8540 	DATA 	Mouse: wheel shift=(0,-2), pos=(981,283)
14.1626 	DATA 	Mouse: wheel shift=(0,0), pos=(981,283)
14.1823 	DATA 	Mouse: wheel shift=(0,0), pos=(981,283)
14.2086 	DATA 	Mouse: wheel shift=(0,-1), pos=(981,283)
14.2306 	DATA 	Mouse: wheel shift=(0,-1), pos=(981,283)
14.2578 	DATA 	Mouse: wheel shift=(0,-1), pos=(981,283)
14.2816 	DATA 	Mouse: wheel shift=(0,-2), pos=(981,283)
14.3257 	DATA 	Mouse: wheel shift=(0,-2), pos=(981,282)
14.8533 	DATA 	Mouse: wheel shift=(0,0), pos=(981,283)
15.0753 	DATA 	Mouse: wheel shift=(0,0), pos=(981,283)
15.1250 	DATA 	Mouse: wheel shift=(0,0), pos=(981,282)
15.1446 	DATA 	Mouse: wheel shift=(0,0), pos=(981,282)
15.1772 	DATA 	Mouse: wheel shift=(0,-1), pos=(981,282)
16.9908 	DATA 	Mouse: Left button down, pos=(473,75)
17.0359 	DATA 	Mouse:  Left button up, pos=(473,75)
17.7923 	DATA 	Mouse: Left button down, pos=(481,72)
17.8560 	DATA 	Mouse:  Left button up, pos=(481,72)
17.9306 	DATA 	Mouse: Left button down, pos=(481,72)
18.0380 	DATA 	Mouse:  Left button up, pos=(481,72)
18.1792 	DATA 	Mouse: Left button down, pos=(481,72)
18.2886 	DATA 	Mouse:  Left button up, pos=(481,72)
18.3279 	DATA 	Mouse: Left button down, pos=(481,72)
18.4647 	DATA 	Mouse:  Left button up, pos=(481,72)
20.4097 	DATA 	Mouse: Left button down, pos=(470,183)
20.5159 	DATA 	Mouse:  Left button up, pos=(470,183)
21.2310 	DATA 	Mouse: Left button down, pos=(475,73)
21.3753 	DATA 	Mouse:  Left button up, pos=(475,73)
26.2840 	DATA 	Mouse: Left button down, pos=(531,387)
26.3590 	DATA 	Mouse:  Left button up, pos=(531,387)
26.7304 	DATA 	Mouse: Left button down, pos=(486,384)
26.8493 	DATA 	Mouse:  Left button up, pos=(486,384)
27.9038 	DATA 	Mouse: Left button down, pos=(844,75)
28.0462 	DATA 	Mouse:  Left button up, pos=(844,75)
28.1450 	DATA 	Mouse: Left button down, pos=(844,75)
28.2396 	DATA 	Mouse:  Left button up, pos=(844,75)
28.3339 	DATA 	Mouse: Left button down, pos=(844,75)
28.4480 	DATA 	Mouse:  Left button up, pos=(844,75)
28.4733 	DATA 	Mouse: Left button down, pos=(844,75)
28.6166 	DATA 	Mouse:  Left button up, pos=(844,75)
28.6923 	DATA 	Mouse: Left button down, pos=(844,75)
28.8301 	DATA 	Mouse:  Left button up, pos=(844,75)
29.6991 	DATA 	Mouse: Left button down, pos=(1211,71)
29.7862 	DATA 	Mouse:  Left button up, pos=(1211,71)
29.9263 	DATA 	Mouse: Left button down, pos=(1211,71)
30.0164 	DATA 	Mouse:  Left button up, pos=(1211,71)
30.0846 	DATA 	Mouse: Left button down, pos=(1211,70)
30.1551 	DATA 	Mouse:  Left button up, pos=(1211,71)
30.2232 	DATA 	Mouse: Left button down, pos=(1211,71)
30.3185 	DATA 	Mouse:  Left button up, pos=(1211,71)
31.3029 	DATA 	Mouse: Left button down, pos=(480,77)
31.4063 	DATA 	Mouse:  Left button up, pos=(480,77)
31.4707 	DATA 	Mouse: Left button down, pos=(480,77)
31.5812 	DATA 	Mouse:  Left button up, pos=(480,77)
31.6321 	DATA 	Mouse: Left button down, pos=(480,77)
31.7234 	DATA 	Mouse:  Left button up, pos=(480,77)
37.6405 	DATA 	Mouse: Left button down, pos=(733,817)
37.7018 	DATA 	Mouse:  Left button up, pos=(733,817)
38.1152 	DATA 	Keypress: escape
39.3069 	EXP 	window1: mouseVisible = True
