1.3178 	WARNING 	We strongly recommend you activate the PTB sound engine in PsychoPy prefs as the preferred audio engine. Its timing is vastly superior. Your prefs are currently set to use ['sounddevice', 'PTB', 'pyo', 'pygame'] (in that order).
10.5611 	WARNING 	User requested fullscreen with size [1024  768], but screen is actually [1920, 1200]. Using actual size
11.2915 	EXP 	Created window1 = Window(allowGUI=False, allowStencil=False, autoLog=True, backendConf=UNKNOWN, bitsMode=UNKNOWN, blendMode='avg', bpc=(8, 8, 8), color=array([0, 0, 0]), colorSpace='rgb', depthBits=8, fullscr=<method-wrapper '__getattribute__' of attributeSetter object at 0x7fb5c09ea130>, gamma=None, gammaErrorPolicy='raise', lms=UNKNOWN, monitor=<psychopy.monitors.calibTools.Monitor object at 0x7fb5c13afbe0>, multiSample=False, name='window1', numSamples=2, pos=[480.0, 300.0], screen=0, size=array([3840, 2400]), stencilBits=0, stereo=False, units='height', useFBO=True, useRetina=True, viewOri=0.0, viewPos=None, viewScale=None, waitBlanking=True, winType='pyglet')
11.2917 	EXP 	window1: mouseVisible = True
11.2918 	EXP 	window1: Attempting to measure frame rate of screen (0) ...
11.2918 	EXP 	window1: recordFrameIntervals = False
11.4569 	EXP 	window1: recordFrameIntervals = True
11.6413 	EXP 	Screen (0) actual frame rate measured at 59.96Hz
11.6413 	EXP 	window1: recordFrameIntervals = False
13.6690 	EXP 	Created text_2 = TextStim(__class__=<class 'psychopy.visual.text.TextStim'>, alignHoriz=method-wrapper(...), alignText='center', alignVert=method-wrapper(...), anchorHoriz='center', anchorVert='center', antialias=True, autoDraw=False, autoLog=True, bold=False, color=array([1., 1., 1.]), colorSpace='rgb', contrast=1.0, depth=0.0, flipHoriz=False, flipVert=False, font='Open Sans', fontFiles=[], height=0.05, italic=False, languageStyle='LTR', name='text_2', opacity=1.0, ori=0.0, pos=array([0., 0.]), rgb=UNKNOWN, text=str(...), units='height', win=Window(...), wrapWidth=1)
13.6740 	EXP 	Created text = TextStim(__class__=<class 'psychopy.visual.text.TextStim'>, alignHoriz=method-wrapper(...), alignText='center', alignVert=method-wrapper(...), anchorHoriz='center', anchorVert='center', antialias=True, autoDraw=False, autoLog=True, bold=False, color=array([1., 1., 1.]), colorSpace='rgb', contrast=1.0, depth=0.0, flipHoriz=False, flipVert=False, font='Open Sans', fontFiles=[], height=0.05, italic=False, languageStyle='LTR', name='text', opacity=1.0, ori=0.0, pos=array([0., 0.]), rgb=UNKNOWN, text=str(...), units='height', win=Window(...), wrapWidth=1)
13.6751 	EXP 	Created text_3 = TextStim(__class__=<class 'psychopy.visual.text.TextStim'>, alignHoriz=method-wrapper(...), alignText='center', alignVert=method-wrapper(...), anchorHoriz='center', anchorVert='center', antialias=True, autoDraw=False, autoLog=True, bold=False, color=array([1., 1., 1.]), colorSpace='rgb', contrast=1.0, depth=0.0, flipHoriz=False, flipVert=False, font='Open Sans', fontFiles=[], height=0.05, italic=False, languageStyle='LTR', name='text_3', opacity=1.0, ori=0.0, pos=array([0., 0.]), rgb=UNKNOWN, text='', units='height', win=Window(...), wrapWidth=1)
13.6804 	EXP 	Created text_6 = TextStim(__class__=<class 'psychopy.visual.text.TextStim'>, alignHoriz=method-wrapper(...), alignText='center', alignVert=method-wrapper(...), anchorHoriz='center', anchorVert='center', antialias=True, autoDraw=False, autoLog=True, bold=False, color=array([1., 1., 1.]), colorSpace='rgb', contrast=1.0, depth=-1.0, flipHoriz=False, flipVert=False, font='Open Sans', fontFiles=[], height=0.05, italic=False, languageStyle='LTR', name='text_6', opacity=1.0, ori=0.0, pos=array([ 0. , -0.3]), rgb=UNKNOWN, text=str(...), units='height', win=Window(...), wrapWidth=1)
13.6846 	EXP 	Created text_7 = TextStim(__class__=<class 'psychopy.visual.text.TextStim'>, alignHoriz=method-wrapper(...), alignText='center', alignVert=method-wrapper(...), anchorHoriz='center', anchorVert='center', antialias=True, autoDraw=False, autoLog=True, bold=False, color=array([1., 1., 1.]), colorSpace='rgb', contrast=1.0, depth=0.0, flipHoriz=False, flipVert=False, font='Open Sans', fontFiles=[], height=0.05, italic=False, languageStyle='LTR', name='text_7', opacity=1.0, ori=0.0, pos=array([0., 0.]), rgb=UNKNOWN, text=str(...), units='height', win=Window(...), wrapWidth=1)
13.6890 	EXP 	Created text_8 = TextStim(__class__=<class 'psychopy.visual.text.TextStim'>, alignHoriz=method-wrapper(...), alignText='center', alignVert=method-wrapper(...), anchorHoriz='center', anchorVert='center', antialias=True, autoDraw=False, autoLog=True, bold=False, color=array([1., 1., 1.]), colorSpace='rgb', contrast=1.0, depth=-1.0, flipHoriz=False, flipVert=False, font='Open Sans', fontFiles=[], height=0.05, italic=False, languageStyle='LTR', name='text_8', opacity=1.0, ori=0.0, pos=array([ 0. , -0.3]), rgb=UNKNOWN, text='You have 15 more seconds.', units='height', win=Window(...), wrapWidth=1)
13.6905 	EXP 	Created end_discuss = TextStim(__class__=<class 'psychopy.visual.text.TextStim'>, alignHoriz=method-wrapper(...), alignText='center', alignVert=method-wrapper(...), anchorHoriz='center', anchorVert='center', antialias=True, autoDraw=False, autoLog=True, bold=False, color=array([1., 1., 1.]), colorSpace='rgb', contrast=1.0, depth=-2.0, flipHoriz=False, flipVert=False, font='Open Sans', fontFiles=[], height=0.05, italic=False, languageStyle='LTR', name='end_discuss', opacity=1.0, ori=0.0, pos=array([0., 0.]), rgb=UNKNOWN, text='', units='height', win=Window(...), wrapWidth=1)
13.6966 	EXP 	Created rest_text = TextStim(__class__=<class 'psychopy.visual.text.TextStim'>, alignHoriz=method-wrapper(...), alignText='center', alignVert=method-wrapper(...), anchorHoriz='center', anchorVert='center', antialias=True, autoDraw=False, autoLog=True, bold=False, color=array([1., 1., 1.]), colorSpace='rgb', contrast=1.0, depth=0.0, flipHoriz=False, flipVert=False, font='Open Sans', fontFiles=[], height=0.05, italic=False, languageStyle='LTR', name='rest_text', opacity=1.0, ori=0.0, pos=array([0., 0.]), rgb=UNKNOWN, text=str(...), units='height', win=Window(...), wrapWidth=1)
13.7025 	EXP 	Created text_5 = TextStim(__class__=<class 'psychopy.visual.text.TextStim'>, alignHoriz=method-wrapper(...), alignText='center', alignVert=method-wrapper(...), anchorHoriz='center', anchorVert='center', antialias=True, autoDraw=False, autoLog=True, bold=False, color=array([1., 1., 1.]), colorSpace='rgb', contrast=1.0, depth=0.0, flipHoriz=False, flipVert=False, font='Open Sans', fontFiles=[], height=0.05, italic=False, languageStyle='LTR', name='text_5', opacity=1.0, ori=0.0, pos=array([0., 0.]), rgb=UNKNOWN, text=str(...), units='height', win=Window(...), wrapWidth=1)
13.7036 	EXP 	Created main_question = TextStim(__class__=<class 'psychopy.visual.text.TextStim'>, alignHoriz=method-wrapper(...), alignText='center', alignVert=method-wrapper(...), anchorHoriz='center', anchorVert='center', antialias=True, autoDraw=False, autoLog=True, bold=False, color=array([1., 1., 1.]), colorSpace='rgb', contrast=1.0, depth=0.0, flipHoriz=False, flipVert=False, font='Open Sans', fontFiles=[], height=0.05, italic=False, languageStyle='LTR', name='main_question', opacity=1.0, ori=0.0, pos=array([0., 0.]), rgb=UNKNOWN, text='', units='height', win=Window(...), wrapWidth=1)
13.7049 	EXP 	Created text_4 = TextStim(__class__=<class 'psychopy.visual.text.TextStim'>, alignHoriz=method-wrapper(...), alignText='center', alignVert=method-wrapper(...), anchorHoriz='center', anchorVert='center', antialias=True, autoDraw=False, autoLog=True, bold=False, color=array([1., 1., 1.]), colorSpace='rgb', contrast=1.0, depth=0.0, flipHoriz=False, flipVert=False, font='Open Sans', fontFiles=[], height=0.05, italic=False, languageStyle='LTR', name='text_4', opacity=1.0, ori=0.0, pos=array([0., 0.]), rgb=UNKNOWN, text='', units='height', win=Window(...), wrapWidth=1)
13.7099 	EXP 	Created text_10 = TextStim(__class__=<class 'psychopy.visual.text.TextStim'>, alignHoriz=method-wrapper(...), alignText='center', alignVert=method-wrapper(...), anchorHoriz='center', anchorVert='center', antialias=True, autoDraw=False, autoLog=True, bold=False, color=array([1., 1., 1.]), colorSpace='rgb', contrast=1.0, depth=-1.0, flipHoriz=False, flipVert=False, font='Open Sans', fontFiles=[], height=0.05, italic=False, languageStyle='LTR', name='text_10', opacity=1.0, ori=0.0, pos=array([0., 0.]), rgb=UNKNOWN, text=str(...), units='height', win=Window(...), wrapWidth=1)
13.7145 	EXP 	Created text_7 = TextStim(__class__=<class 'psychopy.visual.text.TextStim'>, alignHoriz=method-wrapper(...), alignText='center', alignVert=method-wrapper(...), anchorHoriz='center', anchorVert='center', antialias=True, autoDraw=False, autoLog=True, bold=False, color=array([1., 1., 1.]), colorSpace='rgb', contrast=1.0, depth=0.0, flipHoriz=False, flipVert=False, font='Open Sans', fontFiles=[], height=0.05, italic=False, languageStyle='LTR', name='text_7', opacity=1.0, ori=0.0, pos=array([0., 0.]), rgb=UNKNOWN, text=str(...), units='height', win=Window(...), wrapWidth=1)
13.7180 	EXP 	Created text_8 = TextStim(__class__=<class 'psychopy.visual.text.TextStim'>, alignHoriz=method-wrapper(...), alignText='center', alignVert=method-wrapper(...), anchorHoriz='center', anchorVert='center', antialias=True, autoDraw=False, autoLog=True, bold=False, color=array([1., 1., 1.]), colorSpace='rgb', contrast=1.0, depth=-1.0, flipHoriz=False, flipVert=False, font='Open Sans', fontFiles=[], height=0.05, italic=False, languageStyle='LTR', name='text_8', opacity=1.0, ori=0.0, pos=array([ 0. , -0.3]), rgb=UNKNOWN, text='You have 15 more seconds.', units='height', win=Window(...), wrapWidth=1)
13.7196 	EXP 	Created end_discuss = TextStim(__class__=<class 'psychopy.visual.text.TextStim'>, alignHoriz=method-wrapper(...), alignText='center', alignVert=method-wrapper(...), anchorHoriz='center', anchorVert='center', antialias=True, autoDraw=False, autoLog=True, bold=False, color=array([1., 1., 1.]), colorSpace='rgb', contrast=1.0, depth=-2.0, flipHoriz=False, flipVert=False, font='Open Sans', fontFiles=[], height=0.05, italic=False, languageStyle='LTR', name='end_discuss', opacity=1.0, ori=0.0, pos=array([0., 0.]), rgb=UNKNOWN, text='', units='height', win=Window(...), wrapWidth=1)
13.7242 	EXP 	Created rest_text = TextStim(__class__=<class 'psychopy.visual.text.TextStim'>, alignHoriz=method-wrapper(...), alignText='center', alignVert=method-wrapper(...), anchorHoriz='center', anchorVert='center', antialias=True, autoDraw=False, autoLog=True, bold=False, color=array([1., 1., 1.]), colorSpace='rgb', contrast=1.0, depth=0.0, flipHoriz=False, flipVert=False, font='Open Sans', fontFiles=[], height=0.05, italic=False, languageStyle='LTR', name='rest_text', opacity=1.0, ori=0.0, pos=array([0., 0.]), rgb=UNKNOWN, text=str(...), units='height', win=Window(...), wrapWidth=1)
13.7284 	EXP 	Created text_5 = TextStim(__class__=<class 'psychopy.visual.text.TextStim'>, alignHoriz=method-wrapper(...), alignText='center', alignVert=method-wrapper(...), anchorHoriz='center', anchorVert='center', antialias=True, autoDraw=False, autoLog=True, bold=False, color=array([1., 1., 1.]), colorSpace='rgb', contrast=1.0, depth=0.0, flipHoriz=False, flipVert=False, font='Open Sans', fontFiles=[], height=0.05, italic=False, languageStyle='LTR', name='text_5', opacity=1.0, ori=0.0, pos=array([0., 0.]), rgb=UNKNOWN, text=str(...), units='height', win=Window(...), wrapWidth=1)
13.7336 	EXP 	Created text_13 = TextStim(__class__=<class 'psychopy.visual.text.TextStim'>, alignHoriz=method-wrapper(...), alignText='center', alignVert=method-wrapper(...), anchorHoriz='center', anchorVert='center', antialias=True, autoDraw=False, autoLog=True, bold=False, color=array([1., 1., 1.]), colorSpace='rgb', contrast=1.0, depth=0.0, flipHoriz=False, flipVert=False, font='Open Sans', fontFiles=[], height=0.05, italic=False, languageStyle='LTR', name='text_13', opacity=1.0, ori=0.0, pos=array([0., 0.]), rgb=UNKNOWN, text=str(...), units='height', win=Window(...), wrapWidth=1)
13.7376 	EXP 	Created text_14 = TextStim(__class__=<class 'psychopy.visual.text.TextStim'>, alignHoriz=method-wrapper(...), alignText='center', alignVert=method-wrapper(...), anchorHoriz='center', anchorVert='center', antialias=True, autoDraw=False, autoLog=True, bold=False, color=array([1., 1., 1.]), colorSpace='rgb', contrast=1.0, depth=-1.0, flipHoriz=False, flipVert=False, font='Open Sans', fontFiles=[], height=0.05, italic=False, languageStyle='LTR', name='text_14', opacity=1.0, ori=0.0, pos=array([0., 0.]), rgb=UNKNOWN, text=str(...), units='height', win=Window(...), wrapWidth=1)
13.7388 	EXP 	Created text_11 = TextStim(__class__=<class 'psychopy.visual.text.TextStim'>, alignHoriz=method-wrapper(...), alignText='center', alignVert=method-wrapper(...), anchorHoriz='center', anchorVert='center', antialias=True, autoDraw=False, autoLog=True, bold=False, color=array([1., 1., 1.]), colorSpace='rgb', contrast=1.0, depth=0.0, flipHoriz=False, flipVert=False, font='Open Sans', fontFiles=[], height=0.05, italic=False, languageStyle='LTR', name='text_11', opacity=1.0, ori=0.0, pos=array([0., 0.]), rgb=UNKNOWN, text='', units='height', win=Window(...), wrapWidth=1)
13.7428 	EXP 	Created text_12 = TextStim(__class__=<class 'psychopy.visual.text.TextStim'>, alignHoriz=method-wrapper(...), alignText='center', alignVert=method-wrapper(...), anchorHoriz='center', anchorVert='center', antialias=True, autoDraw=False, autoLog=True, bold=False, color=array([1., 1., 1.]), colorSpace='rgb', contrast=1.0, depth=-1.0, flipHoriz=False, flipVert=False, font='Open Sans', fontFiles=[], height=0.05, italic=False, languageStyle='LTR', name='text_12', opacity=1.0, ori=0.0, pos=array([0., 0.]), rgb=UNKNOWN, text=str(...), units='height', win=Window(...), wrapWidth=1)
13.7467 	EXP 	Created text_7 = TextStim(__class__=<class 'psychopy.visual.text.TextStim'>, alignHoriz=method-wrapper(...), alignText='center', alignVert=method-wrapper(...), anchorHoriz='center', anchorVert='center', antialias=True, autoDraw=False, autoLog=True, bold=False, color=array([1., 1., 1.]), colorSpace='rgb', contrast=1.0, depth=0.0, flipHoriz=False, flipVert=False, font='Open Sans', fontFiles=[], height=0.05, italic=False, languageStyle='LTR', name='text_7', opacity=1.0, ori=0.0, pos=array([0., 0.]), rgb=UNKNOWN, text=str(...), units='height', win=Window(...), wrapWidth=1)
13.7499 	EXP 	Created text_8 = TextStim(__class__=<class 'psychopy.visual.text.TextStim'>, alignHoriz=method-wrapper(...), alignText='center', alignVert=method-wrapper(...), anchorHoriz='center', anchorVert='center', antialias=True, autoDraw=False, autoLog=True, bold=False, color=array([1., 1., 1.]), colorSpace='rgb', contrast=1.0, depth=-1.0, flipHoriz=False, flipVert=False, font='Open Sans', fontFiles=[], height=0.05, italic=False, languageStyle='LTR', name='text_8', opacity=1.0, ori=0.0, pos=array([ 0. , -0.3]), rgb=UNKNOWN, text='You have 15 more seconds.', units='height', win=Window(...), wrapWidth=1)
13.7514 	EXP 	Created end_discuss = TextStim(__class__=<class 'psychopy.visual.text.TextStim'>, alignHoriz=method-wrapper(...), alignText='center', alignVert=method-wrapper(...), anchorHoriz='center', anchorVert='center', antialias=True, autoDraw=False, autoLog=True, bold=False, color=array([1., 1., 1.]), colorSpace='rgb', contrast=1.0, depth=-2.0, flipHoriz=False, flipVert=False, font='Open Sans', fontFiles=[], height=0.05, italic=False, languageStyle='LTR', name='end_discuss', opacity=1.0, ori=0.0, pos=array([0., 0.]), rgb=UNKNOWN, text='', units='height', win=Window(...), wrapWidth=1)
13.7557 	EXP 	Created rest_text = TextStim(__class__=<class 'psychopy.visual.text.TextStim'>, alignHoriz=method-wrapper(...), alignText='center', alignVert=method-wrapper(...), anchorHoriz='center', anchorVert='center', antialias=True, autoDraw=False, autoLog=True, bold=False, color=array([1., 1., 1.]), colorSpace='rgb', contrast=1.0, depth=0.0, flipHoriz=False, flipVert=False, font='Open Sans', fontFiles=[], height=0.05, italic=False, languageStyle='LTR', name='rest_text', opacity=1.0, ori=0.0, pos=array([0., 0.]), rgb=UNKNOWN, text=str(...), units='height', win=Window(...), wrapWidth=1)
13.7599 	EXP 	Created text_5 = TextStim(__class__=<class 'psychopy.visual.text.TextStim'>, alignHoriz=method-wrapper(...), alignText='center', alignVert=method-wrapper(...), anchorHoriz='center', anchorVert='center', antialias=True, autoDraw=False, autoLog=True, bold=False, color=array([1., 1., 1.]), colorSpace='rgb', contrast=1.0, depth=0.0, flipHoriz=False, flipVert=False, font='Open Sans', fontFiles=[], height=0.05, italic=False, languageStyle='LTR', name='text_5', opacity=1.0, ori=0.0, pos=array([0., 0.]), rgb=UNKNOWN, text=str(...), units='height', win=Window(...), wrapWidth=1)
13.7641 	EXP 	Created text_9 = TextStim(__class__=<class 'psychopy.visual.text.TextStim'>, alignHoriz=method-wrapper(...), alignText='center', alignVert=method-wrapper(...), anchorHoriz='center', anchorVert='center', antialias=True, autoDraw=False, autoLog=True, bold=False, color=array([1., 1., 1.]), colorSpace='rgb', contrast=1.0, depth=0.0, flipHoriz=False, flipVert=False, font='Open Sans', fontFiles=[], height=0.05, italic=False, languageStyle='LTR', name='text_9', opacity=1.0, ori=0.0, pos=array([0., 0.]), rgb=UNKNOWN, text="You're all done. Thank you for your time!", units='height', win=Window(...), wrapWidth=1)
13.7954 	EXP 	text_2: autoDraw = True
14.4084 	DATA 	Keypress: space
14.4172 	EXP 	text_2: autoDraw = False
14.4172 	EXP 	text: autoDraw = True
15.1371 	EXP 	Imported main_stims.xlsx as conditions, 3 conditions, 6 params
15.1378 	EXP 	Created sequence: random, trialTypes=3, nReps=1, seed=None
15.1381 	EXP 	New trial (rep=0, index=0): {'main_questions': 'What do you hope never changes?', 'main_responses': 'I love my friend group here and hope that I always keep in touch with them I guess. Do you have anything?', 'inflam_questions': 'Should there be such a large wealth disparity in our country?', 'inflam_responses': 'I believe that the people who made their fortunes in an honest way deserve to do what they want with it. How do you feel about it?', 'practice_questions': 'Would you say you are an introvert or an extrovert?', 'practice_response': 'Somewhere in the middle I guess. I like spending time with people but after awhile it stresses me out. How about you?'}
15.1500 	DATA 	Keypress: space
15.1581 	EXP 	text: autoDraw = False
15.1581 	EXP 	text_3: height = 0.05
15.1581 	EXP 	text_3: height = 0.05
15.1581 	EXP 	text_3: height = 0.05
15.1581 	EXP 	text_3: text = 'Would you say you are an introvert or an extrovert?'
15.1581 	EXP 	text_3: autoDraw = True
15.8950 	DATA 	Keypress: q
16.3808 	DATA 	Keypress: space
16.3903 	EXP 	text_3: autoDraw = False
16.3903 	EXP 	text_6: autoDraw = False
16.3903 	EXP 	text_7: autoDraw = True
16.8287 	DATA 	Keypress: space
17.3011 	DATA 	Keypress: q
17.3096 	EXP 	text_7: autoDraw = False
17.3096 	EXP 	text_8: autoDraw = False
17.3096 	EXP 	end_discuss: autoDraw = False
17.3096 	EXP 	rest_text: autoDraw = True
17.9301 	DATA 	Keypress: q
17.9402 	EXP 	rest_text: autoDraw = False
17.9402 	EXP 	text_5: autoDraw = True
18.8257 	EXP 	New trial (rep=0, index=1): {'main_questions': 'What was the best vacation you’ve ever taken?', 'main_responses': "Oh man…that's hard. I guess this one time my family and I went to Yellowstone and rented a cabin. That was pretty awesome. Wbu?", 'inflam_questions': 'Who do you think should have won the 2020 elections?', 'inflam_responses': "I honestly don't know. None of the canidates seemed that good tbh. What do you think?", 'practice_questions': 'What causes are you passionate about?', 'practice_response': "I really care about the planet…I know that sounds very basic but I really do think it deserves more attention. Do you have a cause you're passionate about?"}
18.8333 	DATA 	Keypress: space
18.8423 	EXP 	text_5: autoDraw = False
18.8423 	EXP 	text_3: height = 0.05
18.8423 	EXP 	text_3: height = 0.05
18.8423 	EXP 	text_3: height = 0.05
18.8423 	EXP 	text_3: text = 'What causes are you passionate about?'
18.8423 	EXP 	text_3: autoDraw = True
20.3966 	DATA 	Keypress: space
20.4069 	EXP 	text_3: autoDraw = False
20.4069 	EXP 	text_6: autoDraw = False
20.4069 	EXP 	text_7: autoDraw = True
21.1474 	DATA 	Keypress: q
21.1567 	EXP 	text_7: autoDraw = False
21.1567 	EXP 	text_8: autoDraw = False
21.1567 	EXP 	end_discuss: autoDraw = False
21.1567 	EXP 	rest_text: autoDraw = True
21.5788 	DATA 	Keypress: q
21.5902 	EXP 	rest_text: autoDraw = False
21.5902 	EXP 	text_5: autoDraw = True
22.2588 	EXP 	New trial (rep=0, index=2): {'main_questions': 'What quirks do you have?', 'main_responses': "Haha, I guess I never walk under a ladder. I don't know why I just don't. Do you have any weird things you?", 'inflam_questions': 'Do you think religion should or should not be integrated into education?', 'inflam_responses': 'I think it should. I think a lot of people could benefit from having a role model in their life and something to lean on. Do you have an opinion on that?', 'practice_questions': 'Do you have any pet peeves?', 'practice_response': 'Yes! Dishes in the sink are SO triggering! Do you have anything that annoys you like that?'}
22.2675 	DATA 	Keypress: space
22.2757 	EXP 	text_5: autoDraw = False
22.2757 	EXP 	text_3: height = 0.05
22.2757 	EXP 	text_3: height = 0.05
22.2757 	EXP 	text_3: height = 0.05
22.2757 	EXP 	text_3: text = 'Do you have any pet peeves?'
22.2757 	EXP 	text_3: autoDraw = True
22.8287 	DATA 	Keypress: q
23.1965 	DATA 	Keypress: space
23.2066 	EXP 	text_3: autoDraw = False
23.2066 	EXP 	text_6: autoDraw = False
23.2066 	EXP 	text_7: autoDraw = True
23.7137 	DATA 	Keypress: q
23.7236 	EXP 	text_7: autoDraw = False
23.7236 	EXP 	text_8: autoDraw = False
23.7236 	EXP 	end_discuss: autoDraw = False
23.7236 	EXP 	rest_text: autoDraw = True
24.0968 	DATA 	Keypress: q
24.1066 	EXP 	rest_text: autoDraw = False
24.1066 	EXP 	text_5: autoDraw = True
24.9562 	DATA 	Keypress: space
24.9643 	EXP 	text_5: autoDraw = False
24.9643 	EXP 	main_question: height = 0.05
24.9643 	EXP 	main_question: height = 0.05
24.9643 	EXP 	main_question: height = 0.05
24.9643 	EXP 	main_question: text = 'Nice Work!\n\nNow that you\'ve had a chance to practice do you have any questions? If not press the "spacebar" and we will get started on the main task.\n'
24.9643 	EXP 	main_question: autoDraw = True
26.1527 	EXP 	Imported main_stims.xlsx as conditions, 3 conditions, 6 params
26.1531 	EXP 	Created sequence: random, trialTypes=3, nReps=1, seed=None
26.1534 	EXP 	New trial (rep=0, index=0): {'main_questions': 'What quirks do you have?', 'main_responses': "Haha, I guess I never walk under a ladder. I don't know why I just don't. Do you have any weird things you?", 'inflam_questions': 'Do you think religion should or should not be integrated into education?', 'inflam_responses': 'I think it should. I think a lot of people could benefit from having a role model in their life and something to lean on. Do you have an opinion on that?', 'practice_questions': 'Do you have any pet peeves?', 'practice_response': 'Yes! Dishes in the sink are SO triggering! Do you have anything that annoys you like that?'}
26.1600 	DATA 	Keypress: space
26.1678 	EXP 	main_question: autoDraw = False
26.1678 	EXP 	text_4: height = 0.05
26.1678 	EXP 	text_4: height = 0.05
26.1678 	EXP 	text_4: height = 0.05
26.1678 	EXP 	text_4: text = 'What quirks do you have?'
26.1678 	EXP 	text_4: autoDraw = True
29.2632 	DATA 	Keypress: space
29.2732 	EXP 	text_4: autoDraw = False
29.2732 	EXP 	text_10: autoDraw = False
29.2732 	EXP 	text_7: autoDraw = True
29.7614 	DATA 	Keypress: space
30.9452 	DATA 	Keypress: q
30.9565 	EXP 	text_7: autoDraw = False
30.9565 	EXP 	text_8: autoDraw = False
30.9565 	EXP 	end_discuss: autoDraw = False
30.9565 	EXP 	rest_text: autoDraw = True
31.5474 	DATA 	Keypress: q
31.5563 	EXP 	rest_text: autoDraw = False
31.5563 	EXP 	text_5: autoDraw = True
32.7083 	EXP 	New trial (rep=0, index=1): {'main_questions': 'What quirks do you have?', 'main_responses': "Haha, I guess I never walk under a ladder. I don't know why I just don't. Do you have any weird things you?", 'inflam_questions': 'Do you think religion should or should not be integrated into education?', 'inflam_responses': 'I think it should. I think a lot of people could benefit from having a role model in their life and something to lean on. Do you have an opinion on that?', 'practice_questions': 'Do you have any pet peeves?', 'practice_response': 'Yes! Dishes in the sink are SO triggering! Do you have anything that annoys you like that?'}
32.7120 	DATA 	Keypress: space
32.7233 	EXP 	text_5: autoDraw = False
32.7233 	EXP 	text_4: text = 'What quirks do you have?'
32.7233 	EXP 	text_4: autoDraw = True
35.5289 	DATA 	Keypress: space
35.5395 	EXP 	text_4: autoDraw = False
35.5395 	EXP 	text_10: autoDraw = False
35.5395 	EXP 	text_7: autoDraw = True
37.9110 	DATA 	Keypress: space
38.4288 	DATA 	Keypress: q
38.4394 	EXP 	text_7: autoDraw = False
38.4394 	EXP 	text_8: autoDraw = False
38.4394 	EXP 	end_discuss: autoDraw = False
38.4394 	EXP 	rest_text: autoDraw = True
39.2289 	DATA 	Keypress: q
39.2393 	EXP 	rest_text: autoDraw = False
39.2393 	EXP 	text_5: autoDraw = True
40.1414 	EXP 	New trial (rep=0, index=2): {'main_questions': 'What do you hope never changes?', 'main_responses': 'I love my friend group here and hope that I always keep in touch with them I guess. Do you have anything?', 'inflam_questions': 'Should there be such a large wealth disparity in our country?', 'inflam_responses': 'I believe that the people who made their fortunes in an honest way deserve to do what they want with it. How do you feel about it?', 'practice_questions': 'Would you say you are an introvert or an extrovert?', 'practice_response': 'Somewhere in the middle I guess. I like spending time with people but after awhile it stresses me out. How about you?'}
40.1494 	DATA 	Keypress: space
40.1585 	EXP 	text_5: autoDraw = False
40.1585 	EXP 	text_4: height = 0.05
40.1585 	EXP 	text_4: height = 0.05
40.1585 	EXP 	text_4: height = 0.05
40.1585 	EXP 	text_4: text = 'What do you hope never changes?'
40.1585 	EXP 	text_4: autoDraw = True
45.1397 	EXP 	text_10: autoDraw = True
50.2601 	DATA 	Keypress: escape
51.2703 	EXP 	window1: mouseVisible = True
