1.0432 	WARNING 	We strongly recommend you activate the PTB sound engine in PsychoPy prefs as the preferred audio engine. Its timing is vastly superior. Your prefs are currently set to use ['sounddevice', 'PTB', 'pyo', 'pygame'] (in that order).
4.9142 	WARNING 	User requested fullscreen with size [1024  768], but screen is actually [1680, 1050]. Using actual size
5.7043 	EXP 	Created window1 = Window(allowGUI=False, allowStencil=False, autoLog=True, backendConf=UNKNOWN, bitsMode=UNKNOWN, blendMode='avg', bpc=(8, 8, 8), color=array([0, 0, 0]), colorSpace='rgb', depthBits=8, fullscr=<method-wrapper '__getattribute__' of attributeSetter object at 0x7fed3dbe25e0>, gamma=None, gammaErrorPolicy='raise', lms=UNKNOWN, monitor=<psychopy.monitors.calibTools.Monitor object at 0x7fed3e1f8ac0>, multiSample=False, name='window1', numSamples=2, pos=[420.0, 262.5], screen=0, size=array([3360, 2100]), stencilBits=0, stereo=False, units='height', useFBO=True, useRetina=True, viewOri=0.0, viewPos=None, viewScale=None, waitBlanking=True, winType='pyglet')
5.7044 	EXP 	window1: mouseVisible = True
5.7044 	EXP 	window1: Attempting to measure frame rate of screen (0) ...
5.7045 	EXP 	window1: recordFrameIntervals = False
5.8711 	EXP 	window1: recordFrameIntervals = True
6.0552 	EXP 	Screen (0) actual frame rate measured at 59.91Hz
6.0552 	EXP 	window1: recordFrameIntervals = False
8.2787 	EXP 	Created text_2 = TextStim(__class__=<class 'psychopy.visual.text.TextStim'>, alignHoriz=method-wrapper(...), alignText='center', alignVert=method-wrapper(...), anchorHoriz='center', anchorVert='center', antialias=True, autoDraw=False, autoLog=True, bold=False, color=array([1., 1., 1.]), colorSpace='rgb', contrast=1.0, depth=0.0, flipHoriz=False, flipVert=False, font='Open Sans', fontFiles=[], height=0.05, italic=False, languageStyle='LTR', name='text_2', opacity=1.0, ori=0.0, pos=array([0., 0.]), rgb=UNKNOWN, text=str(...), units='height', win=Window(...), wrapWidth=1)
8.2834 	EXP 	Created text = TextStim(__class__=<class 'psychopy.visual.text.TextStim'>, alignHoriz=method-wrapper(...), alignText='center', alignVert=method-wrapper(...), anchorHoriz='center', anchorVert='center', antialias=True, autoDraw=False, autoLog=True, bold=False, color=array([1., 1., 1.]), colorSpace='rgb', contrast=1.0, depth=0.0, flipHoriz=False, flipVert=False, font='Open Sans', fontFiles=[], height=0.05, italic=False, languageStyle='LTR', name='text', opacity=1.0, ori=0.0, pos=array([0., 0.]), rgb=UNKNOWN, text=str(...), units='height', win=Window(...), wrapWidth=1)
8.2915 	EXP 	Imported testsurvey.csv as conditions, 4 conditions, 6 params
8.2915 	WARNING 	Form background included field no longer used questionText. Replacing with new name 'itemText'
8.2915 	WARNING 	questionWidth is a deprecated heading for Forms. Use itemWidth instead
8.2915 	WARNING 	questionWidth is a deprecated heading for Forms. Use itemWidth instead
8.2915 	WARNING 	questionWidth is a deprecated heading for Forms. Use itemWidth instead
8.2916 	WARNING 	questionWidth is a deprecated heading for Forms. Use itemWidth instead
8.2924 	EXP 	Question text: Are you alone?
8.3293 	EXP 	window1: mouseVisible = True
8.3801 	EXP 	Question text: What is your gender?
8.3925 	EXP 	window1: mouseVisible = True
8.4253 	EXP 	Question text: How old are you?
8.4362 	EXP 	Question text: What year of school are you in?
8.4438 	EXP 	window1: mouseVisible = True
8.4888 	EXP 	window1: mouseVisible = True
8.5197 	EXP 	Created background = <psychopy.visual.form.Form object at 0x7fed3dffd580>
8.5208 	EXP 	Created text_3 = TextStim(__class__=<class 'psychopy.visual.text.TextStim'>, alignHoriz=method-wrapper(...), alignText='center', alignVert=method-wrapper(...), anchorHoriz='center', anchorVert='center', antialias=True, autoDraw=False, autoLog=True, bold=False, color=array([1., 1., 1.]), colorSpace='rgb', contrast=1.0, depth=0.0, flipHoriz=False, flipVert=False, font='Open Sans', fontFiles=[], height=0.05, italic=False, languageStyle='LTR', name='text_3', opacity=1.0, ori=0.0, pos=array([0., 0.]), rgb=UNKNOWN, text='', units='height', win=Window(...), wrapWidth=1)
8.5269 	EXP 	Created text_6 = TextStim(__class__=<class 'psychopy.visual.text.TextStim'>, alignHoriz=method-wrapper(...), alignText='center', alignVert=method-wrapper(...), anchorHoriz='center', anchorVert='center', antialias=True, autoDraw=False, autoLog=True, bold=False, color=array([1., 1., 1.]), colorSpace='rgb', contrast=1.0, depth=-1.0, flipHoriz=False, flipVert=False, font='Open Sans', fontFiles=[], height=0.05, italic=False, languageStyle='LTR', name='text_6', opacity=1.0, ori=0.0, pos=array([ 0. , -0.3]), rgb=UNKNOWN, text=str(...), units='height', win=Window(...), wrapWidth=1)
8.5313 	EXP 	Created text_7 = TextStim(__class__=<class 'psychopy.visual.text.TextStim'>, alignHoriz=method-wrapper(...), alignText='center', alignVert=method-wrapper(...), anchorHoriz='center', anchorVert='center', antialias=True, autoDraw=False, autoLog=True, bold=False, color=array([1., 1., 1.]), colorSpace='rgb', contrast=1.0, depth=0.0, flipHoriz=False, flipVert=False, font='Open Sans', fontFiles=[], height=0.05, italic=False, languageStyle='LTR', name='text_7', opacity=1.0, ori=0.0, pos=array([0., 0.]), rgb=UNKNOWN, text=str(...), units='height', win=Window(...), wrapWidth=1)
8.5358 	EXP 	Created text_8 = TextStim(__class__=<class 'psychopy.visual.text.TextStim'>, alignHoriz=method-wrapper(...), alignText='center', alignVert=method-wrapper(...), anchorHoriz='center', anchorVert='center', antialias=True, autoDraw=False, autoLog=True, bold=False, color=array([1., 1., 1.]), colorSpace='rgb', contrast=1.0, depth=-1.0, flipHoriz=False, flipVert=False, font='Open Sans', fontFiles=[], height=0.05, italic=False, languageStyle='LTR', name='text_8', opacity=1.0, ori=0.0, pos=array([ 0. , -0.3]), rgb=UNKNOWN, text='You have 15 more seconds.', units='height', win=Window(...), wrapWidth=1)
8.5372 	EXP 	Created end_discuss = TextStim(__class__=<class 'psychopy.visual.text.TextStim'>, alignHoriz=method-wrapper(...), alignText='center', alignVert=method-wrapper(...), anchorHoriz='center', anchorVert='center', antialias=True, autoDraw=False, autoLog=True, bold=False, color=array([1., 1., 1.]), colorSpace='rgb', contrast=1.0, depth=-2.0, flipHoriz=False, flipVert=False, font='Open Sans', fontFiles=[], height=0.05, italic=False, languageStyle='LTR', name='end_discuss', opacity=1.0, ori=0.0, pos=array([0., 0.]), rgb=UNKNOWN, text='', units='height', win=Window(...), wrapWidth=1)
8.5432 	EXP 	Created rest_text = TextStim(__class__=<class 'psychopy.visual.text.TextStim'>, alignHoriz=method-wrapper(...), alignText='center', alignVert=method-wrapper(...), anchorHoriz='center', anchorVert='center', antialias=True, autoDraw=False, autoLog=True, bold=False, color=array([1., 1., 1.]), colorSpace='rgb', contrast=1.0, depth=0.0, flipHoriz=False, flipVert=False, font='Open Sans', fontFiles=[], height=0.05, italic=False, languageStyle='LTR', name='rest_text', opacity=1.0, ori=0.0, pos=array([0., 0.]), rgb=UNKNOWN, text=str(...), units='height', win=Window(...), wrapWidth=1)
8.5473 	EXP 	Created text_5 = TextStim(__class__=<class 'psychopy.visual.text.TextStim'>, alignHoriz=method-wrapper(...), alignText='center', alignVert=method-wrapper(...), anchorHoriz='center', anchorVert='center', antialias=True, autoDraw=False, autoLog=True, bold=False, color=array([1., 1., 1.]), colorSpace='rgb', contrast=1.0, depth=0.0, flipHoriz=False, flipVert=False, font='Open Sans', fontFiles=[], height=0.05, italic=False, languageStyle='LTR', name='text_5', opacity=1.0, ori=0.0, pos=array([0., 0.]), rgb=UNKNOWN, text=str(...), units='height', win=Window(...), wrapWidth=1)
8.5485 	EXP 	Created main_question = TextStim(__class__=<class 'psychopy.visual.text.TextStim'>, alignHoriz=method-wrapper(...), alignText='center', alignVert=method-wrapper(...), anchorHoriz='center', anchorVert='center', antialias=True, autoDraw=False, autoLog=True, bold=False, color=array([1., 1., 1.]), colorSpace='rgb', contrast=1.0, depth=0.0, flipHoriz=False, flipVert=False, font='Open Sans', fontFiles=[], height=0.05, italic=False, languageStyle='LTR', name='main_question', opacity=1.0, ori=0.0, pos=array([0., 0.]), rgb=UNKNOWN, text='', units='height', win=Window(...), wrapWidth=1)
8.5496 	EXP 	Created text_4 = TextStim(__class__=<class 'psychopy.visual.text.TextStim'>, alignHoriz=method-wrapper(...), alignText='center', alignVert=method-wrapper(...), anchorHoriz='center', anchorVert='center', antialias=True, autoDraw=False, autoLog=True, bold=False, color=array([1., 1., 1.]), colorSpace='rgb', contrast=1.0, depth=0.0, flipHoriz=False, flipVert=False, font='Open Sans', fontFiles=[], height=0.05, italic=False, languageStyle='LTR', name='text_4', opacity=1.0, ori=0.0, pos=array([0., 0.]), rgb=UNKNOWN, text='', units='height', win=Window(...), wrapWidth=1)
8.5537 	EXP 	Created text_10 = TextStim(__class__=<class 'psychopy.visual.text.TextStim'>, alignHoriz=method-wrapper(...), alignText='center', alignVert=method-wrapper(...), anchorHoriz='center', anchorVert='center', antialias=True, autoDraw=False, autoLog=True, bold=False, color=array([1., 1., 1.]), colorSpace='rgb', contrast=1.0, depth=-1.0, flipHoriz=False, flipVert=False, font='Open Sans', fontFiles=[], height=0.05, italic=False, languageStyle='LTR', name='text_10', opacity=1.0, ori=0.0, pos=array([0., 0.]), rgb=UNKNOWN, text=str(...), units='height', win=Window(...), wrapWidth=1)
8.5576 	EXP 	Created text_7 = TextStim(__class__=<class 'psychopy.visual.text.TextStim'>, alignHoriz=method-wrapper(...), alignText='center', alignVert=method-wrapper(...), anchorHoriz='center', anchorVert='center', antialias=True, autoDraw=False, autoLog=True, bold=False, color=array([1., 1., 1.]), colorSpace='rgb', contrast=1.0, depth=0.0, flipHoriz=False, flipVert=False, font='Open Sans', fontFiles=[], height=0.05, italic=False, languageStyle='LTR', name='text_7', opacity=1.0, ori=0.0, pos=array([0., 0.]), rgb=UNKNOWN, text=str(...), units='height', win=Window(...), wrapWidth=1)
8.5607 	EXP 	Created text_8 = TextStim(__class__=<class 'psychopy.visual.text.TextStim'>, alignHoriz=method-wrapper(...), alignText='center', alignVert=method-wrapper(...), anchorHoriz='center', anchorVert='center', antialias=True, autoDraw=False, autoLog=True, bold=False, color=array([1., 1., 1.]), colorSpace='rgb', contrast=1.0, depth=-1.0, flipHoriz=False, flipVert=False, font='Open Sans', fontFiles=[], height=0.05, italic=False, languageStyle='LTR', name='text_8', opacity=1.0, ori=0.0, pos=array([ 0. , -0.3]), rgb=UNKNOWN, text='You have 15 more seconds.', units='height', win=Window(...), wrapWidth=1)
8.5623 	EXP 	Created end_discuss = TextStim(__class__=<class 'psychopy.visual.text.TextStim'>, alignHoriz=method-wrapper(...), alignText='center', alignVert=method-wrapper(...), anchorHoriz='center', anchorVert='center', antialias=True, autoDraw=False, autoLog=True, bold=False, color=array([1., 1., 1.]), colorSpace='rgb', contrast=1.0, depth=-2.0, flipHoriz=False, flipVert=False, font='Open Sans', fontFiles=[], height=0.05, italic=False, languageStyle='LTR', name='end_discuss', opacity=1.0, ori=0.0, pos=array([0., 0.]), rgb=UNKNOWN, text='', units='height', win=Window(...), wrapWidth=1)
8.5664 	EXP 	Created rest_text = TextStim(__class__=<class 'psychopy.visual.text.TextStim'>, alignHoriz=method-wrapper(...), alignText='center', alignVert=method-wrapper(...), anchorHoriz='center', anchorVert='center', antialias=True, autoDraw=False, autoLog=True, bold=False, color=array([1., 1., 1.]), colorSpace='rgb', contrast=1.0, depth=0.0, flipHoriz=False, flipVert=False, font='Open Sans', fontFiles=[], height=0.05, italic=False, languageStyle='LTR', name='rest_text', opacity=1.0, ori=0.0, pos=array([0., 0.]), rgb=UNKNOWN, text=str(...), units='height', win=Window(...), wrapWidth=1)
8.5706 	EXP 	Created text_5 = TextStim(__class__=<class 'psychopy.visual.text.TextStim'>, alignHoriz=method-wrapper(...), alignText='center', alignVert=method-wrapper(...), anchorHoriz='center', anchorVert='center', antialias=True, autoDraw=False, autoLog=True, bold=False, color=array([1., 1., 1.]), colorSpace='rgb', contrast=1.0, depth=0.0, flipHoriz=False, flipVert=False, font='Open Sans', fontFiles=[], height=0.05, italic=False, languageStyle='LTR', name='text_5', opacity=1.0, ori=0.0, pos=array([0., 0.]), rgb=UNKNOWN, text=str(...), units='height', win=Window(...), wrapWidth=1)
8.5748 	EXP 	Created text_9 = TextStim(__class__=<class 'psychopy.visual.text.TextStim'>, alignHoriz=method-wrapper(...), alignText='center', alignVert=method-wrapper(...), anchorHoriz='center', anchorVert='center', antialias=True, autoDraw=False, autoLog=True, bold=False, color=array([1., 1., 1.]), colorSpace='rgb', contrast=1.0, depth=0.0, flipHoriz=False, flipVert=False, font='Open Sans', fontFiles=[], height=0.05, italic=False, languageStyle='LTR', name='text_9', opacity=1.0, ori=0.0, pos=array([0., 0.]), rgb=UNKNOWN, text="You're all done. Thank you for your time!", units='height', win=Window(...), wrapWidth=1)
8.6010 	EXP 	unnamed Form: autoLog = True
8.6010 	EXP 	background: name = 'background'
8.6010 	EXP 	background: depth = 0
8.6010 	EXP 	text_2: autoDraw = True
11.4251 	DATA 	Keypress: space
11.5987 	EXP 	text_2: autoDraw = False
11.5987 	EXP 	text: autoDraw = True
11.5987 	EXP 	background: autoDraw = True
14.5919 	DATA 	Mouse: wheel shift=(0,0), pos=(901,489)
14.7290 	DATA 	Mouse: wheel shift=(0,0), pos=(902,489)
14.8754 	DATA 	Mouse: wheel shift=(0,0), pos=(903,488)
14.9330 	DATA 	Mouse: wheel shift=(0,0), pos=(903,488)
14.9840 	DATA 	Mouse: wheel shift=(0,0), pos=(903,488)
14.9935 	DATA 	Mouse: wheel shift=(0,-1), pos=(903,488)
15.0206 	DATA 	Mouse: wheel shift=(0,-1), pos=(903,488)
15.3794 	DATA 	Mouse: wheel shift=(0,0), pos=(906,490)
15.4298 	DATA 	Mouse: wheel shift=(0,0), pos=(906,490)
15.4901 	DATA 	Mouse: wheel shift=(0,0), pos=(906,490)
15.5591 	DATA 	Mouse: wheel shift=(0,-1), pos=(906,490)
16.0829 	DATA 	Mouse: wheel shift=(0,0), pos=(906,490)
16.1110 	DATA 	Mouse: wheel shift=(0,0), pos=(906,490)
16.1474 	DATA 	Mouse: wheel shift=(0,-1), pos=(906,490)
16.1719 	DATA 	Mouse: wheel shift=(0,-1), pos=(906,490)
16.2287 	DATA 	Mouse: wheel shift=(0,-1), pos=(906,489)
16.2633 	DATA 	Mouse: wheel shift=(0,-2), pos=(906,489)
17.3666 	DATA 	Mouse: wheel shift=(0,0), pos=(908,490)
17.5224 	DATA 	Mouse: wheel shift=(0,0), pos=(908,490)
17.6614 	DATA 	Mouse: wheel shift=(0,0), pos=(908,490)
17.7441 	DATA 	Mouse: wheel shift=(0,0), pos=(908,490)
18.7380 	DATA 	Mouse: wheel shift=(0,0), pos=(908,491)
18.9125 	DATA 	Mouse: wheel shift=(0,0), pos=(908,491)
19.0431 	DATA 	Mouse: wheel shift=(0,0), pos=(908,491)
19.0675 	DATA 	Mouse: wheel shift=(0,0), pos=(908,491)
19.1312 	DATA 	Mouse: wheel shift=(0,0), pos=(908,491)
19.2044 	DATA 	Mouse: wheel shift=(0,-1), pos=(908,491)
20.1104 	DATA 	Mouse: wheel shift=(0,0), pos=(903,599)
25.0231 	DATA 	Mouse: wheel shift=(0,0), pos=(388,287)
25.0747 	DATA 	Mouse: wheel shift=(0,0), pos=(389,288)
25.1362 	DATA 	Mouse: wheel shift=(0,-1), pos=(391,290)
25.1473 	DATA 	Mouse: wheel shift=(0,-1), pos=(392,291)
25.1943 	DATA 	Mouse: wheel shift=(0,-1), pos=(392,293)
25.5672 	DATA 	Mouse: wheel shift=(0,0), pos=(578,362)
25.5986 	DATA 	Mouse: wheel shift=(0,0), pos=(579,362)
25.5992 	DATA 	Mouse: wheel shift=(0,1), pos=(579,362)
25.6343 	DATA 	Mouse: wheel shift=(0,1), pos=(579,362)
25.6548 	DATA 	Mouse: wheel shift=(0,2), pos=(579,362)
25.6788 	DATA 	Mouse: wheel shift=(0,2), pos=(579,362)
25.7468 	DATA 	Mouse: wheel shift=(0,2), pos=(581,360)
25.8234 	DATA 	Mouse: wheel shift=(0,2), pos=(581,360)
25.9216 	DATA 	Mouse: wheel shift=(0,2), pos=(581,360)
27.1552 	DATA 	Mouse: Left button down, pos=(477,440)
27.2393 	DATA 	Mouse:  Left button up, pos=(478,440)
27.5448 	DATA 	Mouse: Left button down, pos=(479,449)
27.6507 	DATA 	Mouse:  Left button up, pos=(479,449)
28.8642 	DATA 	Mouse: Left button down, pos=(664,763)
28.9383 	DATA 	Mouse:  Left button up, pos=(664,763)
33.0761 	DATA 	Mouse: Left button down, pos=(183,788)
33.1436 	DATA 	Mouse:  Left button up, pos=(183,788)
33.5564 	DATA 	Keypress: escape
34.3942 	EXP 	window1: mouseVisible = True
